e:\visual_studio_2013_workingspace\second hierarchy dll\cudamovingtargetindicator\cudamovingtargetindicator\x64\debug\cudamovingtargetindicator.pch
e:\visual_studio_2013_workingspace\second hierarchy dll\cudamovingtargetindicator\cudamovingtargetindicator\x64\debug\vc120.pdb
e:\visual_studio_2013_workingspace\second hierarchy dll\cudamovingtargetindicator\cudamovingtargetindicator\x64\debug\vc120.idb
e:\visual_studio_2013_workingspace\second hierarchy dll\cudamovingtargetindicator\cudamovingtargetindicator\x64\debug\stdafx.obj
e:\visual_studio_2013_workingspace\second hierarchy dll\cudamovingtargetindicator\cudamovingtargetindicator\x64\debug\cudamovingtargetindicator.obj
e:\visual_studio_2013_workingspace\second hierarchy dll\cudamovingtargetindicator\cudamovingtargetindicator\x64\debug\dllmain.obj
e:\visual_studio_2013_workingspace\second hierarchy dll\cudamovingtargetindicator\x64\debug\cudamovingtargetindicator.lib
e:\visual_studio_2013_workingspace\second hierarchy dll\cudamovingtargetindicator\x64\debug\cudamovingtargetindicator.exp
e:\visual_studio_2013_workingspace\second hierarchy dll\cudamovingtargetindicator\x64\debug\cudamovingtargetindicator.ilk
e:\visual_studio_2013_workingspace\second hierarchy dll\cudamovingtargetindicator\x64\debug\cudamovingtargetindicator.dll
e:\visual_studio_2013_workingspace\second hierarchy dll\cudamovingtargetindicator\x64\debug\cudamovingtargetindicator.pdb
e:\visual_studio_2013_workingspace\second hierarchy dll\cudamovingtargetindicator\cudamovingtargetindicator\x64\debug\cudamovingtargetindicatoralgorithmcore.cu.cache
e:\visual_studio_2013_workingspace\second hierarchy dll\cudamovingtargetindicator\cudamovingtargetindicator\x64\debug\cudamovingtargetindicatoralgorithmcore.cuh.cache
e:\visual_studio_2013_workingspace\second hierarchy dll\cudamovingtargetindicator\cudamovingtargetindicator\x64\debug\cudamovingtargetindicatoralgorithmcore.cu.obj
e:\visual_studio_2013_workingspace\second hierarchy dll\cudamovingtargetindicator\cudamovingtargetindicator\x64\debug\cudamovingtargetindicatoralgorithmcore.cuh.obj
e:\visual_studio_2013_workingspace\second hierarchy dll\cudamovingtargetindicator\cudamovingtargetindicator\x64\debug\cudamovi.b3224628.tlog\cl.command.1.tlog
e:\visual_studio_2013_workingspace\second hierarchy dll\cudamovingtargetindicator\cudamovingtargetindicator\x64\debug\cudamovi.b3224628.tlog\cl.read.1.tlog
e:\visual_studio_2013_workingspace\second hierarchy dll\cudamovingtargetindicator\cudamovingtargetindicator\x64\debug\cudamovi.b3224628.tlog\cl.write.1.tlog
e:\visual_studio_2013_workingspace\second hierarchy dll\cudamovingtargetindicator\cudamovingtargetindicator\x64\debug\cudamovi.b3224628.tlog\cudamovingtargetindicator.write.1u.tlog
e:\visual_studio_2013_workingspace\second hierarchy dll\cudamovingtargetindicator\cudamovingtargetindicator\x64\debug\cudamovi.b3224628.tlog\link.command.1.tlog
e:\visual_studio_2013_workingspace\second hierarchy dll\cudamovingtargetindicator\cudamovingtargetindicator\x64\debug\cudamovi.b3224628.tlog\link.read.1.tlog
e:\visual_studio_2013_workingspace\second hierarchy dll\cudamovingtargetindicator\cudamovingtargetindicator\x64\debug\cudamovi.b3224628.tlog\link.write.1.tlog
