e:\visual_studio_2013_workingspace\second hierarchy dll\cudanoisefrequencymodulationjamming\cudanoisefrequencymodulationjamming\x64\debug\cudanoisefrequencymodulationjamming.pch
e:\visual_studio_2013_workingspace\second hierarchy dll\cudanoisefrequencymodulationjamming\cudanoisefrequencymodulationjamming\x64\debug\vc120.pdb
e:\visual_studio_2013_workingspace\second hierarchy dll\cudanoisefrequencymodulationjamming\cudanoisefrequencymodulationjamming\x64\debug\vc120.idb
e:\visual_studio_2013_workingspace\second hierarchy dll\cudanoisefrequencymodulationjamming\cudanoisefrequencymodulationjamming\x64\debug\stdafx.obj
e:\visual_studio_2013_workingspace\second hierarchy dll\cudanoisefrequencymodulationjamming\cudanoisefrequencymodulationjamming\x64\debug\cudanoisefrequencymodulationjamming.obj
e:\visual_studio_2013_workingspace\second hierarchy dll\cudanoisefrequencymodulationjamming\cudanoisefrequencymodulationjamming\x64\debug\dllmain.obj
e:\visual_studio_2013_workingspace\second hierarchy dll\cudanoisefrequencymodulationjamming\x64\debug\cudanoisefrequencymodulationjamming.lib
e:\visual_studio_2013_workingspace\second hierarchy dll\cudanoisefrequencymodulationjamming\x64\debug\cudanoisefrequencymodulationjamming.exp
e:\visual_studio_2013_workingspace\second hierarchy dll\cudanoisefrequencymodulationjamming\x64\debug\cudanoisefrequencymodulationjamming.ilk
e:\visual_studio_2013_workingspace\second hierarchy dll\cudanoisefrequencymodulationjamming\x64\debug\cudanoisefrequencymodulationjamming.dll
e:\visual_studio_2013_workingspace\second hierarchy dll\cudanoisefrequencymodulationjamming\x64\debug\cudanoisefrequencymodulationjamming.pdb
e:\visual_studio_2013_workingspace\second hierarchy dll\cudanoisefrequencymodulationjamming\cudanoisefrequencymodulationjamming\x64\debug\cudanoisefrequencymodulationjammingalgorithmcore.cu.cache
e:\visual_studio_2013_workingspace\second hierarchy dll\cudanoisefrequencymodulationjamming\cudanoisefrequencymodulationjamming\x64\debug\cudanoisefrequencymodulationjammingalgorithmcore.cuh.cache
e:\visual_studio_2013_workingspace\second hierarchy dll\cudanoisefrequencymodulationjamming\cudanoisefrequencymodulationjamming\x64\debug\cudanoisefrequencymodulationjammingalgorithmcore.cu.obj
e:\visual_studio_2013_workingspace\second hierarchy dll\cudanoisefrequencymodulationjamming\cudanoisefrequencymodulationjamming\x64\debug\cudanoisefrequencymodulationjammingalgorithmcore.cuh.obj
e:\visual_studio_2013_workingspace\second hierarchy dll\cudanoisefrequencymodulationjamming\cudanoisefrequencymodulationjamming\x64\debug\cudanois.926626e3.tlog\cl.command.1.tlog
e:\visual_studio_2013_workingspace\second hierarchy dll\cudanoisefrequencymodulationjamming\cudanoisefrequencymodulationjamming\x64\debug\cudanois.926626e3.tlog\cl.read.1.tlog
e:\visual_studio_2013_workingspace\second hierarchy dll\cudanoisefrequencymodulationjamming\cudanoisefrequencymodulationjamming\x64\debug\cudanois.926626e3.tlog\cl.write.1.tlog
e:\visual_studio_2013_workingspace\second hierarchy dll\cudanoisefrequencymodulationjamming\cudanoisefrequencymodulationjamming\x64\debug\cudanois.926626e3.tlog\cudanoisefrequencymodulationjamming.write.1u.tlog
e:\visual_studio_2013_workingspace\second hierarchy dll\cudanoisefrequencymodulationjamming\cudanoisefrequencymodulationjamming\x64\debug\cudanois.926626e3.tlog\link.command.1.tlog
e:\visual_studio_2013_workingspace\second hierarchy dll\cudanoisefrequencymodulationjamming\cudanoisefrequencymodulationjamming\x64\debug\cudanois.926626e3.tlog\link.read.1.tlog
e:\visual_studio_2013_workingspace\second hierarchy dll\cudanoisefrequencymodulationjamming\cudanoisefrequencymodulationjamming\x64\debug\cudanois.926626e3.tlog\link.write.1.tlog
