生成启动时间为 2022/8/22 15:49:00。
     1>项目“E:\Visual_studio_2013_workingspace\Second hierarchy DLL\CUDANoiseFrequencyModulationJamming\CUDANoiseFrequencyModulationJamming\CUDANoiseFrequencyModulationJamming.vcxproj”在节点 2 上(Rebuild 个目标)。
     1>CudaClean:
         cmd.exe /C "C:\Users\admin\AppData\Local\Temp\tmp0f7cbb33ef9349d2bd444ed545378c4b.cmd"
         "C:\Program Files\NVIDIA GPU Computing Toolkit\CUDA\v9.2\bin\nvcc.exe" -ccbin "D:\Visual_studio_2013\VC\bin\x86_amd64" -x cu  -I"E:\Visual_studio_2013_workingspace\Second hierarchy DLL\CUDANoiseFrequencyModulationJamming\CUDAHeaderFileOfHierarchy1DLL\\" -I"C:\Program Files\NVIDIA GPU Computing Toolkit\CUDA\v9.2\include" -I"C:\Program Files\NVIDIA GPU Computing Toolkit\CUDA\v9.2\include"  -G   --keep-dir x64\Debug -maxrregcount=0  --machine 64 --compile   -g   -DWIN32 -D_DEBUG -D_WINDOWS -D_USRDLL -DCUDANOISEFREQUENCYMODULATIONJAMMING_EXPORTS -D_WINDLL -D_UNICODE -DUNICODE -Xcompiler "/EHsc /W3 /nologo /Od  /FS /Zi /RTC1 /MDd " -o x64\Debug\CUDANoiseFrequencyModulationJammingAlgorithmCore.cu.obj "E:\Visual_studio_2013_workingspace\Second hierarchy DLL\CUDANoiseFrequencyModulationJamming\CUDANoiseFrequencyModulationJammingAlgorithm\CUDANoiseFrequencyModulationJammingAlgorithmCore.cu" -clean
         
         E:\Visual_studio_2013_workingspace\Second hierarchy DLL\CUDANoiseFrequencyModulationJamming\CUDANoiseFrequencyModulationJamming>"C:\Program Files\NVIDIA GPU Computing Toolkit\CUDA\v9.2\bin\nvcc.exe" -ccbin "D:\Visual_studio_2013\VC\bin\x86_amd64" -x cu  -I"E:\Visual_studio_2013_workingspace\Second hierarchy DLL\CUDANoiseFrequencyModulationJamming\CUDAHeaderFileOfHierarchy1DLL\\" -I"C:\Program Files\NVIDIA GPU Computing Toolkit\CUDA\v9.2\include" -I"C:\Program Files\NVIDIA GPU Computing Toolkit\CUDA\v9.2\include"  -G   --keep-dir x64\Debug -maxrregcount=0  --machine 64 --compile   -g   -DWIN32 -D_DEBUG -D_WINDOWS -D_USRDLL -DCUDANOISEFREQUENCYMODULATIONJAMMING_EXPORTS -D_WINDLL -D_UNICODE -DUNICODE -Xcompiler "/EHsc /W3 /nologo /Od  /FS /Zi /RTC1 /MDd " -o x64\Debug\CUDANoiseFrequencyModulationJammingAlgorithmCore.cu.obj "E:\Visual_studio_2013_workingspace\Second hierarchy DLL\CUDANoiseFrequencyModulationJamming\CUDANoiseFrequencyModulationJammingAlgorithm\CUDANoiseFrequencyModulationJammingAlgorithmCore.cu" -clean 
         CUDANoiseFrequencyModulationJammingAlgorithmCore.cu
       AddCudaCompileDeps:
         D:\Visual_studio_2013\VC\bin\x86_amd64\cl.exe /E /nologo /showIncludes /TP /D__CUDACC__ /DWIN32 /D_DEBUG /D_WINDOWS /D_USRDLL /DCUDANOISEFREQUENCYMODULATIONJAMMING_EXPORTS /D_WINDLL /D_UNICODE /DUNICODE /I"E:\Visual_studio_2013_workingspace\Second hierarchy DLL\CUDANoiseFrequencyModulationJamming\CUDAHeaderFileOfHierarchy1DLL\" /I"C:\Program Files\NVIDIA GPU Computing Toolkit\CUDA\v9.2\include" /I"C:\Program Files\NVIDIA GPU Computing Toolkit\CUDA\v9.2\bin" /I"C:\Program Files\NVIDIA GPU Computing Toolkit\CUDA\v9.2\include" /I. /FIcuda_runtime.h /c "E:\Visual_studio_2013_workingspace\Second hierarchy DLL\CUDANoiseFrequencyModulationJamming\CUDANoiseFrequencyModulationJammingAlgorithm\CUDANoiseFrequencyModulationJammingAlgorithmCore.cu" 
     1>项目“E:\Visual_studio_2013_workingspace\Second hierarchy DLL\CUDANoiseFrequencyModulationJamming\CUDANoiseFrequencyModulationJamming\CUDANoiseFrequencyModulationJamming.vcxproj”(1)正在节点 2 上生成“E:\Visual_studio_2013_workingspace\Second hierarchy DLL\CUDANoiseFrequencyModulationJamming\CUDANoiseFrequencyModulationJamming\CUDANoiseFrequencyModulationJamming.vcxproj”(1:2) (CudaBuildCore 个目标)。
     1>CudaBuildCore:
         Compiling CUDA source file ..\CUDANoiseFrequencyModulationJammingAlgorithm\CUDANoiseFrequencyModulationJammingAlgorithmCore.cu...
         cmd.exe /C "C:\Users\admin\AppData\Local\Temp\tmp881a59e28db44171af7f0cb9aac1a1b8.cmd"
         "C:\Program Files\NVIDIA GPU Computing Toolkit\CUDA\v9.2\bin\nvcc.exe" -gencode=arch=compute_30,code=\"sm_30,compute_30\" --use-local-env -ccbin "D:\Visual_studio_2013\VC\bin\x86_amd64" -x cu  -I"E:\Visual_studio_2013_workingspace\Second hierarchy DLL\CUDANoiseFrequencyModulationJamming\CUDAHeaderFileOfHierarchy1DLL\\" -I"C:\Program Files\NVIDIA GPU Computing Toolkit\CUDA\v9.2\include" -I"C:\Program Files\NVIDIA GPU Computing Toolkit\CUDA\v9.2\include"  -G   --keep-dir x64\Debug -maxrregcount=0  --machine 64 --compile -cudart static  -g   -DWIN32 -D_DEBUG -D_WINDOWS -D_USRDLL -DCUDANOISEFREQUENCYMODULATIONJAMMING_EXPORTS -D_WINDLL -D_UNICODE -DUNICODE -Xcompiler "/EHsc /W3 /nologo /Od /Fdx64\Debug\vc120.pdb /FS /Zi /RTC1 /MDd " -o x64\Debug\CUDANoiseFrequencyModulationJammingAlgorithmCore.cu.obj "E:\Visual_studio_2013_workingspace\Second hierarchy DLL\CUDANoiseFrequencyModulationJamming\CUDANoiseFrequencyModulationJammingAlgorithm\CUDANoiseFrequencyModulationJammingAlgorithmCore.cu"
         
         E:\Visual_studio_2013_workingspace\Second hierarchy DLL\CUDANoiseFrequencyModulationJamming\CUDANoiseFrequencyModulationJamming>"C:\Program Files\NVIDIA GPU Computing Toolkit\CUDA\v9.2\bin\nvcc.exe" -gencode=arch=compute_30,code=\"sm_30,compute_30\" --use-local-env -ccbin "D:\Visual_studio_2013\VC\bin\x86_amd64" -x cu  -I"E:\Visual_studio_2013_workingspace\Second hierarchy DLL\CUDANoiseFrequencyModulationJamming\CUDAHeaderFileOfHierarchy1DLL\\" -I"C:\Program Files\NVIDIA GPU Computing Toolkit\CUDA\v9.2\include" -I"C:\Program Files\NVIDIA GPU Computing Toolkit\CUDA\v9.2\include"  -G   --keep-dir x64\Debug -maxrregcount=0  --machine 64 --compile -cudart static  -g   -DWIN32 -D_DEBUG -D_WINDOWS -D_USRDLL -DCUDANOISEFREQUENCYMODULATIONJAMMING_EXPORTS -D_WINDLL -D_UNICODE -DUNICODE -Xcompiler "/EHsc /W3 /nologo /Od /Fdx64\Debug\vc120.pdb /FS /Zi /RTC1 /MDd " -o x64\Debug\CUDANoiseFrequencyModulationJammingAlgorithmCore.cu.obj "E:\Visual_studio_2013_workingspace\Second hierarchy DLL\CUDANoiseFrequencyModulationJamming\CUDANoiseFrequencyModulationJammingAlgorithm\CUDANoiseFrequencyModulationJammingAlgorithmCore.cu" 
     1>c:\program files\nvidia gpu computing toolkit\cuda\v9.2\include\crt\math_functions.h : warning C4819: 该文件包含不能在当前代码页(936)中表示的字符。请将该文件保存为 Unicode 格式以防止数据丢失
     1>c:\program files\nvidia gpu computing toolkit\cuda\v9.2\include\crt\math_functions.h(831): warning C4819: 该文件包含不能在当前代码页(936)中表示的字符。请将该文件保存为 Unicode 格式以防止数据丢失
     1>c:\program files\nvidia gpu computing toolkit\cuda\v9.2\include\crt\math_functions.h(1769): warning C4819: 该文件包含不能在当前代码页(936)中表示的字符。请将该文件保存为 Unicode 格式以防止数据丢失
     1>c:\program files\nvidia gpu computing toolkit\cuda\v9.2\include\crt\math_functions.h(2624): warning C4819: 该文件包含不能在当前代码页(936)中表示的字符。请将该文件保存为 Unicode 格式以防止数据丢失
     1>c:\program files\nvidia gpu computing toolkit\cuda\v9.2\include\crt\math_functions.h(3462): warning C4819: 该文件包含不能在当前代码页(936)中表示的字符。请将该文件保存为 Unicode 格式以防止数据丢失
     1>c:\program files\nvidia gpu computing toolkit\cuda\v9.2\include\crt\math_functions.h(4411): warning C4819: 该文件包含不能在当前代码页(936)中表示的字符。请将该文件保存为 Unicode 格式以防止数据丢失
     1>c:\program files\nvidia gpu computing toolkit\cuda\v9.2\include\crt\math_functions.h(5309): warning C4819: 该文件包含不能在当前代码页(936)中表示的字符。请将该文件保存为 Unicode 格式以防止数据丢失
     1>c:\program files\nvidia gpu computing toolkit\cuda\v9.2\include\crt\math_functions.h(6217): warning C4819: 该文件包含不能在当前代码页(936)中表示的字符。请将该文件保存为 Unicode 格式以防止数据丢失
     1>c:\program files\nvidia gpu computing toolkit\cuda\v9.2\include\crt\math_functions.h(7097): warning C4819: 该文件包含不能在当前代码页(936)中表示的字符。请将该文件保存为 Unicode 格式以防止数据丢失
     1>c:\program files\nvidia gpu computing toolkit\cuda\v9.2\include\crt\math_functions.h(7901): warning C4819: 该文件包含不能在当前代码页(936)中表示的字符。请将该文件保存为 Unicode 格式以防止数据丢失
     1>c:\program files\nvidia gpu computing toolkit\cuda\v9.2\include\crt/device_functions.h : warning C4819: 该文件包含不能在当前代码页(936)中表示的字符。请将该文件保存为 Unicode 格式以防止数据丢失
     1>c:\program files\nvidia gpu computing toolkit\cuda\v9.2\include\crt/device_functions.h(776): warning C4819: 该文件包含不能在当前代码页(936)中表示的字符。请将该文件保存为 Unicode 格式以防止数据丢失
     1>c:\program files\nvidia gpu computing toolkit\cuda\v9.2\include\crt/device_functions.h(1636): warning C4819: 该文件包含不能在当前代码页(936)中表示的字符。请将该文件保存为 Unicode 格式以防止数据丢失
     1>c:\program files\nvidia gpu computing toolkit\cuda\v9.2\include\crt\device_double_functions.h : warning C4819: 该文件包含不能在当前代码页(936)中表示的字符。请将该文件保存为 Unicode 格式以防止数据丢失
     1>c:\program files\nvidia gpu computing toolkit\cuda\v9.2\include\sm_20_intrinsics.h : warning C4819: 该文件包含不能在当前代码页(936)中表示的字符。请将该文件保存为 Unicode 格式以防止数据丢失
     1>c:\program files\nvidia gpu computing toolkit\cuda\v9.2\include\sm_20_intrinsics.h(925): warning C4819: 该文件包含不能在当前代码页(936)中表示的字符。请将该文件保存为 Unicode 格式以防止数据丢失
     1>E:/Visual_studio_2013_workingspace/Second hierarchy DLL/CUDANoiseFrequencyModulationJamming/CUDANoiseFrequencyModulationJammingAlgorithm/CUDANoiseFrequencyModulationJammingAlgorithmCore.cu(180): warning : variable "Random_Generator" is used before its value is set
     1>E:/Visual_studio_2013_workingspace/Second hierarchy DLL/CUDANoiseFrequencyModulationJamming/CUDANoiseFrequencyModulationJammingAlgorithm/CUDANoiseFrequencyModulationJammingAlgorithmCore.cu(209): warning : variable "Random_Generator" is used before its value is set
     1>c:\program files\nvidia gpu computing toolkit\cuda\v9.2\include\crt\math_functions.h : warning C4819: 该文件包含不能在当前代码页(936)中表示的字符。请将该文件保存为 Unicode 格式以防止数据丢失
     1>c:\program files\nvidia gpu computing toolkit\cuda\v9.2\include\crt\math_functions.h(831): warning C4819: 该文件包含不能在当前代码页(936)中表示的字符。请将该文件保存为 Unicode 格式以防止数据丢失
     1>c:\program files\nvidia gpu computing toolkit\cuda\v9.2\include\crt\math_functions.h(1769): warning C4819: 该文件包含不能在当前代码页(936)中表示的字符。请将该文件保存为 Unicode 格式以防止数据丢失
     1>c:\program files\nvidia gpu computing toolkit\cuda\v9.2\include\crt\math_functions.h(2624): warning C4819: 该文件包含不能在当前代码页(936)中表示的字符。请将该文件保存为 Unicode 格式以防止数据丢失
     1>c:\program files\nvidia gpu computing toolkit\cuda\v9.2\include\crt\math_functions.h(3462): warning C4819: 该文件包含不能在当前代码页(936)中表示的字符。请将该文件保存为 Unicode 格式以防止数据丢失
     1>c:\program files\nvidia gpu computing toolkit\cuda\v9.2\include\crt\math_functions.h(4411): warning C4819: 该文件包含不能在当前代码页(936)中表示的字符。请将该文件保存为 Unicode 格式以防止数据丢失
     1>c:\program files\nvidia gpu computing toolkit\cuda\v9.2\include\crt\math_functions.h(5309): warning C4819: 该文件包含不能在当前代码页(936)中表示的字符。请将该文件保存为 Unicode 格式以防止数据丢失
     1>c:\program files\nvidia gpu computing toolkit\cuda\v9.2\include\crt\math_functions.h(6217): warning C4819: 该文件包含不能在当前代码页(936)中表示的字符。请将该文件保存为 Unicode 格式以防止数据丢失
     1>c:\program files\nvidia gpu computing toolkit\cuda\v9.2\include\crt\math_functions.h(7097): warning C4819: 该文件包含不能在当前代码页(936)中表示的字符。请将该文件保存为 Unicode 格式以防止数据丢失
     1>c:\program files\nvidia gpu computing toolkit\cuda\v9.2\include\crt\math_functions.h(7901): warning C4819: 该文件包含不能在当前代码页(936)中表示的字符。请将该文件保存为 Unicode 格式以防止数据丢失
     1>c:\program files\nvidia gpu computing toolkit\cuda\v9.2\include\crt/device_functions.h : warning C4819: 该文件包含不能在当前代码页(936)中表示的字符。请将该文件保存为 Unicode 格式以防止数据丢失
     1>c:\program files\nvidia gpu computing toolkit\cuda\v9.2\include\crt/device_functions.h(776): warning C4819: 该文件包含不能在当前代码页(936)中表示的字符。请将该文件保存为 Unicode 格式以防止数据丢失
     1>c:\program files\nvidia gpu computing toolkit\cuda\v9.2\include\crt/device_functions.h(1636): warning C4819: 该文件包含不能在当前代码页(936)中表示的字符。请将该文件保存为 Unicode 格式以防止数据丢失
     1>c:\program files\nvidia gpu computing toolkit\cuda\v9.2\include\crt\device_double_functions.h : warning C4819: 该文件包含不能在当前代码页(936)中表示的字符。请将该文件保存为 Unicode 格式以防止数据丢失
     1>c:\program files\nvidia gpu computing toolkit\cuda\v9.2\include\sm_20_intrinsics.h : warning C4819: 该文件包含不能在当前代码页(936)中表示的字符。请将该文件保存为 Unicode 格式以防止数据丢失
     1>c:\program files\nvidia gpu computing toolkit\cuda\v9.2\include\sm_20_intrinsics.h(925): warning C4819: 该文件包含不能在当前代码页(936)中表示的字符。请将该文件保存为 Unicode 格式以防止数据丢失
     1>E:/Visual_studio_2013_workingspace/Second hierarchy DLL/CUDANoiseFrequencyModulationJamming/CUDANoiseFrequencyModulationJammingAlgorithm/CUDANoiseFrequencyModulationJammingAlgorithmCore.cu(180): warning : variable "Random_Generator" is used before its value is set
     1>E:/Visual_studio_2013_workingspace/Second hierarchy DLL/CUDANoiseFrequencyModulationJamming/CUDANoiseFrequencyModulationJammingAlgorithm/CUDANoiseFrequencyModulationJammingAlgorithmCore.cu(209): warning : variable "Random_Generator" is used before its value is set
         CUDANoiseFrequencyModulationJammingAlgorithmCore.cu
     1>E:/Visual_studio_2013_workingspace/Second hierarchy DLL/CUDANoiseFrequencyModulationJamming/CUDANoiseFrequencyModulationJammingAlgorithm/CUDANoiseFrequencyModulationJammingAlgorithmCore.cu(58): warning C4244: “=”: 从“double”转换到“float”，可能丢失数据
     1>E:/Visual_studio_2013_workingspace/Second hierarchy DLL/CUDANoiseFrequencyModulationJamming/CUDANoiseFrequencyModulationJammingAlgorithm/CUDANoiseFrequencyModulationJammingAlgorithmCore.cu(59): warning C4305: “=”: 从“double”到“float”截断
     1>E:/Visual_studio_2013_workingspace/Second hierarchy DLL/CUDANoiseFrequencyModulationJamming/CUDANoiseFrequencyModulationJammingAlgorithm/CUDANoiseFrequencyModulationJammingAlgorithmCore.cu(82): warning C4244: “参数”: 从“double”转换到“int”，可能丢失数据
     1>E:/Visual_studio_2013_workingspace/Second hierarchy DLL/CUDANoiseFrequencyModulationJamming/CUDANoiseFrequencyModulationJammingAlgorithm/CUDANoiseFrequencyModulationJammingAlgorithmCore.cu(84): warning C4244: “参数”: 从“double”转换到“int”，可能丢失数据
     1>E:/Visual_studio_2013_workingspace/Second hierarchy DLL/CUDANoiseFrequencyModulationJamming/CUDANoiseFrequencyModulationJammingAlgorithm/CUDANoiseFrequencyModulationJammingAlgorithmCore.cu(86): warning C4244: “初始化”: 从“int”转换到“float”，可能丢失数据
     1>E:/Visual_studio_2013_workingspace/Second hierarchy DLL/CUDANoiseFrequencyModulationJamming/CUDANoiseFrequencyModulationJammingAlgorithm/CUDANoiseFrequencyModulationJammingAlgorithmCore.cu(87): warning C4244: “初始化”: 从“double”转换到“float”，可能丢失数据
     1>E:/Visual_studio_2013_workingspace/Second hierarchy DLL/CUDANoiseFrequencyModulationJamming/CUDANoiseFrequencyModulationJammingAlgorithm/CUDANoiseFrequencyModulationJammingAlgorithmCore.cu(92): warning C4244: “=”: 从“double”转换到“float”，可能丢失数据
     1>E:/Visual_studio_2013_workingspace/Second hierarchy DLL/CUDANoiseFrequencyModulationJamming/CUDANoiseFrequencyModulationJammingAlgorithm/CUDANoiseFrequencyModulationJammingAlgorithmCore.cu(97): warning C4244: “=”: 从“double”转换到“float”，可能丢失数据
     1>E:/Visual_studio_2013_workingspace/Second hierarchy DLL/CUDANoiseFrequencyModulationJamming/CUDANoiseFrequencyModulationJammingAlgorithm/CUDANoiseFrequencyModulationJammingAlgorithmCore.cu(114): warning C4244: “参数”: 从“double”转换到“float”，可能丢失数据
     1>E:/Visual_studio_2013_workingspace/Second hierarchy DLL/CUDANoiseFrequencyModulationJamming/CUDANoiseFrequencyModulationJammingAlgorithm/CUDANoiseFrequencyModulationJammingAlgorithmCore.cu(117): warning C4244: “初始化”: 从“double”转换到“float”，可能丢失数据
     1>E:/Visual_studio_2013_workingspace/Second hierarchy DLL/CUDANoiseFrequencyModulationJamming/CUDANoiseFrequencyModulationJammingAlgorithm/CUDANoiseFrequencyModulationJammingAlgorithmCore.cu(118): warning C4244: “初始化”: 从“double”转换到“float”，可能丢失数据
     1>E:/Visual_studio_2013_workingspace/Second hierarchy DLL/CUDANoiseFrequencyModulationJamming/CUDANoiseFrequencyModulationJammingAlgorithm/CUDANoiseFrequencyModulationJammingAlgorithmCore.cu(139): warning C4244: “参数”: 从“double”转换到“int”，可能丢失数据
     1>E:/Visual_studio_2013_workingspace/Second hierarchy DLL/CUDANoiseFrequencyModulationJamming/CUDANoiseFrequencyModulationJammingAlgorithm/CUDANoiseFrequencyModulationJammingAlgorithmCore.cu(141): warning C4244: “参数”: 从“double”转换到“int”，可能丢失数据
     1>E:/Visual_studio_2013_workingspace/Second hierarchy DLL/CUDANoiseFrequencyModulationJamming/CUDANoiseFrequencyModulationJammingAlgorithm/CUDANoiseFrequencyModulationJammingAlgorithmCore.cu(143): warning C4244: “参数”: 从“double”转换到“int”，可能丢失数据
     1>E:/Visual_studio_2013_workingspace/Second hierarchy DLL/CUDANoiseFrequencyModulationJamming/CUDANoiseFrequencyModulationJammingAlgorithm/CUDANoiseFrequencyModulationJammingAlgorithmCore.cu(146): warning C4018: “<”: 有符号/无符号不匹配
     1>E:/Visual_studio_2013_workingspace/Second hierarchy DLL/CUDANoiseFrequencyModulationJamming/CUDANoiseFrequencyModulationJammingAlgorithm/CUDANoiseFrequencyModulationJammingAlgorithmCore.cu(169): warning C4244: “参数”: 从“double”转换到“int”，可能丢失数据
     1>E:/Visual_studio_2013_workingspace/Second hierarchy DLL/CUDANoiseFrequencyModulationJamming/CUDANoiseFrequencyModulationJammingAlgorithm/CUDANoiseFrequencyModulationJammingAlgorithmCore.cu(170): warning C4244: “初始化”: 从“double”转换到“float”，可能丢失数据
     1>E:/Visual_studio_2013_workingspace/Second hierarchy DLL/CUDANoiseFrequencyModulationJamming/CUDANoiseFrequencyModulationJammingAlgorithm/CUDANoiseFrequencyModulationJammingAlgorithmCore.cu(171): warning C4244: “初始化”: 从“double”转换到“float”，可能丢失数据
     1>E:/Visual_studio_2013_workingspace/Second hierarchy DLL/CUDANoiseFrequencyModulationJamming/CUDANoiseFrequencyModulationJammingAlgorithm/CUDANoiseFrequencyModulationJammingAlgorithmCore.cu(186): warning C4244: “参数”: 从“double”转换到“float”，可能丢失数据
     1>E:/Visual_studio_2013_workingspace/Second hierarchy DLL/CUDANoiseFrequencyModulationJamming/CUDANoiseFrequencyModulationJammingAlgorithm/CUDANoiseFrequencyModulationJammingAlgorithmCore.cu(195): warning C4244: “初始化”: 从“double”转换到“int”，可能丢失数据
     1>E:/Visual_studio_2013_workingspace/Second hierarchy DLL/CUDANoiseFrequencyModulationJamming/CUDANoiseFrequencyModulationJammingAlgorithm/CUDANoiseFrequencyModulationJammingAlgorithmCore.cu(198): warning C4244: “参数”: 从“double”转换到“int”，可能丢失数据
     1>E:/Visual_studio_2013_workingspace/Second hierarchy DLL/CUDANoiseFrequencyModulationJamming/CUDANoiseFrequencyModulationJammingAlgorithm/CUDANoiseFrequencyModulationJammingAlgorithmCore.cu(199): warning C4244: “初始化”: 从“double”转换到“float”，可能丢失数据
     1>E:/Visual_studio_2013_workingspace/Second hierarchy DLL/CUDANoiseFrequencyModulationJamming/CUDANoiseFrequencyModulationJammingAlgorithm/CUDANoiseFrequencyModulationJammingAlgorithmCore.cu(200): warning C4244: “初始化”: 从“double”转换到“float”，可能丢失数据
     1>E:/Visual_studio_2013_workingspace/Second hierarchy DLL/CUDANoiseFrequencyModulationJamming/CUDANoiseFrequencyModulationJammingAlgorithm/CUDANoiseFrequencyModulationJammingAlgorithmCore.cu(215): warning C4244: “参数”: 从“double”转换到“float”，可能丢失数据
     1>c:\program files\nvidia gpu computing toolkit\cuda\v9.2\include\crt\math_functions.h : warning C4819: 该文件包含不能在当前代码页(936)中表示的字符。请将该文件保存为 Unicode 格式以防止数据丢失
     1>c:\program files\nvidia gpu computing toolkit\cuda\v9.2\include\crt\math_functions.h(831): warning C4819: 该文件包含不能在当前代码页(936)中表示的字符。请将该文件保存为 Unicode 格式以防止数据丢失
     1>c:\program files\nvidia gpu computing toolkit\cuda\v9.2\include\crt\math_functions.h(1769): warning C4819: 该文件包含不能在当前代码页(936)中表示的字符。请将该文件保存为 Unicode 格式以防止数据丢失
     1>c:\program files\nvidia gpu computing toolkit\cuda\v9.2\include\crt\math_functions.h(2624): warning C4819: 该文件包含不能在当前代码页(936)中表示的字符。请将该文件保存为 Unicode 格式以防止数据丢失
     1>c:\program files\nvidia gpu computing toolkit\cuda\v9.2\include\crt\math_functions.h(3462): warning C4819: 该文件包含不能在当前代码页(936)中表示的字符。请将该文件保存为 Unicode 格式以防止数据丢失
     1>c:\program files\nvidia gpu computing toolkit\cuda\v9.2\include\crt\math_functions.h(4411): warning C4819: 该文件包含不能在当前代码页(936)中表示的字符。请将该文件保存为 Unicode 格式以防止数据丢失
     1>c:\program files\nvidia gpu computing toolkit\cuda\v9.2\include\crt\math_functions.h(5309): warning C4819: 该文件包含不能在当前代码页(936)中表示的字符。请将该文件保存为 Unicode 格式以防止数据丢失
     1>c:\program files\nvidia gpu computing toolkit\cuda\v9.2\include\crt\math_functions.h(6217): warning C4819: 该文件包含不能在当前代码页(936)中表示的字符。请将该文件保存为 Unicode 格式以防止数据丢失
     1>c:\program files\nvidia gpu computing toolkit\cuda\v9.2\include\crt\math_functions.h(7097): warning C4819: 该文件包含不能在当前代码页(936)中表示的字符。请将该文件保存为 Unicode 格式以防止数据丢失
     1>c:\program files\nvidia gpu computing toolkit\cuda\v9.2\include\crt\math_functions.h(7901): warning C4819: 该文件包含不能在当前代码页(936)中表示的字符。请将该文件保存为 Unicode 格式以防止数据丢失
     1>e:\visual_studio_2013_workingspace\second hierarchy dll\cudanoisefrequencymodulationjamming\cudanoisefrequencymodulationjammingalgorithm\cudanoisefrequencymodulationjammingalgorithmcore.cu(180): warning C4700: 使用了未初始化的局部变量“Random_Generator”
     1>e:\visual_studio_2013_workingspace\second hierarchy dll\cudanoisefrequencymodulationjamming\cudanoisefrequencymodulationjammingalgorithm\cudanoisefrequencymodulationjammingalgorithmcore.cu(209): warning C4700: 使用了未初始化的局部变量“Random_Generator”
     1>已完成生成项目“E:\Visual_studio_2013_workingspace\Second hierarchy DLL\CUDANoiseFrequencyModulationJamming\CUDANoiseFrequencyModulationJamming\CUDANoiseFrequencyModulationJamming.vcxproj”(CudaBuildCore 个目标)的操作。
     1>ClCompile:
         D:\Visual_studio_2013\VC\bin\x86_amd64\CL.exe /c /I"E:\Visual_studio_2013_workingspace\Second hierarchy DLL\CUDANoiseFrequencyModulationJamming\CUDAHeaderFileOfHierarchy1DLL\\" /I"C:\Program Files\NVIDIA GPU Computing Toolkit\CUDA\v9.2\include" /Zi /nologo /W3 /WX- /sdl /Od /D WIN32 /D _DEBUG /D _WINDOWS /D _USRDLL /D CUDANOISEFREQUENCYMODULATIONJAMMING_EXPORTS /D _WINDLL /D _UNICODE /D UNICODE /Gm /EHsc /RTC1 /MDd /GS /fp:precise /Zc:wchar_t /Zc:forScope /Yc"stdafx.h" /Fp"x64\Debug\CUDANoiseFrequencyModulationJamming.pch" /Fo"x64\Debug\\" /Fd"x64\Debug\vc120.pdb" /Gd /TP /errorReport:prompt stdafx.cpp
         stdafx.cpp
         D:\Visual_studio_2013\VC\bin\x86_amd64\CL.exe /c /I"E:\Visual_studio_2013_workingspace\Second hierarchy DLL\CUDANoiseFrequencyModulationJamming\CUDAHeaderFileOfHierarchy1DLL\\" /I"C:\Program Files\NVIDIA GPU Computing Toolkit\CUDA\v9.2\include" /Zi /nologo /W3 /WX- /sdl /Od /D WIN32 /D _DEBUG /D _WINDOWS /D _USRDLL /D CUDANOISEFREQUENCYMODULATIONJAMMING_EXPORTS /D _WINDLL /D _UNICODE /D UNICODE /Gm /EHsc /RTC1 /MDd /GS /fp:precise /Zc:wchar_t /Zc:forScope /Fo"x64\Debug\\" /Fd"x64\Debug\vc120.pdb" /Gd /TP /errorReport:prompt CUDANoiseFrequencyModulationJamming.cpp
         CUDANoiseFrequencyModulationJamming.cpp
     1>c:\program files\nvidia gpu computing toolkit\cuda\v9.2\include\crt/device_functions.h : warning C4819: 该文件包含不能在当前代码页(936)中表示的字符。请将该文件保存为 Unicode 格式以防止数据丢失
     1>c:\program files\nvidia gpu computing toolkit\cuda\v9.2\include\crt/device_functions.h(776): warning C4819: 该文件包含不能在当前代码页(936)中表示的字符。请将该文件保存为 Unicode 格式以防止数据丢失
     1>c:\program files\nvidia gpu computing toolkit\cuda\v9.2\include\crt/device_functions.h(1636): warning C4819: 该文件包含不能在当前代码页(936)中表示的字符。请将该文件保存为 Unicode 格式以防止数据丢失
     1>c:\program files\nvidia gpu computing toolkit\cuda\v9.2\include\crt\device_double_functions.h : warning C4819: 该文件包含不能在当前代码页(936)中表示的字符。请将该文件保存为 Unicode 格式以防止数据丢失
     1>c:\program files\nvidia gpu computing toolkit\cuda\v9.2\include\sm_20_intrinsics.h : warning C4819: 该文件包含不能在当前代码页(936)中表示的字符。请将该文件保存为 Unicode 格式以防止数据丢失
     1>c:\program files\nvidia gpu computing toolkit\cuda\v9.2\include\sm_20_intrinsics.h(925): warning C4819: 该文件包含不能在当前代码页(936)中表示的字符。请将该文件保存为 Unicode 格式以防止数据丢失
         D:\Visual_studio_2013\VC\bin\x86_amd64\CL.exe /c /I"E:\Visual_studio_2013_workingspace\Second hierarchy DLL\CUDANoiseFrequencyModulationJamming\CUDAHeaderFileOfHierarchy1DLL\\" /I"C:\Program Files\NVIDIA GPU Computing Toolkit\CUDA\v9.2\include" /Zi /nologo /W3 /WX- /sdl /Od /D WIN32 /D _DEBUG /D _WINDOWS /D _USRDLL /D CUDANOISEFREQUENCYMODULATIONJAMMING_EXPORTS /D _WINDLL /D _UNICODE /D UNICODE /Gm /EHsc /RTC1 /MDd /GS /fp:precise /Zc:wchar_t /Zc:forScope /Fo"x64\Debug\\" /Fd"x64\Debug\vc120.pdb" /Gd /TP /errorReport:prompt dllmain.cpp
         dllmain.cpp
       Link:
         D:\Visual_studio_2013\VC\bin\x86_amd64\link.exe /ERRORREPORT:PROMPT /OUT:"E:\Visual_studio_2013_workingspace\Second hierarchy DLL\CUDANoiseFrequencyModulationJamming\x64\Debug\CUDANoiseFrequencyModulationJamming.dll" /INCREMENTAL /NOLOGO /LIBPATH:"E:\Visual_studio_2013_workingspace\Second hierarchy DLL\CUDANoiseFrequencyModulationJamming\CUDALibFileOfHierarchy1DLL" /LIBPATH:"C:\Program Files\NVIDIA GPU Computing Toolkit\CUDA\v9.2\lib\x64" cuda.lib cudadevrt.lib cudart.lib cudart_static.lib curand.lib CUDAMathematicsFoundationArithmetic.lib kernel32.lib user32.lib gdi32.lib winspool.lib comdlg32.lib advapi32.lib shell32.lib ole32.lib oleaut32.lib uuid.lib odbc32.lib odbccp32.lib /MANIFEST /MANIFESTUAC:"level='asInvoker' uiAccess='false'" /manifest:embed /DEBUG /PDB:"E:\Visual_studio_2013_workingspace\Second hierarchy DLL\CUDANoiseFrequencyModulationJamming\x64\Debug\CUDANoiseFrequencyModulationJamming.pdb" /SUBSYSTEM:WINDOWS /TLBID:1 /DYNAMICBASE /NXCOMPAT /IMPLIB:"E:\Visual_studio_2013_workingspace\Second hierarchy DLL\CUDANoiseFrequencyModulationJamming\x64\Debug\CUDANoiseFrequencyModulationJamming.lib" /MACHINE:X64 /DLL x64\Debug\CUDANoiseFrequencyModulationJammingAlgorithmCore.cu.obj
         x64\Debug\CUDANoiseFrequencyModulationJamming.obj
         x64\Debug\dllmain.obj
         x64\Debug\stdafx.obj
         ..\CUDALibFileOfHierarchy1DLL\CUDAMathematicsFoundationArithmetic.lib
            正在创建库 E:\Visual_studio_2013_workingspace\Second hierarchy DLL\CUDANoiseFrequencyModulationJamming\x64\Debug\CUDANoiseFrequencyModulationJamming.lib 和对象 E:\Visual_studio_2013_workingspace\Second hierarchy DLL\CUDANoiseFrequencyModulationJamming\x64\Debug\CUDANoiseFrequencyModulationJamming.exp
         CUDANoiseFrequencyModulationJamming.vcxproj -> E:\Visual_studio_2013_workingspace\Second hierarchy DLL\CUDANoiseFrequencyModulationJamming\x64\Debug\CUDANoiseFrequencyModulationJamming.dll
     1>已完成生成项目“E:\Visual_studio_2013_workingspace\Second hierarchy DLL\CUDANoiseFrequencyModulationJamming\CUDANoiseFrequencyModulationJamming\CUDANoiseFrequencyModulationJamming.vcxproj”(Rebuild 个目标)的操作。

生成成功。

已用时间 00:00:03.73
