e:\visual_studio_2013_workingspace\second hierarchy dll\cudamatchfiltersegmentedconvolution\cudamatchfiltersegmentedconvolution\x64\debug\cudamatchfiltersegmentedconvolution.pch
e:\visual_studio_2013_workingspace\second hierarchy dll\cudamatchfiltersegmentedconvolution\cudamatchfiltersegmentedconvolution\x64\debug\vc120.pdb
e:\visual_studio_2013_workingspace\second hierarchy dll\cudamatchfiltersegmentedconvolution\cudamatchfiltersegmentedconvolution\x64\debug\vc120.idb
e:\visual_studio_2013_workingspace\second hierarchy dll\cudamatchfiltersegmentedconvolution\cudamatchfiltersegmentedconvolution\x64\debug\stdafx.obj
e:\visual_studio_2013_workingspace\second hierarchy dll\cudamatchfiltersegmentedconvolution\cudamatchfiltersegmentedconvolution\x64\debug\cudamatchfiltersegmentedconvolution.obj
e:\visual_studio_2013_workingspace\second hierarchy dll\cudamatchfiltersegmentedconvolution\cudamatchfiltersegmentedconvolution\x64\debug\dllmain.obj
e:\visual_studio_2013_workingspace\second hierarchy dll\cudamatchfiltersegmentedconvolution\x64\debug\cudamatchfiltersegmentedconvolution.lib
e:\visual_studio_2013_workingspace\second hierarchy dll\cudamatchfiltersegmentedconvolution\x64\debug\cudamatchfiltersegmentedconvolution.exp
e:\visual_studio_2013_workingspace\second hierarchy dll\cudamatchfiltersegmentedconvolution\x64\debug\cudamatchfiltersegmentedconvolution.ilk
e:\visual_studio_2013_workingspace\second hierarchy dll\cudamatchfiltersegmentedconvolution\x64\debug\cudamatchfiltersegmentedconvolution.dll
e:\visual_studio_2013_workingspace\second hierarchy dll\cudamatchfiltersegmentedconvolution\x64\debug\cudamatchfiltersegmentedconvolution.pdb
e:\visual_studio_2013_workingspace\second hierarchy dll\cudamatchfiltersegmentedconvolution\cudamatchfiltersegmentedconvolution\x64\debug\cudamatchfiltersegmentedconvolutionalgorithmcore.cu.cache
e:\visual_studio_2013_workingspace\second hierarchy dll\cudamatchfiltersegmentedconvolution\cudamatchfiltersegmentedconvolution\x64\debug\cudamatchfiltersegmentedconvolutionalgorithmcore.cuh.cache
e:\visual_studio_2013_workingspace\second hierarchy dll\cudamatchfiltersegmentedconvolution\cudamatchfiltersegmentedconvolution\x64\debug\cudamathematicsfoundationarithmeticcore.cuh.cache
e:\visual_studio_2013_workingspace\second hierarchy dll\cudamatchfiltersegmentedconvolution\cudamatchfiltersegmentedconvolution\x64\debug\cudamatchfiltersegmentedconvolutionalgorithmcore.cu.obj
e:\visual_studio_2013_workingspace\second hierarchy dll\cudamatchfiltersegmentedconvolution\cudamatchfiltersegmentedconvolution\x64\debug\cudamatchfiltersegmentedconvolutionalgorithmcore.cuh.obj
e:\visual_studio_2013_workingspace\second hierarchy dll\cudamatchfiltersegmentedconvolution\cudamatchfiltersegmentedconvolution\x64\debug\cudamathematicsfoundationarithmeticcore.cuh.obj
e:\visual_studio_2013_workingspace\second hierarchy dll\cudamatchfiltersegmentedconvolution\cudamatchfiltersegmentedconvolution\x64\debug\cudamatc.4c0d2f90.tlog\cl.command.1.tlog
e:\visual_studio_2013_workingspace\second hierarchy dll\cudamatchfiltersegmentedconvolution\cudamatchfiltersegmentedconvolution\x64\debug\cudamatc.4c0d2f90.tlog\cl.read.1.tlog
e:\visual_studio_2013_workingspace\second hierarchy dll\cudamatchfiltersegmentedconvolution\cudamatchfiltersegmentedconvolution\x64\debug\cudamatc.4c0d2f90.tlog\cl.write.1.tlog
e:\visual_studio_2013_workingspace\second hierarchy dll\cudamatchfiltersegmentedconvolution\cudamatchfiltersegmentedconvolution\x64\debug\cudamatc.4c0d2f90.tlog\cudamatchfiltersegmentedconvolution.write.1u.tlog
e:\visual_studio_2013_workingspace\second hierarchy dll\cudamatchfiltersegmentedconvolution\cudamatchfiltersegmentedconvolution\x64\debug\cudamatc.4c0d2f90.tlog\link.command.1.tlog
e:\visual_studio_2013_workingspace\second hierarchy dll\cudamatchfiltersegmentedconvolution\cudamatchfiltersegmentedconvolution\x64\debug\cudamatc.4c0d2f90.tlog\link.read.1.tlog
e:\visual_studio_2013_workingspace\second hierarchy dll\cudamatchfiltersegmentedconvolution\cudamatchfiltersegmentedconvolution\x64\debug\cudamatc.4c0d2f90.tlog\link.write.1.tlog
