e:\visual_studio_2013_workingspace\second hierarchy dll\cudabasebandreceiver\cudabasebandreceiver\x64\debug\cudabasebandreceiver.pch
e:\visual_studio_2013_workingspace\second hierarchy dll\cudabasebandreceiver\cudabasebandreceiver\x64\debug\vc120.pdb
e:\visual_studio_2013_workingspace\second hierarchy dll\cudabasebandreceiver\cudabasebandreceiver\x64\debug\vc120.idb
e:\visual_studio_2013_workingspace\second hierarchy dll\cudabasebandreceiver\cudabasebandreceiver\x64\debug\stdafx.obj
e:\visual_studio_2013_workingspace\second hierarchy dll\cudabasebandreceiver\cudabasebandreceiver\x64\debug\cudabasebandreceiver.obj
e:\visual_studio_2013_workingspace\second hierarchy dll\cudabasebandreceiver\cudabasebandreceiver\x64\debug\dllmain.obj
e:\visual_studio_2013_workingspace\second hierarchy dll\cudabasebandreceiver\x64\debug\cudabasebandreceiver.lib
e:\visual_studio_2013_workingspace\second hierarchy dll\cudabasebandreceiver\x64\debug\cudabasebandreceiver.exp
e:\visual_studio_2013_workingspace\second hierarchy dll\cudabasebandreceiver\x64\debug\cudabasebandreceiver.ilk
e:\visual_studio_2013_workingspace\second hierarchy dll\cudabasebandreceiver\x64\debug\cudabasebandreceiver.dll
e:\visual_studio_2013_workingspace\second hierarchy dll\cudabasebandreceiver\x64\debug\cudabasebandreceiver.pdb
e:\visual_studio_2013_workingspace\second hierarchy dll\cudabasebandreceiver\cudabasebandreceiver\x64\debug\cudabasebandreceiveralgorithmcore.cu.cache
e:\visual_studio_2013_workingspace\second hierarchy dll\cudabasebandreceiver\cudabasebandreceiver\x64\debug\cudabasebandreceiveralgorithmcore.cuh.cache
e:\visual_studio_2013_workingspace\second hierarchy dll\cudabasebandreceiver\cudabasebandreceiver\x64\debug\cudamathematicsfoundationarithmeticcore.cuh.cache
e:\visual_studio_2013_workingspace\second hierarchy dll\cudabasebandreceiver\cudabasebandreceiver\x64\debug\cudabasebandreceiveralgorithmcore.cu.obj
e:\visual_studio_2013_workingspace\second hierarchy dll\cudabasebandreceiver\cudabasebandreceiver\x64\debug\cudabasebandreceiveralgorithmcore.cuh.obj
e:\visual_studio_2013_workingspace\second hierarchy dll\cudabasebandreceiver\cudabasebandreceiver\x64\debug\cudamathematicsfoundationarithmeticcore.cuh.obj
e:\visual_studio_2013_workingspace\second hierarchy dll\cudabasebandreceiver\cudabasebandreceiver\x64\debug\cudabase.79a6dc6c.tlog\cl.command.1.tlog
e:\visual_studio_2013_workingspace\second hierarchy dll\cudabasebandreceiver\cudabasebandreceiver\x64\debug\cudabase.79a6dc6c.tlog\cl.read.1.tlog
e:\visual_studio_2013_workingspace\second hierarchy dll\cudabasebandreceiver\cudabasebandreceiver\x64\debug\cudabase.79a6dc6c.tlog\cl.write.1.tlog
e:\visual_studio_2013_workingspace\second hierarchy dll\cudabasebandreceiver\cudabasebandreceiver\x64\debug\cudabase.79a6dc6c.tlog\cudabasebandreceiver.write.1u.tlog
e:\visual_studio_2013_workingspace\second hierarchy dll\cudabasebandreceiver\cudabasebandreceiver\x64\debug\cudabase.79a6dc6c.tlog\link.command.1.tlog
e:\visual_studio_2013_workingspace\second hierarchy dll\cudabasebandreceiver\cudabasebandreceiver\x64\debug\cudabase.79a6dc6c.tlog\link.read.1.tlog
e:\visual_studio_2013_workingspace\second hierarchy dll\cudabasebandreceiver\cudabasebandreceiver\x64\debug\cudabase.79a6dc6c.tlog\link.write.1.tlog
