e:\visual_studio_2013_workingspace\second hierarchy dll\cudabasebandreceiveramplifiersaturation\cudabasebandreceiveramplifiersaturation\x64\debug\cudabasebandreceiveramplifiersaturation.pch
e:\visual_studio_2013_workingspace\second hierarchy dll\cudabasebandreceiveramplifiersaturation\cudabasebandreceiveramplifiersaturation\x64\debug\vc120.pdb
e:\visual_studio_2013_workingspace\second hierarchy dll\cudabasebandreceiveramplifiersaturation\cudabasebandreceiveramplifiersaturation\x64\debug\vc120.idb
e:\visual_studio_2013_workingspace\second hierarchy dll\cudabasebandreceiveramplifiersaturation\cudabasebandreceiveramplifiersaturation\x64\debug\stdafx.obj
e:\visual_studio_2013_workingspace\second hierarchy dll\cudabasebandreceiveramplifiersaturation\cudabasebandreceiveramplifiersaturation\x64\debug\cudabasebandreceiveramplifiersaturation.obj
e:\visual_studio_2013_workingspace\second hierarchy dll\cudabasebandreceiveramplifiersaturation\cudabasebandreceiveramplifiersaturation\x64\debug\dllmain.obj
e:\visual_studio_2013_workingspace\second hierarchy dll\cudabasebandreceiveramplifiersaturation\x64\debug\cudabasebandreceiveramplifiersaturation.lib
e:\visual_studio_2013_workingspace\second hierarchy dll\cudabasebandreceiveramplifiersaturation\x64\debug\cudabasebandreceiveramplifiersaturation.exp
e:\visual_studio_2013_workingspace\second hierarchy dll\cudabasebandreceiveramplifiersaturation\x64\debug\cudabasebandreceiveramplifiersaturation.ilk
e:\visual_studio_2013_workingspace\second hierarchy dll\cudabasebandreceiveramplifiersaturation\x64\debug\cudabasebandreceiveramplifiersaturation.dll
e:\visual_studio_2013_workingspace\second hierarchy dll\cudabasebandreceiveramplifiersaturation\x64\debug\cudabasebandreceiveramplifiersaturation.pdb
e:\visual_studio_2013_workingspace\second hierarchy dll\cudabasebandreceiveramplifiersaturation\cudabasebandreceiveramplifiersaturation\x64\debug\cudabasebandreceiveramplifiersaturationalgorithmcore.cu.cache
e:\visual_studio_2013_workingspace\second hierarchy dll\cudabasebandreceiveramplifiersaturation\cudabasebandreceiveramplifiersaturation\x64\debug\cudabasebandreceiveramplifiersaturationalgorithmcore.cuh.cache
e:\visual_studio_2013_workingspace\second hierarchy dll\cudabasebandreceiveramplifiersaturation\cudabasebandreceiveramplifiersaturation\x64\debug\cudabasebandreceiveramplifiersaturationalgorithmcore.cu.obj
e:\visual_studio_2013_workingspace\second hierarchy dll\cudabasebandreceiveramplifiersaturation\cudabasebandreceiveramplifiersaturation\x64\debug\cudabasebandreceiveramplifiersaturationalgorithmcore.cuh.obj
e:\visual_studio_2013_workingspace\second hierarchy dll\cudabasebandreceiveramplifiersaturation\cudabasebandreceiveramplifiersaturation\x64\debug\cudabase.c116e853.tlog\cl.command.1.tlog
e:\visual_studio_2013_workingspace\second hierarchy dll\cudabasebandreceiveramplifiersaturation\cudabasebandreceiveramplifiersaturation\x64\debug\cudabase.c116e853.tlog\cl.read.1.tlog
e:\visual_studio_2013_workingspace\second hierarchy dll\cudabasebandreceiveramplifiersaturation\cudabasebandreceiveramplifiersaturation\x64\debug\cudabase.c116e853.tlog\cl.write.1.tlog
e:\visual_studio_2013_workingspace\second hierarchy dll\cudabasebandreceiveramplifiersaturation\cudabasebandreceiveramplifiersaturation\x64\debug\cudabase.c116e853.tlog\cudabasebandreceiveramplifiersaturation.write.1u.tlog
e:\visual_studio_2013_workingspace\second hierarchy dll\cudabasebandreceiveramplifiersaturation\cudabasebandreceiveramplifiersaturation\x64\debug\cudabase.c116e853.tlog\link.command.1.tlog
e:\visual_studio_2013_workingspace\second hierarchy dll\cudabasebandreceiveramplifiersaturation\cudabasebandreceiveramplifiersaturation\x64\debug\cudabase.c116e853.tlog\link.read.1.tlog
e:\visual_studio_2013_workingspace\second hierarchy dll\cudabasebandreceiveramplifiersaturation\cudabasebandreceiveramplifiersaturation\x64\debug\cudabase.c116e853.tlog\link.write.1.tlog
