生成启动时间为 2022/7/12 9:32:35。
     1>项目“E:\Visual_studio_2013_workingspace\CUDAMatchFilterSegmentedConvolution\CUDAMatchFilterSegmentedConvolution\CUDAMatchFilterSegmentedConvolution.vcxproj”在节点 2 上(Clean 个目标)。
     1>CudaClean:
         cmd.exe /C "C:\Users\admin\AppData\Local\Temp\tmp12fd7ebb2000407fac6499974763f821.cmd"
         "C:\Program Files\NVIDIA GPU Computing Toolkit\CUDA\v9.2\bin\nvcc.exe" -ccbin "D:\Visual_studio_2013\VC\bin" -x cu  -I"C:\Program Files\NVIDIA GPU Computing Toolkit\CUDA\v9.2\include" -I"C:\Program Files\NVIDIA GPU Computing Toolkit\CUDA\v9.2\include"  -G   --keep-dir Debug -maxrregcount=0  --machine 32 --compile   -g   -DWIN32 -D_DEBUG -D_WINDOWS -D_USRDLL -DCUDAMATCHFILTERSEGMENTEDCONVOLUTION_EXPORTS -D_WINDLL -D_UNICODE -DUNICODE -Xcompiler "/EHsc /W3 /nologo /Od  /FS /Zi /RTC1 /MDd " -o Debug\CUDAMatchFilterSegmentedConvolutionAlgorithmCore.cuh.obj "E:\Visual_studio_2013_workingspace\CUDAMatchFilterSegmentedConvolution\CUDAMatchFilterSegmentedConvolutionAlgorithm\CUDAMatchFilterSegmentedConvolutionAlgorithmCore.cuh" -clean
         
         E:\Visual_studio_2013_workingspace\CUDAMatchFilterSegmentedConvolution\CUDAMatchFilterSegmentedConvolution>"C:\Program Files\NVIDIA GPU Computing Toolkit\CUDA\v9.2\bin\nvcc.exe" -ccbin "D:\Visual_studio_2013\VC\bin" -x cu  -I"C:\Program Files\NVIDIA GPU Computing Toolkit\CUDA\v9.2\include" -I"C:\Program Files\NVIDIA GPU Computing Toolkit\CUDA\v9.2\include"  -G   --keep-dir Debug -maxrregcount=0  --machine 32 --compile   -g   -DWIN32 -D_DEBUG -D_WINDOWS -D_USRDLL -DCUDAMATCHFILTERSEGMENTEDCONVOLUTION_EXPORTS -D_WINDLL -D_UNICODE -DUNICODE -Xcompiler "/EHsc /W3 /nologo /Od  /FS /Zi /RTC1 /MDd " -o Debug\CUDAMatchFilterSegmentedConvolutionAlgorithmCore.cuh.obj "E:\Visual_studio_2013_workingspace\CUDAMatchFilterSegmentedConvolution\CUDAMatchFilterSegmentedConvolutionAlgorithm\CUDAMatchFilterSegmentedConvolutionAlgorithmCore.cuh" -clean 
         CUDAMatchFilterSegmentedConvolutionAlgorithmCore.cuh
       CudaClean:
         cmd.exe /C "C:\Users\admin\AppData\Local\Temp\tmpe3ecb9c67e084a13a0f1ffe708349546.cmd"
         "C:\Program Files\NVIDIA GPU Computing Toolkit\CUDA\v9.2\bin\nvcc.exe" -ccbin "D:\Visual_studio_2013\VC\bin" -x cu  -I"C:\Program Files\NVIDIA GPU Computing Toolkit\CUDA\v9.2\include" -I"C:\Program Files\NVIDIA GPU Computing Toolkit\CUDA\v9.2\include"  -G   --keep-dir Debug -maxrregcount=0  --machine 32 --compile   -g   -DWIN32 -D_DEBUG -D_WINDOWS -D_USRDLL -DCUDAMATCHFILTERSEGMENTEDCONVOLUTION_EXPORTS -D_WINDLL -D_UNICODE -DUNICODE -Xcompiler "/EHsc /W3 /nologo /Od  /FS /Zi /RTC1 /MDd " -o Debug\CUDAMathematicsFoundationArithmeticCore.cuh.obj "E:\Visual_studio_2013_workingspace\CUDAMatchFilterSegmentedConvolution\CUDAHeaderFileOfHierarchy1DLL\CUDAMathematicsFoundationArithmeticCore.cuh" -clean
         
         E:\Visual_studio_2013_workingspace\CUDAMatchFilterSegmentedConvolution\CUDAMatchFilterSegmentedConvolution>"C:\Program Files\NVIDIA GPU Computing Toolkit\CUDA\v9.2\bin\nvcc.exe" -ccbin "D:\Visual_studio_2013\VC\bin" -x cu  -I"C:\Program Files\NVIDIA GPU Computing Toolkit\CUDA\v9.2\include" -I"C:\Program Files\NVIDIA GPU Computing Toolkit\CUDA\v9.2\include"  -G   --keep-dir Debug -maxrregcount=0  --machine 32 --compile   -g   -DWIN32 -D_DEBUG -D_WINDOWS -D_USRDLL -DCUDAMATCHFILTERSEGMENTEDCONVOLUTION_EXPORTS -D_WINDLL -D_UNICODE -DUNICODE -Xcompiler "/EHsc /W3 /nologo /Od  /FS /Zi /RTC1 /MDd " -o Debug\CUDAMathematicsFoundationArithmeticCore.cuh.obj "E:\Visual_studio_2013_workingspace\CUDAMatchFilterSegmentedConvolution\CUDAHeaderFileOfHierarchy1DLL\CUDAMathematicsFoundationArithmeticCore.cuh" -clean 
         CUDAMathematicsFoundationArithmeticCore.cuh
       CudaClean:
         cmd.exe /C "C:\Users\admin\AppData\Local\Temp\tmp2c38962d6fa54253972c4f90c8281882.cmd"
         "C:\Program Files\NVIDIA GPU Computing Toolkit\CUDA\v9.2\bin\nvcc.exe" -ccbin "D:\Visual_studio_2013\VC\bin" -x cu  -I"C:\Program Files\NVIDIA GPU Computing Toolkit\CUDA\v9.2\include" -I"C:\Program Files\NVIDIA GPU Computing Toolkit\CUDA\v9.2\include"  -G   --keep-dir Debug -maxrregcount=0  --machine 32 --compile   -g   -DWIN32 -D_DEBUG -D_WINDOWS -D_USRDLL -DCUDAMATCHFILTERSEGMENTEDCONVOLUTION_EXPORTS -D_WINDLL -D_UNICODE -DUNICODE -Xcompiler "/EHsc /W3 /nologo /Od  /FS /Zi /RTC1 /MDd " -o Debug\CUDAMatchFilterSegmentedConvolutionAlgorithmCore.cu.obj "E:\Visual_studio_2013_workingspace\CUDAMatchFilterSegmentedConvolution\CUDAMatchFilterSegmentedConvolutionAlgorithm\CUDAMatchFilterSegmentedConvolutionAlgorithmCore.cu" -clean
         
         E:\Visual_studio_2013_workingspace\CUDAMatchFilterSegmentedConvolution\CUDAMatchFilterSegmentedConvolution>"C:\Program Files\NVIDIA GPU Computing Toolkit\CUDA\v9.2\bin\nvcc.exe" -ccbin "D:\Visual_studio_2013\VC\bin" -x cu  -I"C:\Program Files\NVIDIA GPU Computing Toolkit\CUDA\v9.2\include" -I"C:\Program Files\NVIDIA GPU Computing Toolkit\CUDA\v9.2\include"  -G   --keep-dir Debug -maxrregcount=0  --machine 32 --compile   -g   -DWIN32 -D_DEBUG -D_WINDOWS -D_USRDLL -DCUDAMATCHFILTERSEGMENTEDCONVOLUTION_EXPORTS -D_WINDLL -D_UNICODE -DUNICODE -Xcompiler "/EHsc /W3 /nologo /Od  /FS /Zi /RTC1 /MDd " -o Debug\CUDAMatchFilterSegmentedConvolutionAlgorithmCore.cu.obj "E:\Visual_studio_2013_workingspace\CUDAMatchFilterSegmentedConvolution\CUDAMatchFilterSegmentedConvolutionAlgorithm\CUDAMatchFilterSegmentedConvolutionAlgorithmCore.cu" -clean 
         CUDAMatchFilterSegmentedConvolutionAlgorithmCore.cu
     1>已完成生成项目“E:\Visual_studio_2013_workingspace\CUDAMatchFilterSegmentedConvolution\CUDAMatchFilterSegmentedConvolution\CUDAMatchFilterSegmentedConvolution.vcxproj”(Clean 个目标)的操作。

生成成功。

已用时间 00:00:01.17
