e:\visual_studio_2013_workingspace\cudamatchfiltersegmentedconvolution\cudamatchfiltersegmentedconvolution\debug\cudamatchfiltersegmentedconvolution.pch
e:\visual_studio_2013_workingspace\cudamatchfiltersegmentedconvolution\cudamatchfiltersegmentedconvolution\debug\vc120.pdb
e:\visual_studio_2013_workingspace\cudamatchfiltersegmentedconvolution\cudamatchfiltersegmentedconvolution\debug\vc120.idb
e:\visual_studio_2013_workingspace\cudamatchfiltersegmentedconvolution\cudamatchfiltersegmentedconvolution\debug\stdafx.obj
e:\visual_studio_2013_workingspace\cudamatchfiltersegmentedconvolution\cudamatchfiltersegmentedconvolution\debug\cudamatchfiltersegmentedconvolution.obj
e:\visual_studio_2013_workingspace\cudamatchfiltersegmentedconvolution\cudamatchfiltersegmentedconvolution\debug\dllmain.obj
e:\visual_studio_2013_workingspace\cudamatchfiltersegmentedconvolution\cudamatchfiltersegmentedconvolution\debug\cudamatchfiltersegmentedconvolutionalgorithmcore.cu.cache
e:\visual_studio_2013_workingspace\cudamatchfiltersegmentedconvolution\cudamatchfiltersegmentedconvolution\debug\cudamatchfiltersegmentedconvolutionalgorithmcore.cuh.cache
e:\visual_studio_2013_workingspace\cudamatchfiltersegmentedconvolution\cudamatchfiltersegmentedconvolution\debug\cudamathematicsfoundationarithmeticcore.cuh.cache
e:\visual_studio_2013_workingspace\cudamatchfiltersegmentedconvolution\cudamatchfiltersegmentedconvolution\debug\cudamatchfiltersegmentedconvolutionalgorithmcore.cu.obj
e:\visual_studio_2013_workingspace\cudamatchfiltersegmentedconvolution\cudamatchfiltersegmentedconvolution\debug\cudamatchfiltersegmentedconvolutionalgorithmcore.cuh.obj
e:\visual_studio_2013_workingspace\cudamatchfiltersegmentedconvolution\cudamatchfiltersegmentedconvolution\debug\cudamathematicsfoundationarithmeticcore.cuh.obj
e:\visual_studio_2013_workingspace\cudamatchfiltersegmentedconvolution\debug\cudamatchfiltersegmentedconvolution.pdb
e:\visual_studio_2013_workingspace\cudamatchfiltersegmentedconvolution\cudamatchfiltersegmentedconvolution\debug\cudamatc.4c0d2f90.tlog\cl.command.1.tlog
e:\visual_studio_2013_workingspace\cudamatchfiltersegmentedconvolution\cudamatchfiltersegmentedconvolution\debug\cudamatc.4c0d2f90.tlog\cl.read.1.tlog
e:\visual_studio_2013_workingspace\cudamatchfiltersegmentedconvolution\cudamatchfiltersegmentedconvolution\debug\cudamatc.4c0d2f90.tlog\cl.write.1.tlog
e:\visual_studio_2013_workingspace\cudamatchfiltersegmentedconvolution\cudamatchfiltersegmentedconvolution\debug\cudamatc.4c0d2f90.tlog\link-cvtres.read.1.tlog
e:\visual_studio_2013_workingspace\cudamatchfiltersegmentedconvolution\cudamatchfiltersegmentedconvolution\debug\cudamatc.4c0d2f90.tlog\link-cvtres.write.1.tlog
e:\visual_studio_2013_workingspace\cudamatchfiltersegmentedconvolution\cudamatchfiltersegmentedconvolution\debug\cudamatc.4c0d2f90.tlog\link-rc.read.1.tlog
e:\visual_studio_2013_workingspace\cudamatchfiltersegmentedconvolution\cudamatchfiltersegmentedconvolution\debug\cudamatc.4c0d2f90.tlog\link-rc.write.1.tlog
e:\visual_studio_2013_workingspace\cudamatchfiltersegmentedconvolution\cudamatchfiltersegmentedconvolution\debug\cudamatc.4c0d2f90.tlog\link.command.1.tlog
e:\visual_studio_2013_workingspace\cudamatchfiltersegmentedconvolution\cudamatchfiltersegmentedconvolution\debug\cudamatc.4c0d2f90.tlog\link.read.1.tlog
e:\visual_studio_2013_workingspace\cudamatchfiltersegmentedconvolution\cudamatchfiltersegmentedconvolution\debug\cudamatc.4c0d2f90.tlog\link.write.1.tlog
