生成启动时间为 2022/8/22 15:43:45。
     1>项目“E:\Visual_studio_2013_workingspace\Second hierarchy DLL\CUDAEchoSignalGenerator\CUDAEchoSignalGenerator\CUDAEchoSignalGenerator.vcxproj”在节点 2 上(Rebuild 个目标)。
     1>CudaClean:
         cmd.exe /C "C:\Users\admin\AppData\Local\Temp\tmpb0a4d92b15fb46cbb2b6da81ff88992c.cmd"
         "C:\Program Files\NVIDIA GPU Computing Toolkit\CUDA\v9.2\bin\nvcc.exe" -ccbin "D:\Visual_studio_2013\VC\bin\x86_amd64" -x cu  -I"E:\Visual_studio_2013_workingspace\Second hierarchy DLL\CUDAEchoSignalGenerator\CUDAHeaderFileOfHierarchy1DLL\\" -I"C:\Program Files\NVIDIA GPU Computing Toolkit\CUDA\v9.2\include" -I"C:\Program Files\NVIDIA GPU Computing Toolkit\CUDA\v9.2\include"  -G   --keep-dir x64\Debug -maxrregcount=0  --machine 64 --compile   -g   -DWIN32 -D_DEBUG -D_WINDOWS -D_USRDLL -DCUDAECHOSIGNALGENERATOR_EXPORTS -D_WINDLL -D_UNICODE -DUNICODE -Xcompiler "/EHsc /W3 /nologo /Od  /FS /Zi /RTC1 /MDd " -o x64\Debug\CUDAEchoSignalGeneratorAlgorithmCore.cu.obj "E:\Visual_studio_2013_workingspace\Second hierarchy DLL\CUDAEchoSignalGenerator\CUDAEchoSignalGeneratorAlgorithm\CUDAEchoSignalGeneratorAlgorithmCore.cu" -clean
         
         E:\Visual_studio_2013_workingspace\Second hierarchy DLL\CUDAEchoSignalGenerator\CUDAEchoSignalGenerator>"C:\Program Files\NVIDIA GPU Computing Toolkit\CUDA\v9.2\bin\nvcc.exe" -ccbin "D:\Visual_studio_2013\VC\bin\x86_amd64" -x cu  -I"E:\Visual_studio_2013_workingspace\Second hierarchy DLL\CUDAEchoSignalGenerator\CUDAHeaderFileOfHierarchy1DLL\\" -I"C:\Program Files\NVIDIA GPU Computing Toolkit\CUDA\v9.2\include" -I"C:\Program Files\NVIDIA GPU Computing Toolkit\CUDA\v9.2\include"  -G   --keep-dir x64\Debug -maxrregcount=0  --machine 64 --compile   -g   -DWIN32 -D_DEBUG -D_WINDOWS -D_USRDLL -DCUDAECHOSIGNALGENERATOR_EXPORTS -D_WINDLL -D_UNICODE -DUNICODE -Xcompiler "/EHsc /W3 /nologo /Od  /FS /Zi /RTC1 /MDd " -o x64\Debug\CUDAEchoSignalGeneratorAlgorithmCore.cu.obj "E:\Visual_studio_2013_workingspace\Second hierarchy DLL\CUDAEchoSignalGenerator\CUDAEchoSignalGeneratorAlgorithm\CUDAEchoSignalGeneratorAlgorithmCore.cu" -clean 
         CUDAEchoSignalGeneratorAlgorithmCore.cu
       AddCudaCompileDeps:
         D:\Visual_studio_2013\VC\bin\x86_amd64\cl.exe /E /nologo /showIncludes /TP /D__CUDACC__ /DWIN32 /D_DEBUG /D_WINDOWS /D_USRDLL /DCUDAECHOSIGNALGENERATOR_EXPORTS /D_WINDLL /D_UNICODE /DUNICODE /I"E:\Visual_studio_2013_workingspace\Second hierarchy DLL\CUDAEchoSignalGenerator\CUDAHeaderFileOfHierarchy1DLL\" /I"C:\Program Files\NVIDIA GPU Computing Toolkit\CUDA\v9.2\include" /I"C:\Program Files\NVIDIA GPU Computing Toolkit\CUDA\v9.2\bin" /I"C:\Program Files\NVIDIA GPU Computing Toolkit\CUDA\v9.2\include" /I. /FIcuda_runtime.h /c "E:\Visual_studio_2013_workingspace\Second hierarchy DLL\CUDAEchoSignalGenerator\CUDAEchoSignalGeneratorAlgorithm\CUDAEchoSignalGeneratorAlgorithmCore.cu" 
     1>项目“E:\Visual_studio_2013_workingspace\Second hierarchy DLL\CUDAEchoSignalGenerator\CUDAEchoSignalGenerator\CUDAEchoSignalGenerator.vcxproj”(1)正在节点 2 上生成“E:\Visual_studio_2013_workingspace\Second hierarchy DLL\CUDAEchoSignalGenerator\CUDAEchoSignalGenerator\CUDAEchoSignalGenerator.vcxproj”(1:2) (CudaBuildCore 个目标)。
     1>CudaBuildCore:
         Compiling CUDA source file ..\CUDAEchoSignalGeneratorAlgorithm\CUDAEchoSignalGeneratorAlgorithmCore.cu...
         cmd.exe /C "C:\Users\admin\AppData\Local\Temp\tmpdae40abe3d04451dba9e04c8c82477f6.cmd"
         "C:\Program Files\NVIDIA GPU Computing Toolkit\CUDA\v9.2\bin\nvcc.exe" -gencode=arch=compute_30,code=\"sm_30,compute_30\" --use-local-env -ccbin "D:\Visual_studio_2013\VC\bin\x86_amd64" -x cu  -I"E:\Visual_studio_2013_workingspace\Second hierarchy DLL\CUDAEchoSignalGenerator\CUDAHeaderFileOfHierarchy1DLL\\" -I"C:\Program Files\NVIDIA GPU Computing Toolkit\CUDA\v9.2\include" -I"C:\Program Files\NVIDIA GPU Computing Toolkit\CUDA\v9.2\include"  -G   --keep-dir x64\Debug -maxrregcount=0  --machine 64 --compile -cudart static  -g   -DWIN32 -D_DEBUG -D_WINDOWS -D_USRDLL -DCUDAECHOSIGNALGENERATOR_EXPORTS -D_WINDLL -D_UNICODE -DUNICODE -Xcompiler "/EHsc /W3 /nologo /Od /Fdx64\Debug\vc120.pdb /FS /Zi /RTC1 /MDd " -o x64\Debug\CUDAEchoSignalGeneratorAlgorithmCore.cu.obj "E:\Visual_studio_2013_workingspace\Second hierarchy DLL\CUDAEchoSignalGenerator\CUDAEchoSignalGeneratorAlgorithm\CUDAEchoSignalGeneratorAlgorithmCore.cu"
         
         E:\Visual_studio_2013_workingspace\Second hierarchy DLL\CUDAEchoSignalGenerator\CUDAEchoSignalGenerator>"C:\Program Files\NVIDIA GPU Computing Toolkit\CUDA\v9.2\bin\nvcc.exe" -gencode=arch=compute_30,code=\"sm_30,compute_30\" --use-local-env -ccbin "D:\Visual_studio_2013\VC\bin\x86_amd64" -x cu  -I"E:\Visual_studio_2013_workingspace\Second hierarchy DLL\CUDAEchoSignalGenerator\CUDAHeaderFileOfHierarchy1DLL\\" -I"C:\Program Files\NVIDIA GPU Computing Toolkit\CUDA\v9.2\include" -I"C:\Program Files\NVIDIA GPU Computing Toolkit\CUDA\v9.2\include"  -G   --keep-dir x64\Debug -maxrregcount=0  --machine 64 --compile -cudart static  -g   -DWIN32 -D_DEBUG -D_WINDOWS -D_USRDLL -DCUDAECHOSIGNALGENERATOR_EXPORTS -D_WINDLL -D_UNICODE -DUNICODE -Xcompiler "/EHsc /W3 /nologo /Od /Fdx64\Debug\vc120.pdb /FS /Zi /RTC1 /MDd " -o x64\Debug\CUDAEchoSignalGeneratorAlgorithmCore.cu.obj "E:\Visual_studio_2013_workingspace\Second hierarchy DLL\CUDAEchoSignalGenerator\CUDAEchoSignalGeneratorAlgorithm\CUDAEchoSignalGeneratorAlgorithmCore.cu" 
     1>c:\program files\nvidia gpu computing toolkit\cuda\v9.2\include\crt\math_functions.h : warning C4819: 该文件包含不能在当前代码页(936)中表示的字符。请将该文件保存为 Unicode 格式以防止数据丢失
     1>c:\program files\nvidia gpu computing toolkit\cuda\v9.2\include\crt\math_functions.h(831): warning C4819: 该文件包含不能在当前代码页(936)中表示的字符。请将该文件保存为 Unicode 格式以防止数据丢失
     1>c:\program files\nvidia gpu computing toolkit\cuda\v9.2\include\crt\math_functions.h(1769): warning C4819: 该文件包含不能在当前代码页(936)中表示的字符。请将该文件保存为 Unicode 格式以防止数据丢失
     1>c:\program files\nvidia gpu computing toolkit\cuda\v9.2\include\crt\math_functions.h(2624): warning C4819: 该文件包含不能在当前代码页(936)中表示的字符。请将该文件保存为 Unicode 格式以防止数据丢失
     1>c:\program files\nvidia gpu computing toolkit\cuda\v9.2\include\crt\math_functions.h(3462): warning C4819: 该文件包含不能在当前代码页(936)中表示的字符。请将该文件保存为 Unicode 格式以防止数据丢失
     1>c:\program files\nvidia gpu computing toolkit\cuda\v9.2\include\crt\math_functions.h(4411): warning C4819: 该文件包含不能在当前代码页(936)中表示的字符。请将该文件保存为 Unicode 格式以防止数据丢失
     1>c:\program files\nvidia gpu computing toolkit\cuda\v9.2\include\crt\math_functions.h(5309): warning C4819: 该文件包含不能在当前代码页(936)中表示的字符。请将该文件保存为 Unicode 格式以防止数据丢失
     1>c:\program files\nvidia gpu computing toolkit\cuda\v9.2\include\crt\math_functions.h(6217): warning C4819: 该文件包含不能在当前代码页(936)中表示的字符。请将该文件保存为 Unicode 格式以防止数据丢失
     1>c:\program files\nvidia gpu computing toolkit\cuda\v9.2\include\crt\math_functions.h(7097): warning C4819: 该文件包含不能在当前代码页(936)中表示的字符。请将该文件保存为 Unicode 格式以防止数据丢失
     1>c:\program files\nvidia gpu computing toolkit\cuda\v9.2\include\crt\math_functions.h(7901): warning C4819: 该文件包含不能在当前代码页(936)中表示的字符。请将该文件保存为 Unicode 格式以防止数据丢失
     1>c:\program files\nvidia gpu computing toolkit\cuda\v9.2\include\crt/device_functions.h : warning C4819: 该文件包含不能在当前代码页(936)中表示的字符。请将该文件保存为 Unicode 格式以防止数据丢失
     1>c:\program files\nvidia gpu computing toolkit\cuda\v9.2\include\crt/device_functions.h(776): warning C4819: 该文件包含不能在当前代码页(936)中表示的字符。请将该文件保存为 Unicode 格式以防止数据丢失
     1>c:\program files\nvidia gpu computing toolkit\cuda\v9.2\include\crt/device_functions.h(1636): warning C4819: 该文件包含不能在当前代码页(936)中表示的字符。请将该文件保存为 Unicode 格式以防止数据丢失
     1>c:\program files\nvidia gpu computing toolkit\cuda\v9.2\include\crt\device_double_functions.h : warning C4819: 该文件包含不能在当前代码页(936)中表示的字符。请将该文件保存为 Unicode 格式以防止数据丢失
     1>c:\program files\nvidia gpu computing toolkit\cuda\v9.2\include\sm_20_intrinsics.h : warning C4819: 该文件包含不能在当前代码页(936)中表示的字符。请将该文件保存为 Unicode 格式以防止数据丢失
     1>c:\program files\nvidia gpu computing toolkit\cuda\v9.2\include\sm_20_intrinsics.h(925): warning C4819: 该文件包含不能在当前代码页(936)中表示的字符。请将该文件保存为 Unicode 格式以防止数据丢失
     1>E:/Visual_studio_2013_workingspace/Second hierarchy DLL/CUDAEchoSignalGenerator/CUDAEchoSignalGeneratorAlgorithm/CUDAEchoSignalGeneratorAlgorithmCore.cu(178): warning : calling a __host__ function from a __host__ __device__ function is not allowed
     1>E:/Visual_studio_2013_workingspace/Second hierarchy DLL/CUDAEchoSignalGenerator/CUDAEchoSignalGeneratorAlgorithm/CUDAEchoSignalGeneratorAlgorithmCore.cu(183): warning : calling a __host__ function from a __host__ __device__ function is not allowed
     1>E:/Visual_studio_2013_workingspace/Second hierarchy DLL/CUDAEchoSignalGenerator/CUDAEchoSignalGeneratorAlgorithm/CUDAEchoSignalGeneratorAlgorithmCore.cu(188): warning : calling a __host__ function from a __host__ __device__ function is not allowed
     1>E:/Visual_studio_2013_workingspace/Second hierarchy DLL/CUDAEchoSignalGenerator/CUDAEchoSignalGeneratorAlgorithm/CUDAEchoSignalGeneratorAlgorithmCore.cu(193): warning : calling a __host__ function from a __host__ __device__ function is not allowed
     1>E:/Visual_studio_2013_workingspace/Second hierarchy DLL/CUDAEchoSignalGenerator/CUDAEchoSignalGeneratorAlgorithm/CUDAEchoSignalGeneratorAlgorithmCore.cu(198): warning : calling a __host__ function from a __host__ __device__ function is not allowed
     1>E:/Visual_studio_2013_workingspace/Second hierarchy DLL/CUDAEchoSignalGenerator/CUDAEchoSignalGeneratorAlgorithm/CUDAEchoSignalGeneratorAlgorithmCore.cu(203): warning : calling a __host__ function from a __host__ __device__ function is not allowed
     1>E:/Visual_studio_2013_workingspace/Second hierarchy DLL/CUDAEchoSignalGenerator/CUDAEchoSignalGeneratorAlgorithm/CUDAEchoSignalGeneratorAlgorithmCore.cu(208): warning : calling a __host__ function from a __host__ __device__ function is not allowed
     1>E:/Visual_studio_2013_workingspace/Second hierarchy DLL/CUDAEchoSignalGenerator/CUDAEchoSignalGeneratorAlgorithm/CUDAEchoSignalGeneratorAlgorithmCore.cu(213): warning : calling a __host__ function from a __host__ __device__ function is not allowed
     1>E:/Visual_studio_2013_workingspace/Second hierarchy DLL/CUDAEchoSignalGenerator/CUDAEchoSignalGeneratorAlgorithm/CUDAEchoSignalGeneratorAlgorithmCore.cu(218): warning : calling a __host__ function from a __host__ __device__ function is not allowed
     1>E:/Visual_studio_2013_workingspace/Second hierarchy DLL/CUDAEchoSignalGenerator/CUDAEchoSignalGeneratorAlgorithm/CUDAEchoSignalGeneratorAlgorithmCore.cu(496): warning : variable "Pulse_Size" was declared but never referenced
     1>E:/Visual_studio_2013_workingspace/Second hierarchy DLL/CUDAEchoSignalGenerator/CUDAEchoSignalGeneratorAlgorithm/CUDAEchoSignalGeneratorAlgorithmCore.cu(172): warning : calling a __host__ function("std::vector<std::vector<int, std::allocator<int> > , std::allocator<std::vector<int, std::allocator<int> > > > ::vector") from a __host__ __device__ function("PhaseBarkerMN") is not allowed
     1>E:/Visual_studio_2013_workingspace/Second hierarchy DLL/CUDAEchoSignalGenerator/CUDAEchoSignalGeneratorAlgorithm/CUDAEchoSignalGeneratorAlgorithmCore.cu(178): warning : calling a __host__ function("std::vector<int, std::allocator<int> > ::vector<int *, void> ") from a __host__ __device__ function("PhaseBarkerMN") is not allowed
     1>E:/Visual_studio_2013_workingspace/Second hierarchy DLL/CUDAEchoSignalGenerator/CUDAEchoSignalGeneratorAlgorithm/CUDAEchoSignalGeneratorAlgorithmCore.cu(179): warning : calling a __host__ function("std::vector<std::vector<int, std::allocator<int> > , std::allocator<std::vector<int, std::allocator<int> > > > ::push_back") from a __host__ __device__ function("PhaseBarkerMN") is not allowed
     1>E:/Visual_studio_2013_workingspace/Second hierarchy DLL/CUDAEchoSignalGenerator/CUDAEchoSignalGeneratorAlgorithm/CUDAEchoSignalGeneratorAlgorithmCore.cu(180): warning : calling a __host__ function("std::vector<int, std::allocator<int> > ::~vector") from a __host__ __device__ function("PhaseBarkerMN") is not allowed
     1>E:/Visual_studio_2013_workingspace/Second hierarchy DLL/CUDAEchoSignalGenerator/CUDAEchoSignalGeneratorAlgorithm/CUDAEchoSignalGeneratorAlgorithmCore.cu(183): warning : calling a __host__ function("std::vector<int, std::allocator<int> > ::vector<int *, void> ") from a __host__ __device__ function("PhaseBarkerMN") is not allowed
     1>E:/Visual_studio_2013_workingspace/Second hierarchy DLL/CUDAEchoSignalGenerator/CUDAEchoSignalGeneratorAlgorithm/CUDAEchoSignalGeneratorAlgorithmCore.cu(184): warning : calling a __host__ function("std::vector<std::vector<int, std::allocator<int> > , std::allocator<std::vector<int, std::allocator<int> > > > ::push_back") from a __host__ __device__ function("PhaseBarkerMN") is not allowed
     1>E:/Visual_studio_2013_workingspace/Second hierarchy DLL/CUDAEchoSignalGenerator/CUDAEchoSignalGeneratorAlgorithm/CUDAEchoSignalGeneratorAlgorithmCore.cu(185): warning : calling a __host__ function("std::vector<int, std::allocator<int> > ::~vector") from a __host__ __device__ function("PhaseBarkerMN") is not allowed
     1>E:/Visual_studio_2013_workingspace/Second hierarchy DLL/CUDAEchoSignalGenerator/CUDAEchoSignalGeneratorAlgorithm/CUDAEchoSignalGeneratorAlgorithmCore.cu(188): warning : calling a __host__ function("std::vector<int, std::allocator<int> > ::vector<int *, void> ") from a __host__ __device__ function("PhaseBarkerMN") is not allowed
     1>E:/Visual_studio_2013_workingspace/Second hierarchy DLL/CUDAEchoSignalGenerator/CUDAEchoSignalGeneratorAlgorithm/CUDAEchoSignalGeneratorAlgorithmCore.cu(189): warning : calling a __host__ function("std::vector<std::vector<int, std::allocator<int> > , std::allocator<std::vector<int, std::allocator<int> > > > ::push_back") from a __host__ __device__ function("PhaseBarkerMN") is not allowed
     1>E:/Visual_studio_2013_workingspace/Second hierarchy DLL/CUDAEchoSignalGenerator/CUDAEchoSignalGeneratorAlgorithm/CUDAEchoSignalGeneratorAlgorithmCore.cu(190): warning : calling a __host__ function("std::vector<int, std::allocator<int> > ::~vector") from a __host__ __device__ function("PhaseBarkerMN") is not allowed
     1>E:/Visual_studio_2013_workingspace/Second hierarchy DLL/CUDAEchoSignalGenerator/CUDAEchoSignalGeneratorAlgorithm/CUDAEchoSignalGeneratorAlgorithmCore.cu(193): warning : calling a __host__ function("std::vector<int, std::allocator<int> > ::vector<int *, void> ") from a __host__ __device__ function("PhaseBarkerMN") is not allowed
     1>E:/Visual_studio_2013_workingspace/Second hierarchy DLL/CUDAEchoSignalGenerator/CUDAEchoSignalGeneratorAlgorithm/CUDAEchoSignalGeneratorAlgorithmCore.cu(194): warning : calling a __host__ function("std::vector<std::vector<int, std::allocator<int> > , std::allocator<std::vector<int, std::allocator<int> > > > ::push_back") from a __host__ __device__ function("PhaseBarkerMN") is not allowed
     1>E:/Visual_studio_2013_workingspace/Second hierarchy DLL/CUDAEchoSignalGenerator/CUDAEchoSignalGeneratorAlgorithm/CUDAEchoSignalGeneratorAlgorithmCore.cu(195): warning : calling a __host__ function("std::vector<int, std::allocator<int> > ::~vector") from a __host__ __device__ function("PhaseBarkerMN") is not allowed
     1>E:/Visual_studio_2013_workingspace/Second hierarchy DLL/CUDAEchoSignalGenerator/CUDAEchoSignalGeneratorAlgorithm/CUDAEchoSignalGeneratorAlgorithmCore.cu(198): warning : calling a __host__ function("std::vector<int, std::allocator<int> > ::vector<int *, void> ") from a __host__ __device__ function("PhaseBarkerMN") is not allowed
     1>E:/Visual_studio_2013_workingspace/Second hierarchy DLL/CUDAEchoSignalGenerator/CUDAEchoSignalGeneratorAlgorithm/CUDAEchoSignalGeneratorAlgorithmCore.cu(199): warning : calling a __host__ function("std::vector<std::vector<int, std::allocator<int> > , std::allocator<std::vector<int, std::allocator<int> > > > ::push_back") from a __host__ __device__ function("PhaseBarkerMN") is not allowed
     1>E:/Visual_studio_2013_workingspace/Second hierarchy DLL/CUDAEchoSignalGenerator/CUDAEchoSignalGeneratorAlgorithm/CUDAEchoSignalGeneratorAlgorithmCore.cu(200): warning : calling a __host__ function("std::vector<int, std::allocator<int> > ::~vector") from a __host__ __device__ function("PhaseBarkerMN") is not allowed
     1>E:/Visual_studio_2013_workingspace/Second hierarchy DLL/CUDAEchoSignalGenerator/CUDAEchoSignalGeneratorAlgorithm/CUDAEchoSignalGeneratorAlgorithmCore.cu(203): warning : calling a __host__ function("std::vector<int, std::allocator<int> > ::vector<int *, void> ") from a __host__ __device__ function("PhaseBarkerMN") is not allowed
     1>E:/Visual_studio_2013_workingspace/Second hierarchy DLL/CUDAEchoSignalGenerator/CUDAEchoSignalGeneratorAlgorithm/CUDAEchoSignalGeneratorAlgorithmCore.cu(204): warning : calling a __host__ function("std::vector<std::vector<int, std::allocator<int> > , std::allocator<std::vector<int, std::allocator<int> > > > ::push_back") from a __host__ __device__ function("PhaseBarkerMN") is not allowed
     1>E:/Visual_studio_2013_workingspace/Second hierarchy DLL/CUDAEchoSignalGenerator/CUDAEchoSignalGeneratorAlgorithm/CUDAEchoSignalGeneratorAlgorithmCore.cu(205): warning : calling a __host__ function("std::vector<int, std::allocator<int> > ::~vector") from a __host__ __device__ function("PhaseBarkerMN") is not allowed
     1>E:/Visual_studio_2013_workingspace/Second hierarchy DLL/CUDAEchoSignalGenerator/CUDAEchoSignalGeneratorAlgorithm/CUDAEchoSignalGeneratorAlgorithmCore.cu(208): warning : calling a __host__ function("std::vector<int, std::allocator<int> > ::vector<int *, void> ") from a __host__ __device__ function("PhaseBarkerMN") is not allowed
     1>E:/Visual_studio_2013_workingspace/Second hierarchy DLL/CUDAEchoSignalGenerator/CUDAEchoSignalGeneratorAlgorithm/CUDAEchoSignalGeneratorAlgorithmCore.cu(209): warning : calling a __host__ function("std::vector<std::vector<int, std::allocator<int> > , std::allocator<std::vector<int, std::allocator<int> > > > ::push_back") from a __host__ __device__ function("PhaseBarkerMN") is not allowed
     1>E:/Visual_studio_2013_workingspace/Second hierarchy DLL/CUDAEchoSignalGenerator/CUDAEchoSignalGeneratorAlgorithm/CUDAEchoSignalGeneratorAlgorithmCore.cu(210): warning : calling a __host__ function("std::vector<int, std::allocator<int> > ::~vector") from a __host__ __device__ function("PhaseBarkerMN") is not allowed
     1>E:/Visual_studio_2013_workingspace/Second hierarchy DLL/CUDAEchoSignalGenerator/CUDAEchoSignalGeneratorAlgorithm/CUDAEchoSignalGeneratorAlgorithmCore.cu(213): warning : calling a __host__ function("std::vector<int, std::allocator<int> > ::vector<int *, void> ") from a __host__ __device__ function("PhaseBarkerMN") is not allowed
     1>E:/Visual_studio_2013_workingspace/Second hierarchy DLL/CUDAEchoSignalGenerator/CUDAEchoSignalGeneratorAlgorithm/CUDAEchoSignalGeneratorAlgorithmCore.cu(214): warning : calling a __host__ function("std::vector<std::vector<int, std::allocator<int> > , std::allocator<std::vector<int, std::allocator<int> > > > ::push_back") from a __host__ __device__ function("PhaseBarkerMN") is not allowed
     1>E:/Visual_studio_2013_workingspace/Second hierarchy DLL/CUDAEchoSignalGenerator/CUDAEchoSignalGeneratorAlgorithm/CUDAEchoSignalGeneratorAlgorithmCore.cu(215): warning : calling a __host__ function("std::vector<int, std::allocator<int> > ::~vector") from a __host__ __device__ function("PhaseBarkerMN") is not allowed
     1>E:/Visual_studio_2013_workingspace/Second hierarchy DLL/CUDAEchoSignalGenerator/CUDAEchoSignalGeneratorAlgorithm/CUDAEchoSignalGeneratorAlgorithmCore.cu(218): warning : calling a __host__ function("std::vector<int, std::allocator<int> > ::vector<int *, void> ") from a __host__ __device__ function("PhaseBarkerMN") is not allowed
     1>E:/Visual_studio_2013_workingspace/Second hierarchy DLL/CUDAEchoSignalGenerator/CUDAEchoSignalGeneratorAlgorithm/CUDAEchoSignalGeneratorAlgorithmCore.cu(219): warning : calling a __host__ function("std::vector<std::vector<int, std::allocator<int> > , std::allocator<std::vector<int, std::allocator<int> > > > ::push_back") from a __host__ __device__ function("PhaseBarkerMN") is not allowed
     1>E:/Visual_studio_2013_workingspace/Second hierarchy DLL/CUDAEchoSignalGenerator/CUDAEchoSignalGeneratorAlgorithm/CUDAEchoSignalGeneratorAlgorithmCore.cu(220): warning : calling a __host__ function("std::vector<int, std::allocator<int> > ::~vector") from a __host__ __device__ function("PhaseBarkerMN") is not allowed
     1>E:/Visual_studio_2013_workingspace/Second hierarchy DLL/CUDAEchoSignalGenerator/CUDAEchoSignalGeneratorAlgorithm/CUDAEchoSignalGeneratorAlgorithmCore.cu(223): warning : calling a __host__ function("std::vector<int, std::allocator<int> > ::vector") from a __host__ __device__ function("PhaseBarkerMN") is not allowed
     1>E:/Visual_studio_2013_workingspace/Second hierarchy DLL/CUDAEchoSignalGenerator/CUDAEchoSignalGeneratorAlgorithm/CUDAEchoSignalGeneratorAlgorithmCore.cu(228): warning : calling a __host__ function("std::vector<int, std::allocator<int> > ::operator []") from a __host__ __device__ function("PhaseBarkerMN") is not allowed
     1>E:/Visual_studio_2013_workingspace/Second hierarchy DLL/CUDAEchoSignalGenerator/CUDAEchoSignalGeneratorAlgorithm/CUDAEchoSignalGeneratorAlgorithmCore.cu(228): warning : calling a __host__ function("std::vector<std::vector<int, std::allocator<int> > , std::allocator<std::vector<int, std::allocator<int> > > > ::operator []") from a __host__ __device__ function("PhaseBarkerMN") is not allowed
     1>E:/Visual_studio_2013_workingspace/Second hierarchy DLL/CUDAEchoSignalGenerator/CUDAEchoSignalGeneratorAlgorithm/CUDAEchoSignalGeneratorAlgorithmCore.cu(228): warning : calling a __host__ function("std::vector<int, std::allocator<int> > ::operator []") from a __host__ __device__ function("PhaseBarkerMN") is not allowed
     1>E:/Visual_studio_2013_workingspace/Second hierarchy DLL/CUDAEchoSignalGenerator/CUDAEchoSignalGeneratorAlgorithm/CUDAEchoSignalGeneratorAlgorithmCore.cu(228): warning : calling a __host__ function("std::vector<std::vector<int, std::allocator<int> > , std::allocator<std::vector<int, std::allocator<int> > > > ::operator []") from a __host__ __device__ function("PhaseBarkerMN") is not allowed
     1>E:/Visual_studio_2013_workingspace/Second hierarchy DLL/CUDAEchoSignalGenerator/CUDAEchoSignalGeneratorAlgorithm/CUDAEchoSignalGeneratorAlgorithmCore.cu(229): warning : calling a __host__ function("std::vector<int, std::allocator<int> > ::push_back") from a __host__ __device__ function("PhaseBarkerMN") is not allowed
     1>E:/Visual_studio_2013_workingspace/Second hierarchy DLL/CUDAEchoSignalGenerator/CUDAEchoSignalGeneratorAlgorithm/CUDAEchoSignalGeneratorAlgorithmCore.cu(232): warning : calling a __host__ function("std::vector<int, std::allocator<int> > ::size const") from a __host__ __device__ function("PhaseBarkerMN") is not allowed
     1>E:/Visual_studio_2013_workingspace/Second hierarchy DLL/CUDAEchoSignalGenerator/CUDAEchoSignalGeneratorAlgorithm/CUDAEchoSignalGeneratorAlgorithmCore.cu(234): warning : calling a __host__ function("std::vector<int, std::allocator<int> > ::operator []") from a __host__ __device__ function("PhaseBarkerMN") is not allowed
     1>E:/Visual_studio_2013_workingspace/Second hierarchy DLL/CUDAEchoSignalGenerator/CUDAEchoSignalGeneratorAlgorithm/CUDAEchoSignalGeneratorAlgorithmCore.cu(242): warning : calling a __host__ function("std::vector<int, std::allocator<int> > ::~vector") from a __host__ __device__ function("PhaseBarkerMN") is not allowed
     1>E:/Visual_studio_2013_workingspace/Second hierarchy DLL/CUDAEchoSignalGenerator/CUDAEchoSignalGeneratorAlgorithm/CUDAEchoSignalGeneratorAlgorithmCore.cu(242): warning : calling a __host__ function("std::vector<std::vector<int, std::allocator<int> > , std::allocator<std::vector<int, std::allocator<int> > > > ::~vector") from a __host__ __device__ function("PhaseBarkerMN") is not allowed
     1>c:\program files\nvidia gpu computing toolkit\cuda\v9.2\include\crt\math_functions.h : warning C4819: 该文件包含不能在当前代码页(936)中表示的字符。请将该文件保存为 Unicode 格式以防止数据丢失
     1>c:\program files\nvidia gpu computing toolkit\cuda\v9.2\include\crt\math_functions.h(831): warning C4819: 该文件包含不能在当前代码页(936)中表示的字符。请将该文件保存为 Unicode 格式以防止数据丢失
     1>c:\program files\nvidia gpu computing toolkit\cuda\v9.2\include\crt\math_functions.h(1769): warning C4819: 该文件包含不能在当前代码页(936)中表示的字符。请将该文件保存为 Unicode 格式以防止数据丢失
     1>c:\program files\nvidia gpu computing toolkit\cuda\v9.2\include\crt\math_functions.h(2624): warning C4819: 该文件包含不能在当前代码页(936)中表示的字符。请将该文件保存为 Unicode 格式以防止数据丢失
     1>c:\program files\nvidia gpu computing toolkit\cuda\v9.2\include\crt\math_functions.h(3462): warning C4819: 该文件包含不能在当前代码页(936)中表示的字符。请将该文件保存为 Unicode 格式以防止数据丢失
     1>c:\program files\nvidia gpu computing toolkit\cuda\v9.2\include\crt\math_functions.h(4411): warning C4819: 该文件包含不能在当前代码页(936)中表示的字符。请将该文件保存为 Unicode 格式以防止数据丢失
     1>c:\program files\nvidia gpu computing toolkit\cuda\v9.2\include\crt\math_functions.h(5309): warning C4819: 该文件包含不能在当前代码页(936)中表示的字符。请将该文件保存为 Unicode 格式以防止数据丢失
     1>c:\program files\nvidia gpu computing toolkit\cuda\v9.2\include\crt\math_functions.h(6217): warning C4819: 该文件包含不能在当前代码页(936)中表示的字符。请将该文件保存为 Unicode 格式以防止数据丢失
     1>c:\program files\nvidia gpu computing toolkit\cuda\v9.2\include\crt\math_functions.h(7097): warning C4819: 该文件包含不能在当前代码页(936)中表示的字符。请将该文件保存为 Unicode 格式以防止数据丢失
     1>c:\program files\nvidia gpu computing toolkit\cuda\v9.2\include\crt\math_functions.h(7901): warning C4819: 该文件包含不能在当前代码页(936)中表示的字符。请将该文件保存为 Unicode 格式以防止数据丢失
     1>c:\program files\nvidia gpu computing toolkit\cuda\v9.2\include\crt/device_functions.h : warning C4819: 该文件包含不能在当前代码页(936)中表示的字符。请将该文件保存为 Unicode 格式以防止数据丢失
     1>c:\program files\nvidia gpu computing toolkit\cuda\v9.2\include\crt/device_functions.h(776): warning C4819: 该文件包含不能在当前代码页(936)中表示的字符。请将该文件保存为 Unicode 格式以防止数据丢失
     1>c:\program files\nvidia gpu computing toolkit\cuda\v9.2\include\crt/device_functions.h(1636): warning C4819: 该文件包含不能在当前代码页(936)中表示的字符。请将该文件保存为 Unicode 格式以防止数据丢失
     1>c:\program files\nvidia gpu computing toolkit\cuda\v9.2\include\crt\device_double_functions.h : warning C4819: 该文件包含不能在当前代码页(936)中表示的字符。请将该文件保存为 Unicode 格式以防止数据丢失
     1>c:\program files\nvidia gpu computing toolkit\cuda\v9.2\include\sm_20_intrinsics.h : warning C4819: 该文件包含不能在当前代码页(936)中表示的字符。请将该文件保存为 Unicode 格式以防止数据丢失
     1>c:\program files\nvidia gpu computing toolkit\cuda\v9.2\include\sm_20_intrinsics.h(925): warning C4819: 该文件包含不能在当前代码页(936)中表示的字符。请将该文件保存为 Unicode 格式以防止数据丢失
         CUDAEchoSignalGeneratorAlgorithmCore.cu
     1>E:/Visual_studio_2013_workingspace/Second hierarchy DLL/CUDAEchoSignalGenerator/CUDAEchoSignalGeneratorAlgorithm/CUDAEchoSignalGeneratorAlgorithmCore.cu(28): warning C4244: “参数”: 从“double”转换到“float”，可能丢失数据
     1>E:/Visual_studio_2013_workingspace/Second hierarchy DLL/CUDAEchoSignalGenerator/CUDAEchoSignalGeneratorAlgorithm/CUDAEchoSignalGeneratorAlgorithmCore.cu(42): warning C4244: “初始化”: 从“double”转换到“int”，可能丢失数据
     1>E:/Visual_studio_2013_workingspace/Second hierarchy DLL/CUDAEchoSignalGenerator/CUDAEchoSignalGeneratorAlgorithm/CUDAEchoSignalGeneratorAlgorithmCore.cu(57): warning C4244: “初始化”: 从“double”转换到“int”，可能丢失数据
     1>E:/Visual_studio_2013_workingspace/Second hierarchy DLL/CUDAEchoSignalGenerator/CUDAEchoSignalGeneratorAlgorithm/CUDAEchoSignalGeneratorAlgorithmCore.cu(72): warning C4244: “初始化”: 从“double”转换到“int”，可能丢失数据
     1>E:/Visual_studio_2013_workingspace/Second hierarchy DLL/CUDAEchoSignalGenerator/CUDAEchoSignalGeneratorAlgorithm/CUDAEchoSignalGeneratorAlgorithmCore.cu(87): warning C4244: “初始化”: 从“double”转换到“int”，可能丢失数据
     1>E:/Visual_studio_2013_workingspace/Second hierarchy DLL/CUDAEchoSignalGenerator/CUDAEchoSignalGeneratorAlgorithm/CUDAEchoSignalGeneratorAlgorithmCore.cu(102): warning C4244: “初始化”: 从“double”转换到“int”，可能丢失数据
     1>E:/Visual_studio_2013_workingspace/Second hierarchy DLL/CUDAEchoSignalGenerator/CUDAEchoSignalGeneratorAlgorithm/CUDAEchoSignalGeneratorAlgorithmCore.cu(117): warning C4244: “初始化”: 从“double”转换到“int”，可能丢失数据
     1>E:/Visual_studio_2013_workingspace/Second hierarchy DLL/CUDAEchoSignalGenerator/CUDAEchoSignalGeneratorAlgorithm/CUDAEchoSignalGeneratorAlgorithmCore.cu(132): warning C4244: “初始化”: 从“double”转换到“int”，可能丢失数据
     1>E:/Visual_studio_2013_workingspace/Second hierarchy DLL/CUDAEchoSignalGenerator/CUDAEchoSignalGeneratorAlgorithm/CUDAEchoSignalGeneratorAlgorithmCore.cu(147): warning C4244: “初始化”: 从“double”转换到“int”，可能丢失数据
     1>E:/Visual_studio_2013_workingspace/Second hierarchy DLL/CUDAEchoSignalGenerator/CUDAEchoSignalGeneratorAlgorithm/CUDAEchoSignalGeneratorAlgorithmCore.cu(232): warning C4244: “初始化”: 从“double”转换到“int”，可能丢失数据
     1>E:/Visual_studio_2013_workingspace/Second hierarchy DLL/CUDAEchoSignalGenerator/CUDAEchoSignalGeneratorAlgorithm/CUDAEchoSignalGeneratorAlgorithmCore.cu(280): warning C4244: “初始化”: 从“double”转换到“int”，可能丢失数据
     1>E:/Visual_studio_2013_workingspace/Second hierarchy DLL/CUDAEchoSignalGenerator/CUDAEchoSignalGeneratorAlgorithm/CUDAEchoSignalGeneratorAlgorithmCore.cu(288): warning C4244: “初始化”: 从“double”转换到“unsigned int”，可能丢失数据
     1>E:/Visual_studio_2013_workingspace/Second hierarchy DLL/CUDAEchoSignalGenerator/CUDAEchoSignalGeneratorAlgorithm/CUDAEchoSignalGeneratorAlgorithmCore.cu(475): warning C4244: “初始化”: 从“float”转换到“int”，可能丢失数据
     1>E:/Visual_studio_2013_workingspace/Second hierarchy DLL/CUDAEchoSignalGenerator/CUDAEchoSignalGeneratorAlgorithm/CUDAEchoSignalGeneratorAlgorithmCore.cu(482): warning C4244: “=”: 从“double”转换到“float”，可能丢失数据
     1>E:/Visual_studio_2013_workingspace/Second hierarchy DLL/CUDAEchoSignalGenerator/CUDAEchoSignalGeneratorAlgorithm/CUDAEchoSignalGeneratorAlgorithmCore.cu(494): warning C4244: “初始化”: 从“double”转换到“int”，可能丢失数据
     1>E:/Visual_studio_2013_workingspace/Second hierarchy DLL/CUDAEchoSignalGenerator/CUDAEchoSignalGeneratorAlgorithm/CUDAEchoSignalGeneratorAlgorithmCore.cu(495): warning C4244: “初始化”: 从“float”转换到“int”，可能丢失数据
     1>E:/Visual_studio_2013_workingspace/Second hierarchy DLL/CUDAEchoSignalGenerator/CUDAEchoSignalGeneratorAlgorithm/CUDAEchoSignalGeneratorAlgorithmCore.cu(502): warning C4244: “参数”: 从“double”转换到“float”，可能丢失数据
     1>c:\program files\nvidia gpu computing toolkit\cuda\v9.2\include\crt\math_functions.h : warning C4819: 该文件包含不能在当前代码页(936)中表示的字符。请将该文件保存为 Unicode 格式以防止数据丢失
     1>c:\program files\nvidia gpu computing toolkit\cuda\v9.2\include\crt\math_functions.h(831): warning C4819: 该文件包含不能在当前代码页(936)中表示的字符。请将该文件保存为 Unicode 格式以防止数据丢失
     1>c:\program files\nvidia gpu computing toolkit\cuda\v9.2\include\crt\math_functions.h(1769): warning C4819: 该文件包含不能在当前代码页(936)中表示的字符。请将该文件保存为 Unicode 格式以防止数据丢失
     1>c:\program files\nvidia gpu computing toolkit\cuda\v9.2\include\crt\math_functions.h(2624): warning C4819: 该文件包含不能在当前代码页(936)中表示的字符。请将该文件保存为 Unicode 格式以防止数据丢失
     1>c:\program files\nvidia gpu computing toolkit\cuda\v9.2\include\crt\math_functions.h(3462): warning C4819: 该文件包含不能在当前代码页(936)中表示的字符。请将该文件保存为 Unicode 格式以防止数据丢失
     1>c:\program files\nvidia gpu computing toolkit\cuda\v9.2\include\crt\math_functions.h(4411): warning C4819: 该文件包含不能在当前代码页(936)中表示的字符。请将该文件保存为 Unicode 格式以防止数据丢失
     1>c:\program files\nvidia gpu computing toolkit\cuda\v9.2\include\crt\math_functions.h(5309): warning C4819: 该文件包含不能在当前代码页(936)中表示的字符。请将该文件保存为 Unicode 格式以防止数据丢失
     1>c:\program files\nvidia gpu computing toolkit\cuda\v9.2\include\crt\math_functions.h(6217): warning C4819: 该文件包含不能在当前代码页(936)中表示的字符。请将该文件保存为 Unicode 格式以防止数据丢失
     1>c:\program files\nvidia gpu computing toolkit\cuda\v9.2\include\crt\math_functions.h(7097): warning C4819: 该文件包含不能在当前代码页(936)中表示的字符。请将该文件保存为 Unicode 格式以防止数据丢失
     1>c:\program files\nvidia gpu computing toolkit\cuda\v9.2\include\crt\math_functions.h(7901): warning C4819: 该文件包含不能在当前代码页(936)中表示的字符。请将该文件保存为 Unicode 格式以防止数据丢失
     1>已完成生成项目“E:\Visual_studio_2013_workingspace\Second hierarchy DLL\CUDAEchoSignalGenerator\CUDAEchoSignalGenerator\CUDAEchoSignalGenerator.vcxproj”(CudaBuildCore 个目标)的操作。
     1>ClCompile:
         D:\Visual_studio_2013\VC\bin\x86_amd64\CL.exe /c /I"E:\Visual_studio_2013_workingspace\Second hierarchy DLL\CUDAEchoSignalGenerator\CUDAHeaderFileOfHierarchy1DLL\\" /I"C:\Program Files\NVIDIA GPU Computing Toolkit\CUDA\v9.2\include" /Zi /nologo /W3 /WX- /sdl /Od /D WIN32 /D _DEBUG /D _WINDOWS /D _USRDLL /D CUDAECHOSIGNALGENERATOR_EXPORTS /D _WINDLL /D _UNICODE /D UNICODE /Gm /EHsc /RTC1 /MDd /GS /fp:precise /Zc:wchar_t /Zc:forScope /Yc"stdafx.h" /Fp"x64\Debug\CUDAEchoSignalGenerator.pch" /Fo"x64\Debug\\" /Fd"x64\Debug\vc120.pdb" /Gd /TP /errorReport:prompt stdafx.cpp
         stdafx.cpp
         D:\Visual_studio_2013\VC\bin\x86_amd64\CL.exe /c /I"E:\Visual_studio_2013_workingspace\Second hierarchy DLL\CUDAEchoSignalGenerator\CUDAHeaderFileOfHierarchy1DLL\\" /I"C:\Program Files\NVIDIA GPU Computing Toolkit\CUDA\v9.2\include" /Zi /nologo /W3 /WX- /sdl /Od /D WIN32 /D _DEBUG /D _WINDOWS /D _USRDLL /D CUDAECHOSIGNALGENERATOR_EXPORTS /D _WINDLL /D _UNICODE /D UNICODE /Gm /EHsc /RTC1 /MDd /GS /fp:precise /Zc:wchar_t /Zc:forScope /Fo"x64\Debug\\" /Fd"x64\Debug\vc120.pdb" /Gd /TP /errorReport:prompt CUDAEchoSignalGenerator.cpp
         CUDAEchoSignalGenerator.cpp
     1>c:\program files\nvidia gpu computing toolkit\cuda\v9.2\include\crt/device_functions.h : warning C4819: 该文件包含不能在当前代码页(936)中表示的字符。请将该文件保存为 Unicode 格式以防止数据丢失
     1>c:\program files\nvidia gpu computing toolkit\cuda\v9.2\include\crt/device_functions.h(776): warning C4819: 该文件包含不能在当前代码页(936)中表示的字符。请将该文件保存为 Unicode 格式以防止数据丢失
     1>c:\program files\nvidia gpu computing toolkit\cuda\v9.2\include\crt/device_functions.h(1636): warning C4819: 该文件包含不能在当前代码页(936)中表示的字符。请将该文件保存为 Unicode 格式以防止数据丢失
     1>c:\program files\nvidia gpu computing toolkit\cuda\v9.2\include\crt\device_double_functions.h : warning C4819: 该文件包含不能在当前代码页(936)中表示的字符。请将该文件保存为 Unicode 格式以防止数据丢失
     1>c:\program files\nvidia gpu computing toolkit\cuda\v9.2\include\sm_20_intrinsics.h : warning C4819: 该文件包含不能在当前代码页(936)中表示的字符。请将该文件保存为 Unicode 格式以防止数据丢失
     1>c:\program files\nvidia gpu computing toolkit\cuda\v9.2\include\sm_20_intrinsics.h(925): warning C4819: 该文件包含不能在当前代码页(936)中表示的字符。请将该文件保存为 Unicode 格式以防止数据丢失
         D:\Visual_studio_2013\VC\bin\x86_amd64\CL.exe /c /I"E:\Visual_studio_2013_workingspace\Second hierarchy DLL\CUDAEchoSignalGenerator\CUDAHeaderFileOfHierarchy1DLL\\" /I"C:\Program Files\NVIDIA GPU Computing Toolkit\CUDA\v9.2\include" /Zi /nologo /W3 /WX- /sdl /Od /D WIN32 /D _DEBUG /D _WINDOWS /D _USRDLL /D CUDAECHOSIGNALGENERATOR_EXPORTS /D _WINDLL /D _UNICODE /D UNICODE /Gm /EHsc /RTC1 /MDd /GS /fp:precise /Zc:wchar_t /Zc:forScope /Fo"x64\Debug\\" /Fd"x64\Debug\vc120.pdb" /Gd /TP /errorReport:prompt dllmain.cpp
         dllmain.cpp
       Link:
         D:\Visual_studio_2013\VC\bin\x86_amd64\link.exe /ERRORREPORT:PROMPT /OUT:"E:\Visual_studio_2013_workingspace\Second hierarchy DLL\CUDAEchoSignalGenerator\x64\Debug\CUDAEchoSignalGenerator.dll" /INCREMENTAL /NOLOGO /LIBPATH:"E:\Visual_studio_2013_workingspace\Second hierarchy DLL\CUDAEchoSignalGenerator\CUDALibFileOfHierarchy1DLL" /LIBPATH:"C:\Program Files\NVIDIA GPU Computing Toolkit\CUDA\v9.2\lib\x64" cuda.lib cudadevrt.lib cudart.lib cudart_static.lib curand.lib CUDAMathematicsFoundationArithmetic.lib kernel32.lib user32.lib gdi32.lib winspool.lib comdlg32.lib advapi32.lib shell32.lib ole32.lib oleaut32.lib uuid.lib odbc32.lib odbccp32.lib /MANIFEST /MANIFESTUAC:"level='asInvoker' uiAccess='false'" /manifest:embed /DEBUG /PDB:"E:\Visual_studio_2013_workingspace\Second hierarchy DLL\CUDAEchoSignalGenerator\x64\Debug\CUDAEchoSignalGenerator.pdb" /SUBSYSTEM:WINDOWS /TLBID:1 /DYNAMICBASE /NXCOMPAT /IMPLIB:"E:\Visual_studio_2013_workingspace\Second hierarchy DLL\CUDAEchoSignalGenerator\x64\Debug\CUDAEchoSignalGenerator.lib" /MACHINE:X64 /DLL x64\Debug\CUDAEchoSignalGeneratorAlgorithmCore.cu.obj
         x64\Debug\CUDAEchoSignalGenerator.obj
         x64\Debug\dllmain.obj
         x64\Debug\stdafx.obj
         ..\CUDALibFileOfHierarchy1DLL\CUDAMathematicsFoundationArithmetic.lib
            正在创建库 E:\Visual_studio_2013_workingspace\Second hierarchy DLL\CUDAEchoSignalGenerator\x64\Debug\CUDAEchoSignalGenerator.lib 和对象 E:\Visual_studio_2013_workingspace\Second hierarchy DLL\CUDAEchoSignalGenerator\x64\Debug\CUDAEchoSignalGenerator.exp
         CUDAEchoSignalGenerator.vcxproj -> E:\Visual_studio_2013_workingspace\Second hierarchy DLL\CUDAEchoSignalGenerator\x64\Debug\CUDAEchoSignalGenerator.dll
     1>已完成生成项目“E:\Visual_studio_2013_workingspace\Second hierarchy DLL\CUDAEchoSignalGenerator\CUDAEchoSignalGenerator\CUDAEchoSignalGenerator.vcxproj”(Rebuild 个目标)的操作。

生成成功。

已用时间 00:00:05.12
