e:\visual_studio_2013_workingspace\second hierarchy dll\cudaechosignalgenerator\cudaechosignalgenerator\x64\debug\cudaechosignalgenerator.pch
e:\visual_studio_2013_workingspace\second hierarchy dll\cudaechosignalgenerator\cudaechosignalgenerator\x64\debug\vc120.pdb
e:\visual_studio_2013_workingspace\second hierarchy dll\cudaechosignalgenerator\cudaechosignalgenerator\x64\debug\vc120.idb
e:\visual_studio_2013_workingspace\second hierarchy dll\cudaechosignalgenerator\cudaechosignalgenerator\x64\debug\stdafx.obj
e:\visual_studio_2013_workingspace\second hierarchy dll\cudaechosignalgenerator\cudaechosignalgenerator\x64\debug\cudaechosignalgenerator.obj
e:\visual_studio_2013_workingspace\second hierarchy dll\cudaechosignalgenerator\cudaechosignalgenerator\x64\debug\dllmain.obj
e:\visual_studio_2013_workingspace\second hierarchy dll\cudaechosignalgenerator\x64\debug\cudaechosignalgenerator.lib
e:\visual_studio_2013_workingspace\second hierarchy dll\cudaechosignalgenerator\x64\debug\cudaechosignalgenerator.exp
e:\visual_studio_2013_workingspace\second hierarchy dll\cudaechosignalgenerator\x64\debug\cudaechosignalgenerator.ilk
e:\visual_studio_2013_workingspace\second hierarchy dll\cudaechosignalgenerator\x64\debug\cudaechosignalgenerator.dll
e:\visual_studio_2013_workingspace\second hierarchy dll\cudaechosignalgenerator\x64\debug\cudaechosignalgenerator.pdb
e:\visual_studio_2013_workingspace\second hierarchy dll\cudaechosignalgenerator\cudaechosignalgenerator\x64\debug\cudaechosignalgeneratoralgorithmcore.cu.cache
e:\visual_studio_2013_workingspace\second hierarchy dll\cudaechosignalgenerator\cudaechosignalgenerator\x64\debug\cudaechosignalgeneratoralgorithmcore.cuh.cache
e:\visual_studio_2013_workingspace\second hierarchy dll\cudaechosignalgenerator\cudaechosignalgenerator\x64\debug\cudaechosignalgeneratoralgorithmcore.cu.obj
e:\visual_studio_2013_workingspace\second hierarchy dll\cudaechosignalgenerator\cudaechosignalgenerator\x64\debug\cudaechosignalgeneratoralgorithmcore.cuh.obj
e:\visual_studio_2013_workingspace\second hierarchy dll\cudaechosignalgenerator\cudaechosignalgenerator\x64\debug\cudaecho.71dafa76.tlog\cl.command.1.tlog
e:\visual_studio_2013_workingspace\second hierarchy dll\cudaechosignalgenerator\cudaechosignalgenerator\x64\debug\cudaecho.71dafa76.tlog\cl.read.1.tlog
e:\visual_studio_2013_workingspace\second hierarchy dll\cudaechosignalgenerator\cudaechosignalgenerator\x64\debug\cudaecho.71dafa76.tlog\cl.write.1.tlog
e:\visual_studio_2013_workingspace\second hierarchy dll\cudaechosignalgenerator\cudaechosignalgenerator\x64\debug\cudaecho.71dafa76.tlog\cudaechosignalgenerator.write.1u.tlog
e:\visual_studio_2013_workingspace\second hierarchy dll\cudaechosignalgenerator\cudaechosignalgenerator\x64\debug\cudaecho.71dafa76.tlog\link.command.1.tlog
e:\visual_studio_2013_workingspace\second hierarchy dll\cudaechosignalgenerator\cudaechosignalgenerator\x64\debug\cudaecho.71dafa76.tlog\link.read.1.tlog
e:\visual_studio_2013_workingspace\second hierarchy dll\cudaechosignalgenerator\cudaechosignalgenerator\x64\debug\cudaecho.71dafa76.tlog\link.write.1.tlog
