e:\visual_studio_2013_workingspace\second hierarchy dll\cudabasebandreceiversensitivitytime\cudabasebandreceiversensitivitytime\x64\debug\cudabasebandreceiversensitivitytime.pch
e:\visual_studio_2013_workingspace\second hierarchy dll\cudabasebandreceiversensitivitytime\cudabasebandreceiversensitivitytime\x64\debug\vc120.pdb
e:\visual_studio_2013_workingspace\second hierarchy dll\cudabasebandreceiversensitivitytime\cudabasebandreceiversensitivitytime\x64\debug\vc120.idb
e:\visual_studio_2013_workingspace\second hierarchy dll\cudabasebandreceiversensitivitytime\cudabasebandreceiversensitivitytime\x64\debug\stdafx.obj
e:\visual_studio_2013_workingspace\second hierarchy dll\cudabasebandreceiversensitivitytime\cudabasebandreceiversensitivitytime\x64\debug\cudabasebandreceiversensitivitytime.obj
e:\visual_studio_2013_workingspace\second hierarchy dll\cudabasebandreceiversensitivitytime\cudabasebandreceiversensitivitytime\x64\debug\dllmain.obj
e:\visual_studio_2013_workingspace\second hierarchy dll\cudabasebandreceiversensitivitytime\x64\debug\cudabasebandreceiversensitivitytime.lib
e:\visual_studio_2013_workingspace\second hierarchy dll\cudabasebandreceiversensitivitytime\x64\debug\cudabasebandreceiversensitivitytime.exp
e:\visual_studio_2013_workingspace\second hierarchy dll\cudabasebandreceiversensitivitytime\x64\debug\cudabasebandreceiversensitivitytime.ilk
e:\visual_studio_2013_workingspace\second hierarchy dll\cudabasebandreceiversensitivitytime\x64\debug\cudabasebandreceiversensitivitytime.dll
e:\visual_studio_2013_workingspace\second hierarchy dll\cudabasebandreceiversensitivitytime\x64\debug\cudabasebandreceiversensitivitytime.pdb
e:\visual_studio_2013_workingspace\second hierarchy dll\cudabasebandreceiversensitivitytime\cudabasebandreceiversensitivitytime\x64\debug\cudabasebandreceiversensitivitytimealgorithmcore.cu.cache
e:\visual_studio_2013_workingspace\second hierarchy dll\cudabasebandreceiversensitivitytime\cudabasebandreceiversensitivitytime\x64\debug\cudabasebandreceiversensitivitytimealgorithmcore.cuh.cache
e:\visual_studio_2013_workingspace\second hierarchy dll\cudabasebandreceiversensitivitytime\cudabasebandreceiversensitivitytime\x64\debug\cudabasebandreceiversensitivitytimealgorithmcore.cu.obj
e:\visual_studio_2013_workingspace\second hierarchy dll\cudabasebandreceiversensitivitytime\cudabasebandreceiversensitivitytime\x64\debug\cudabasebandreceiversensitivitytimealgorithmcore.cuh.obj
e:\visual_studio_2013_workingspace\second hierarchy dll\cudabasebandreceiversensitivitytime\cudabasebandreceiversensitivitytime\x64\debug\cudabase.9b95b2c3.tlog\cl.command.1.tlog
e:\visual_studio_2013_workingspace\second hierarchy dll\cudabasebandreceiversensitivitytime\cudabasebandreceiversensitivitytime\x64\debug\cudabase.9b95b2c3.tlog\cl.read.1.tlog
e:\visual_studio_2013_workingspace\second hierarchy dll\cudabasebandreceiversensitivitytime\cudabasebandreceiversensitivitytime\x64\debug\cudabase.9b95b2c3.tlog\cl.write.1.tlog
e:\visual_studio_2013_workingspace\second hierarchy dll\cudabasebandreceiversensitivitytime\cudabasebandreceiversensitivitytime\x64\debug\cudabase.9b95b2c3.tlog\cudabasebandreceiversensitivitytime.write.1u.tlog
e:\visual_studio_2013_workingspace\second hierarchy dll\cudabasebandreceiversensitivitytime\cudabasebandreceiversensitivitytime\x64\debug\cudabase.9b95b2c3.tlog\link.command.1.tlog
e:\visual_studio_2013_workingspace\second hierarchy dll\cudabasebandreceiversensitivitytime\cudabasebandreceiversensitivitytime\x64\debug\cudabase.9b95b2c3.tlog\link.read.1.tlog
e:\visual_studio_2013_workingspace\second hierarchy dll\cudabasebandreceiversensitivitytime\cudabasebandreceiversensitivitytime\x64\debug\cudabase.9b95b2c3.tlog\link.write.1.tlog
