生成启动时间为 2022/8/22 15:45:14。
     1>项目“E:\Visual_studio_2013_workingspace\Second hierarchy DLL\CUDAInterruptedSamplingRepeaterJamming\CUDAInterruptedSamplingRepeaterJamming\CUDAInterruptedSamplingRepeaterJamming.vcxproj”在节点 2 上(Rebuild 个目标)。
     1>CudaClean:
         cmd.exe /C "C:\Users\admin\AppData\Local\Temp\tmp916d5118676f4df2b388e8a5dfc2c497.cmd"
         "C:\Program Files\NVIDIA GPU Computing Toolkit\CUDA\v9.2\bin\nvcc.exe" -ccbin "D:\Visual_studio_2013\VC\bin\x86_amd64" -x cu  -I"C:\Program Files\NVIDIA GPU Computing Toolkit\CUDA\v9.2\include" -I"C:\Program Files\NVIDIA GPU Computing Toolkit\CUDA\v9.2\include"  -G   --keep-dir x64\Debug -maxrregcount=0  --machine 64 --compile   -g   -DWIN32 -D_DEBUG -D_WINDOWS -D_USRDLL -DCUDAINTERRUPTEDSAMPLINGREPEATERJAMMING_EXPORTS -D_WINDLL -D_UNICODE -DUNICODE -Xcompiler "/EHsc /W3 /nologo /Od  /FS /Zi /RTC1 /MDd " -o x64\Debug\CUDAInterruptedSamplingRepeaterJammingAlgorithmCore.cu.obj "E:\Visual_studio_2013_workingspace\Second hierarchy DLL\CUDAInterruptedSamplingRepeaterJamming\CUDAInterruptedSamplingRepeaterJammingAlgorithm\CUDAInterruptedSamplingRepeaterJammingAlgorithmCore.cu" -clean
         
         E:\Visual_studio_2013_workingspace\Second hierarchy DLL\CUDAInterruptedSamplingRepeaterJamming\CUDAInterruptedSamplingRepeaterJamming>"C:\Program Files\NVIDIA GPU Computing Toolkit\CUDA\v9.2\bin\nvcc.exe" -ccbin "D:\Visual_studio_2013\VC\bin\x86_amd64" -x cu  -I"C:\Program Files\NVIDIA GPU Computing Toolkit\CUDA\v9.2\include" -I"C:\Program Files\NVIDIA GPU Computing Toolkit\CUDA\v9.2\include"  -G   --keep-dir x64\Debug -maxrregcount=0  --machine 64 --compile   -g   -DWIN32 -D_DEBUG -D_WINDOWS -D_USRDLL -DCUDAINTERRUPTEDSAMPLINGREPEATERJAMMING_EXPORTS -D_WINDLL -D_UNICODE -DUNICODE -Xcompiler "/EHsc /W3 /nologo /Od  /FS /Zi /RTC1 /MDd " -o x64\Debug\CUDAInterruptedSamplingRepeaterJammingAlgorithmCore.cu.obj "E:\Visual_studio_2013_workingspace\Second hierarchy DLL\CUDAInterruptedSamplingRepeaterJamming\CUDAInterruptedSamplingRepeaterJammingAlgorithm\CUDAInterruptedSamplingRepeaterJammingAlgorithmCore.cu" -clean 
         CUDAInterruptedSamplingRepeaterJammingAlgorithmCore.cu
       AddCudaCompileDeps:
         D:\Visual_studio_2013\VC\bin\x86_amd64\cl.exe /E /nologo /showIncludes /TP /D__CUDACC__ /DWIN32 /D_DEBUG /D_WINDOWS /D_USRDLL /DCUDAINTERRUPTEDSAMPLINGREPEATERJAMMING_EXPORTS /D_WINDLL /D_UNICODE /DUNICODE /I"C:\Program Files\NVIDIA GPU Computing Toolkit\CUDA\v9.2\include" /I"C:\Program Files\NVIDIA GPU Computing Toolkit\CUDA\v9.2\bin" /I"C:\Program Files\NVIDIA GPU Computing Toolkit\CUDA\v9.2\include" /I. /FIcuda_runtime.h /c "E:\Visual_studio_2013_workingspace\Second hierarchy DLL\CUDAInterruptedSamplingRepeaterJamming\CUDAInterruptedSamplingRepeaterJammingAlgorithm\CUDAInterruptedSamplingRepeaterJammingAlgorithmCore.cu" 
     1>项目“E:\Visual_studio_2013_workingspace\Second hierarchy DLL\CUDAInterruptedSamplingRepeaterJamming\CUDAInterruptedSamplingRepeaterJamming\CUDAInterruptedSamplingRepeaterJamming.vcxproj”(1)正在节点 2 上生成“E:\Visual_studio_2013_workingspace\Second hierarchy DLL\CUDAInterruptedSamplingRepeaterJamming\CUDAInterruptedSamplingRepeaterJamming\CUDAInterruptedSamplingRepeaterJamming.vcxproj”(1:2) (CudaBuildCore 个目标)。
     1>CudaBuildCore:
         Compiling CUDA source file ..\CUDAInterruptedSamplingRepeaterJammingAlgorithm\CUDAInterruptedSamplingRepeaterJammingAlgorithmCore.cu...
         cmd.exe /C "C:\Users\admin\AppData\Local\Temp\tmp1487d4bb2fdb48f890c08ce62e0299aa.cmd"
         "C:\Program Files\NVIDIA GPU Computing Toolkit\CUDA\v9.2\bin\nvcc.exe" -gencode=arch=compute_30,code=\"sm_30,compute_30\" --use-local-env -ccbin "D:\Visual_studio_2013\VC\bin\x86_amd64" -x cu  -I"C:\Program Files\NVIDIA GPU Computing Toolkit\CUDA\v9.2\include" -I"C:\Program Files\NVIDIA GPU Computing Toolkit\CUDA\v9.2\include"  -G   --keep-dir x64\Debug -maxrregcount=0  --machine 64 --compile -cudart static  -g   -DWIN32 -D_DEBUG -D_WINDOWS -D_USRDLL -DCUDAINTERRUPTEDSAMPLINGREPEATERJAMMING_EXPORTS -D_WINDLL -D_UNICODE -DUNICODE -Xcompiler "/EHsc /W3 /nologo /Od /Fdx64\Debug\vc120.pdb /FS /Zi /RTC1 /MDd " -o x64\Debug\CUDAInterruptedSamplingRepeaterJammingAlgorithmCore.cu.obj "E:\Visual_studio_2013_workingspace\Second hierarchy DLL\CUDAInterruptedSamplingRepeaterJamming\CUDAInterruptedSamplingRepeaterJammingAlgorithm\CUDAInterruptedSamplingRepeaterJammingAlgorithmCore.cu"
         
         E:\Visual_studio_2013_workingspace\Second hierarchy DLL\CUDAInterruptedSamplingRepeaterJamming\CUDAInterruptedSamplingRepeaterJamming>"C:\Program Files\NVIDIA GPU Computing Toolkit\CUDA\v9.2\bin\nvcc.exe" -gencode=arch=compute_30,code=\"sm_30,compute_30\" --use-local-env -ccbin "D:\Visual_studio_2013\VC\bin\x86_amd64" -x cu  -I"C:\Program Files\NVIDIA GPU Computing Toolkit\CUDA\v9.2\include" -I"C:\Program Files\NVIDIA GPU Computing Toolkit\CUDA\v9.2\include"  -G   --keep-dir x64\Debug -maxrregcount=0  --machine 64 --compile -cudart static  -g   -DWIN32 -D_DEBUG -D_WINDOWS -D_USRDLL -DCUDAINTERRUPTEDSAMPLINGREPEATERJAMMING_EXPORTS -D_WINDLL -D_UNICODE -DUNICODE -Xcompiler "/EHsc /W3 /nologo /Od /Fdx64\Debug\vc120.pdb /FS /Zi /RTC1 /MDd " -o x64\Debug\CUDAInterruptedSamplingRepeaterJammingAlgorithmCore.cu.obj "E:\Visual_studio_2013_workingspace\Second hierarchy DLL\CUDAInterruptedSamplingRepeaterJamming\CUDAInterruptedSamplingRepeaterJammingAlgorithm\CUDAInterruptedSamplingRepeaterJammingAlgorithmCore.cu" 
     1>c:\program files\nvidia gpu computing toolkit\cuda\v9.2\include\crt\math_functions.h : warning C4819: 该文件包含不能在当前代码页(936)中表示的字符。请将该文件保存为 Unicode 格式以防止数据丢失
     1>c:\program files\nvidia gpu computing toolkit\cuda\v9.2\include\crt\math_functions.h(831): warning C4819: 该文件包含不能在当前代码页(936)中表示的字符。请将该文件保存为 Unicode 格式以防止数据丢失
     1>c:\program files\nvidia gpu computing toolkit\cuda\v9.2\include\crt\math_functions.h(1769): warning C4819: 该文件包含不能在当前代码页(936)中表示的字符。请将该文件保存为 Unicode 格式以防止数据丢失
     1>c:\program files\nvidia gpu computing toolkit\cuda\v9.2\include\crt\math_functions.h(2624): warning C4819: 该文件包含不能在当前代码页(936)中表示的字符。请将该文件保存为 Unicode 格式以防止数据丢失
     1>c:\program files\nvidia gpu computing toolkit\cuda\v9.2\include\crt\math_functions.h(3462): warning C4819: 该文件包含不能在当前代码页(936)中表示的字符。请将该文件保存为 Unicode 格式以防止数据丢失
     1>c:\program files\nvidia gpu computing toolkit\cuda\v9.2\include\crt\math_functions.h(4411): warning C4819: 该文件包含不能在当前代码页(936)中表示的字符。请将该文件保存为 Unicode 格式以防止数据丢失
     1>c:\program files\nvidia gpu computing toolkit\cuda\v9.2\include\crt\math_functions.h(5309): warning C4819: 该文件包含不能在当前代码页(936)中表示的字符。请将该文件保存为 Unicode 格式以防止数据丢失
     1>c:\program files\nvidia gpu computing toolkit\cuda\v9.2\include\crt\math_functions.h(6217): warning C4819: 该文件包含不能在当前代码页(936)中表示的字符。请将该文件保存为 Unicode 格式以防止数据丢失
     1>c:\program files\nvidia gpu computing toolkit\cuda\v9.2\include\crt\math_functions.h(7097): warning C4819: 该文件包含不能在当前代码页(936)中表示的字符。请将该文件保存为 Unicode 格式以防止数据丢失
     1>c:\program files\nvidia gpu computing toolkit\cuda\v9.2\include\crt\math_functions.h(7901): warning C4819: 该文件包含不能在当前代码页(936)中表示的字符。请将该文件保存为 Unicode 格式以防止数据丢失
     1>c:\program files\nvidia gpu computing toolkit\cuda\v9.2\include\crt/device_functions.h : warning C4819: 该文件包含不能在当前代码页(936)中表示的字符。请将该文件保存为 Unicode 格式以防止数据丢失
     1>c:\program files\nvidia gpu computing toolkit\cuda\v9.2\include\crt/device_functions.h(776): warning C4819: 该文件包含不能在当前代码页(936)中表示的字符。请将该文件保存为 Unicode 格式以防止数据丢失
     1>c:\program files\nvidia gpu computing toolkit\cuda\v9.2\include\crt/device_functions.h(1636): warning C4819: 该文件包含不能在当前代码页(936)中表示的字符。请将该文件保存为 Unicode 格式以防止数据丢失
     1>c:\program files\nvidia gpu computing toolkit\cuda\v9.2\include\crt\device_double_functions.h : warning C4819: 该文件包含不能在当前代码页(936)中表示的字符。请将该文件保存为 Unicode 格式以防止数据丢失
     1>c:\program files\nvidia gpu computing toolkit\cuda\v9.2\include\sm_20_intrinsics.h : warning C4819: 该文件包含不能在当前代码页(936)中表示的字符。请将该文件保存为 Unicode 格式以防止数据丢失
     1>c:\program files\nvidia gpu computing toolkit\cuda\v9.2\include\sm_20_intrinsics.h(925): warning C4819: 该文件包含不能在当前代码页(936)中表示的字符。请将该文件保存为 Unicode 格式以防止数据丢失
     1>E:/Visual_studio_2013_workingspace/Second hierarchy DLL/CUDAInterruptedSamplingRepeaterJamming/CUDAInterruptedSamplingRepeaterJammingAlgorithm/CUDAInterruptedSamplingRepeaterJammingAlgorithmCore.cu(178): warning : calling a __host__ function from a __host__ __device__ function is not allowed
     1>E:/Visual_studio_2013_workingspace/Second hierarchy DLL/CUDAInterruptedSamplingRepeaterJamming/CUDAInterruptedSamplingRepeaterJammingAlgorithm/CUDAInterruptedSamplingRepeaterJammingAlgorithmCore.cu(183): warning : calling a __host__ function from a __host__ __device__ function is not allowed
     1>E:/Visual_studio_2013_workingspace/Second hierarchy DLL/CUDAInterruptedSamplingRepeaterJamming/CUDAInterruptedSamplingRepeaterJammingAlgorithm/CUDAInterruptedSamplingRepeaterJammingAlgorithmCore.cu(188): warning : calling a __host__ function from a __host__ __device__ function is not allowed
     1>E:/Visual_studio_2013_workingspace/Second hierarchy DLL/CUDAInterruptedSamplingRepeaterJamming/CUDAInterruptedSamplingRepeaterJammingAlgorithm/CUDAInterruptedSamplingRepeaterJammingAlgorithmCore.cu(193): warning : calling a __host__ function from a __host__ __device__ function is not allowed
     1>E:/Visual_studio_2013_workingspace/Second hierarchy DLL/CUDAInterruptedSamplingRepeaterJamming/CUDAInterruptedSamplingRepeaterJammingAlgorithm/CUDAInterruptedSamplingRepeaterJammingAlgorithmCore.cu(198): warning : calling a __host__ function from a __host__ __device__ function is not allowed
     1>E:/Visual_studio_2013_workingspace/Second hierarchy DLL/CUDAInterruptedSamplingRepeaterJamming/CUDAInterruptedSamplingRepeaterJammingAlgorithm/CUDAInterruptedSamplingRepeaterJammingAlgorithmCore.cu(203): warning : calling a __host__ function from a __host__ __device__ function is not allowed
     1>E:/Visual_studio_2013_workingspace/Second hierarchy DLL/CUDAInterruptedSamplingRepeaterJamming/CUDAInterruptedSamplingRepeaterJammingAlgorithm/CUDAInterruptedSamplingRepeaterJammingAlgorithmCore.cu(208): warning : calling a __host__ function from a __host__ __device__ function is not allowed
     1>E:/Visual_studio_2013_workingspace/Second hierarchy DLL/CUDAInterruptedSamplingRepeaterJamming/CUDAInterruptedSamplingRepeaterJammingAlgorithm/CUDAInterruptedSamplingRepeaterJammingAlgorithmCore.cu(213): warning : calling a __host__ function from a __host__ __device__ function is not allowed
     1>E:/Visual_studio_2013_workingspace/Second hierarchy DLL/CUDAInterruptedSamplingRepeaterJamming/CUDAInterruptedSamplingRepeaterJammingAlgorithm/CUDAInterruptedSamplingRepeaterJammingAlgorithmCore.cu(218): warning : calling a __host__ function from a __host__ __device__ function is not allowed
     1>E:/Visual_studio_2013_workingspace/Second hierarchy DLL/CUDAInterruptedSamplingRepeaterJamming/CUDAInterruptedSamplingRepeaterJammingAlgorithm/CUDAInterruptedSamplingRepeaterJammingAlgorithmCore.cu(172): warning : calling a __host__ function("std::vector<std::vector<int, std::allocator<int> > , std::allocator<std::vector<int, std::allocator<int> > > > ::vector") from a __host__ __device__ function("PhaseBarkerMN") is not allowed
     1>E:/Visual_studio_2013_workingspace/Second hierarchy DLL/CUDAInterruptedSamplingRepeaterJamming/CUDAInterruptedSamplingRepeaterJammingAlgorithm/CUDAInterruptedSamplingRepeaterJammingAlgorithmCore.cu(178): warning : calling a __host__ function("std::vector<int, std::allocator<int> > ::vector<int *, void> ") from a __host__ __device__ function("PhaseBarkerMN") is not allowed
     1>E:/Visual_studio_2013_workingspace/Second hierarchy DLL/CUDAInterruptedSamplingRepeaterJamming/CUDAInterruptedSamplingRepeaterJammingAlgorithm/CUDAInterruptedSamplingRepeaterJammingAlgorithmCore.cu(179): warning : calling a __host__ function("std::vector<std::vector<int, std::allocator<int> > , std::allocator<std::vector<int, std::allocator<int> > > > ::push_back") from a __host__ __device__ function("PhaseBarkerMN") is not allowed
     1>E:/Visual_studio_2013_workingspace/Second hierarchy DLL/CUDAInterruptedSamplingRepeaterJamming/CUDAInterruptedSamplingRepeaterJammingAlgorithm/CUDAInterruptedSamplingRepeaterJammingAlgorithmCore.cu(180): warning : calling a __host__ function("std::vector<int, std::allocator<int> > ::~vector") from a __host__ __device__ function("PhaseBarkerMN") is not allowed
     1>E:/Visual_studio_2013_workingspace/Second hierarchy DLL/CUDAInterruptedSamplingRepeaterJamming/CUDAInterruptedSamplingRepeaterJammingAlgorithm/CUDAInterruptedSamplingRepeaterJammingAlgorithmCore.cu(183): warning : calling a __host__ function("std::vector<int, std::allocator<int> > ::vector<int *, void> ") from a __host__ __device__ function("PhaseBarkerMN") is not allowed
     1>E:/Visual_studio_2013_workingspace/Second hierarchy DLL/CUDAInterruptedSamplingRepeaterJamming/CUDAInterruptedSamplingRepeaterJammingAlgorithm/CUDAInterruptedSamplingRepeaterJammingAlgorithmCore.cu(184): warning : calling a __host__ function("std::vector<std::vector<int, std::allocator<int> > , std::allocator<std::vector<int, std::allocator<int> > > > ::push_back") from a __host__ __device__ function("PhaseBarkerMN") is not allowed
     1>E:/Visual_studio_2013_workingspace/Second hierarchy DLL/CUDAInterruptedSamplingRepeaterJamming/CUDAInterruptedSamplingRepeaterJammingAlgorithm/CUDAInterruptedSamplingRepeaterJammingAlgorithmCore.cu(185): warning : calling a __host__ function("std::vector<int, std::allocator<int> > ::~vector") from a __host__ __device__ function("PhaseBarkerMN") is not allowed
     1>E:/Visual_studio_2013_workingspace/Second hierarchy DLL/CUDAInterruptedSamplingRepeaterJamming/CUDAInterruptedSamplingRepeaterJammingAlgorithm/CUDAInterruptedSamplingRepeaterJammingAlgorithmCore.cu(188): warning : calling a __host__ function("std::vector<int, std::allocator<int> > ::vector<int *, void> ") from a __host__ __device__ function("PhaseBarkerMN") is not allowed
     1>E:/Visual_studio_2013_workingspace/Second hierarchy DLL/CUDAInterruptedSamplingRepeaterJamming/CUDAInterruptedSamplingRepeaterJammingAlgorithm/CUDAInterruptedSamplingRepeaterJammingAlgorithmCore.cu(189): warning : calling a __host__ function("std::vector<std::vector<int, std::allocator<int> > , std::allocator<std::vector<int, std::allocator<int> > > > ::push_back") from a __host__ __device__ function("PhaseBarkerMN") is not allowed
     1>E:/Visual_studio_2013_workingspace/Second hierarchy DLL/CUDAInterruptedSamplingRepeaterJamming/CUDAInterruptedSamplingRepeaterJammingAlgorithm/CUDAInterruptedSamplingRepeaterJammingAlgorithmCore.cu(190): warning : calling a __host__ function("std::vector<int, std::allocator<int> > ::~vector") from a __host__ __device__ function("PhaseBarkerMN") is not allowed
     1>E:/Visual_studio_2013_workingspace/Second hierarchy DLL/CUDAInterruptedSamplingRepeaterJamming/CUDAInterruptedSamplingRepeaterJammingAlgorithm/CUDAInterruptedSamplingRepeaterJammingAlgorithmCore.cu(193): warning : calling a __host__ function("std::vector<int, std::allocator<int> > ::vector<int *, void> ") from a __host__ __device__ function("PhaseBarkerMN") is not allowed
     1>E:/Visual_studio_2013_workingspace/Second hierarchy DLL/CUDAInterruptedSamplingRepeaterJamming/CUDAInterruptedSamplingRepeaterJammingAlgorithm/CUDAInterruptedSamplingRepeaterJammingAlgorithmCore.cu(194): warning : calling a __host__ function("std::vector<std::vector<int, std::allocator<int> > , std::allocator<std::vector<int, std::allocator<int> > > > ::push_back") from a __host__ __device__ function("PhaseBarkerMN") is not allowed
     1>E:/Visual_studio_2013_workingspace/Second hierarchy DLL/CUDAInterruptedSamplingRepeaterJamming/CUDAInterruptedSamplingRepeaterJammingAlgorithm/CUDAInterruptedSamplingRepeaterJammingAlgorithmCore.cu(195): warning : calling a __host__ function("std::vector<int, std::allocator<int> > ::~vector") from a __host__ __device__ function("PhaseBarkerMN") is not allowed
     1>E:/Visual_studio_2013_workingspace/Second hierarchy DLL/CUDAInterruptedSamplingRepeaterJamming/CUDAInterruptedSamplingRepeaterJammingAlgorithm/CUDAInterruptedSamplingRepeaterJammingAlgorithmCore.cu(198): warning : calling a __host__ function("std::vector<int, std::allocator<int> > ::vector<int *, void> ") from a __host__ __device__ function("PhaseBarkerMN") is not allowed
     1>E:/Visual_studio_2013_workingspace/Second hierarchy DLL/CUDAInterruptedSamplingRepeaterJamming/CUDAInterruptedSamplingRepeaterJammingAlgorithm/CUDAInterruptedSamplingRepeaterJammingAlgorithmCore.cu(199): warning : calling a __host__ function("std::vector<std::vector<int, std::allocator<int> > , std::allocator<std::vector<int, std::allocator<int> > > > ::push_back") from a __host__ __device__ function("PhaseBarkerMN") is not allowed
     1>E:/Visual_studio_2013_workingspace/Second hierarchy DLL/CUDAInterruptedSamplingRepeaterJamming/CUDAInterruptedSamplingRepeaterJammingAlgorithm/CUDAInterruptedSamplingRepeaterJammingAlgorithmCore.cu(200): warning : calling a __host__ function("std::vector<int, std::allocator<int> > ::~vector") from a __host__ __device__ function("PhaseBarkerMN") is not allowed
     1>E:/Visual_studio_2013_workingspace/Second hierarchy DLL/CUDAInterruptedSamplingRepeaterJamming/CUDAInterruptedSamplingRepeaterJammingAlgorithm/CUDAInterruptedSamplingRepeaterJammingAlgorithmCore.cu(203): warning : calling a __host__ function("std::vector<int, std::allocator<int> > ::vector<int *, void> ") from a __host__ __device__ function("PhaseBarkerMN") is not allowed
     1>E:/Visual_studio_2013_workingspace/Second hierarchy DLL/CUDAInterruptedSamplingRepeaterJamming/CUDAInterruptedSamplingRepeaterJammingAlgorithm/CUDAInterruptedSamplingRepeaterJammingAlgorithmCore.cu(204): warning : calling a __host__ function("std::vector<std::vector<int, std::allocator<int> > , std::allocator<std::vector<int, std::allocator<int> > > > ::push_back") from a __host__ __device__ function("PhaseBarkerMN") is not allowed
     1>E:/Visual_studio_2013_workingspace/Second hierarchy DLL/CUDAInterruptedSamplingRepeaterJamming/CUDAInterruptedSamplingRepeaterJammingAlgorithm/CUDAInterruptedSamplingRepeaterJammingAlgorithmCore.cu(205): warning : calling a __host__ function("std::vector<int, std::allocator<int> > ::~vector") from a __host__ __device__ function("PhaseBarkerMN") is not allowed
     1>E:/Visual_studio_2013_workingspace/Second hierarchy DLL/CUDAInterruptedSamplingRepeaterJamming/CUDAInterruptedSamplingRepeaterJammingAlgorithm/CUDAInterruptedSamplingRepeaterJammingAlgorithmCore.cu(208): warning : calling a __host__ function("std::vector<int, std::allocator<int> > ::vector<int *, void> ") from a __host__ __device__ function("PhaseBarkerMN") is not allowed
     1>E:/Visual_studio_2013_workingspace/Second hierarchy DLL/CUDAInterruptedSamplingRepeaterJamming/CUDAInterruptedSamplingRepeaterJammingAlgorithm/CUDAInterruptedSamplingRepeaterJammingAlgorithmCore.cu(209): warning : calling a __host__ function("std::vector<std::vector<int, std::allocator<int> > , std::allocator<std::vector<int, std::allocator<int> > > > ::push_back") from a __host__ __device__ function("PhaseBarkerMN") is not allowed
     1>E:/Visual_studio_2013_workingspace/Second hierarchy DLL/CUDAInterruptedSamplingRepeaterJamming/CUDAInterruptedSamplingRepeaterJammingAlgorithm/CUDAInterruptedSamplingRepeaterJammingAlgorithmCore.cu(210): warning : calling a __host__ function("std::vector<int, std::allocator<int> > ::~vector") from a __host__ __device__ function("PhaseBarkerMN") is not allowed
     1>E:/Visual_studio_2013_workingspace/Second hierarchy DLL/CUDAInterruptedSamplingRepeaterJamming/CUDAInterruptedSamplingRepeaterJammingAlgorithm/CUDAInterruptedSamplingRepeaterJammingAlgorithmCore.cu(213): warning : calling a __host__ function("std::vector<int, std::allocator<int> > ::vector<int *, void> ") from a __host__ __device__ function("PhaseBarkerMN") is not allowed
     1>E:/Visual_studio_2013_workingspace/Second hierarchy DLL/CUDAInterruptedSamplingRepeaterJamming/CUDAInterruptedSamplingRepeaterJammingAlgorithm/CUDAInterruptedSamplingRepeaterJammingAlgorithmCore.cu(214): warning : calling a __host__ function("std::vector<std::vector<int, std::allocator<int> > , std::allocator<std::vector<int, std::allocator<int> > > > ::push_back") from a __host__ __device__ function("PhaseBarkerMN") is not allowed
     1>E:/Visual_studio_2013_workingspace/Second hierarchy DLL/CUDAInterruptedSamplingRepeaterJamming/CUDAInterruptedSamplingRepeaterJammingAlgorithm/CUDAInterruptedSamplingRepeaterJammingAlgorithmCore.cu(215): warning : calling a __host__ function("std::vector<int, std::allocator<int> > ::~vector") from a __host__ __device__ function("PhaseBarkerMN") is not allowed
     1>E:/Visual_studio_2013_workingspace/Second hierarchy DLL/CUDAInterruptedSamplingRepeaterJamming/CUDAInterruptedSamplingRepeaterJammingAlgorithm/CUDAInterruptedSamplingRepeaterJammingAlgorithmCore.cu(218): warning : calling a __host__ function("std::vector<int, std::allocator<int> > ::vector<int *, void> ") from a __host__ __device__ function("PhaseBarkerMN") is not allowed
     1>E:/Visual_studio_2013_workingspace/Second hierarchy DLL/CUDAInterruptedSamplingRepeaterJamming/CUDAInterruptedSamplingRepeaterJammingAlgorithm/CUDAInterruptedSamplingRepeaterJammingAlgorithmCore.cu(219): warning : calling a __host__ function("std::vector<std::vector<int, std::allocator<int> > , std::allocator<std::vector<int, std::allocator<int> > > > ::push_back") from a __host__ __device__ function("PhaseBarkerMN") is not allowed
     1>E:/Visual_studio_2013_workingspace/Second hierarchy DLL/CUDAInterruptedSamplingRepeaterJamming/CUDAInterruptedSamplingRepeaterJammingAlgorithm/CUDAInterruptedSamplingRepeaterJammingAlgorithmCore.cu(220): warning : calling a __host__ function("std::vector<int, std::allocator<int> > ::~vector") from a __host__ __device__ function("PhaseBarkerMN") is not allowed
     1>E:/Visual_studio_2013_workingspace/Second hierarchy DLL/CUDAInterruptedSamplingRepeaterJamming/CUDAInterruptedSamplingRepeaterJammingAlgorithm/CUDAInterruptedSamplingRepeaterJammingAlgorithmCore.cu(223): warning : calling a __host__ function("std::vector<int, std::allocator<int> > ::vector") from a __host__ __device__ function("PhaseBarkerMN") is not allowed
     1>E:/Visual_studio_2013_workingspace/Second hierarchy DLL/CUDAInterruptedSamplingRepeaterJamming/CUDAInterruptedSamplingRepeaterJammingAlgorithm/CUDAInterruptedSamplingRepeaterJammingAlgorithmCore.cu(228): warning : calling a __host__ function("std::vector<int, std::allocator<int> > ::operator []") from a __host__ __device__ function("PhaseBarkerMN") is not allowed
     1>E:/Visual_studio_2013_workingspace/Second hierarchy DLL/CUDAInterruptedSamplingRepeaterJamming/CUDAInterruptedSamplingRepeaterJammingAlgorithm/CUDAInterruptedSamplingRepeaterJammingAlgorithmCore.cu(228): warning : calling a __host__ function("std::vector<std::vector<int, std::allocator<int> > , std::allocator<std::vector<int, std::allocator<int> > > > ::operator []") from a __host__ __device__ function("PhaseBarkerMN") is not allowed
     1>E:/Visual_studio_2013_workingspace/Second hierarchy DLL/CUDAInterruptedSamplingRepeaterJamming/CUDAInterruptedSamplingRepeaterJammingAlgorithm/CUDAInterruptedSamplingRepeaterJammingAlgorithmCore.cu(228): warning : calling a __host__ function("std::vector<int, std::allocator<int> > ::operator []") from a __host__ __device__ function("PhaseBarkerMN") is not allowed
     1>E:/Visual_studio_2013_workingspace/Second hierarchy DLL/CUDAInterruptedSamplingRepeaterJamming/CUDAInterruptedSamplingRepeaterJammingAlgorithm/CUDAInterruptedSamplingRepeaterJammingAlgorithmCore.cu(228): warning : calling a __host__ function("std::vector<std::vector<int, std::allocator<int> > , std::allocator<std::vector<int, std::allocator<int> > > > ::operator []") from a __host__ __device__ function("PhaseBarkerMN") is not allowed
     1>E:/Visual_studio_2013_workingspace/Second hierarchy DLL/CUDAInterruptedSamplingRepeaterJamming/CUDAInterruptedSamplingRepeaterJammingAlgorithm/CUDAInterruptedSamplingRepeaterJammingAlgorithmCore.cu(229): warning : calling a __host__ function("std::vector<int, std::allocator<int> > ::push_back") from a __host__ __device__ function("PhaseBarkerMN") is not allowed
     1>E:/Visual_studio_2013_workingspace/Second hierarchy DLL/CUDAInterruptedSamplingRepeaterJamming/CUDAInterruptedSamplingRepeaterJammingAlgorithm/CUDAInterruptedSamplingRepeaterJammingAlgorithmCore.cu(232): warning : calling a __host__ function("std::vector<int, std::allocator<int> > ::size const") from a __host__ __device__ function("PhaseBarkerMN") is not allowed
     1>E:/Visual_studio_2013_workingspace/Second hierarchy DLL/CUDAInterruptedSamplingRepeaterJamming/CUDAInterruptedSamplingRepeaterJammingAlgorithm/CUDAInterruptedSamplingRepeaterJammingAlgorithmCore.cu(234): warning : calling a __host__ function("std::vector<int, std::allocator<int> > ::operator []") from a __host__ __device__ function("PhaseBarkerMN") is not allowed
     1>E:/Visual_studio_2013_workingspace/Second hierarchy DLL/CUDAInterruptedSamplingRepeaterJamming/CUDAInterruptedSamplingRepeaterJammingAlgorithm/CUDAInterruptedSamplingRepeaterJammingAlgorithmCore.cu(242): warning : calling a __host__ function("std::vector<int, std::allocator<int> > ::~vector") from a __host__ __device__ function("PhaseBarkerMN") is not allowed
     1>E:/Visual_studio_2013_workingspace/Second hierarchy DLL/CUDAInterruptedSamplingRepeaterJamming/CUDAInterruptedSamplingRepeaterJammingAlgorithm/CUDAInterruptedSamplingRepeaterJammingAlgorithmCore.cu(242): warning : calling a __host__ function("std::vector<std::vector<int, std::allocator<int> > , std::allocator<std::vector<int, std::allocator<int> > > > ::~vector") from a __host__ __device__ function("PhaseBarkerMN") is not allowed
     1>c:\program files\nvidia gpu computing toolkit\cuda\v9.2\include\crt\math_functions.h : warning C4819: 该文件包含不能在当前代码页(936)中表示的字符。请将该文件保存为 Unicode 格式以防止数据丢失
     1>c:\program files\nvidia gpu computing toolkit\cuda\v9.2\include\crt\math_functions.h(831): warning C4819: 该文件包含不能在当前代码页(936)中表示的字符。请将该文件保存为 Unicode 格式以防止数据丢失
     1>c:\program files\nvidia gpu computing toolkit\cuda\v9.2\include\crt\math_functions.h(1769): warning C4819: 该文件包含不能在当前代码页(936)中表示的字符。请将该文件保存为 Unicode 格式以防止数据丢失
     1>c:\program files\nvidia gpu computing toolkit\cuda\v9.2\include\crt\math_functions.h(2624): warning C4819: 该文件包含不能在当前代码页(936)中表示的字符。请将该文件保存为 Unicode 格式以防止数据丢失
     1>c:\program files\nvidia gpu computing toolkit\cuda\v9.2\include\crt\math_functions.h(3462): warning C4819: 该文件包含不能在当前代码页(936)中表示的字符。请将该文件保存为 Unicode 格式以防止数据丢失
     1>c:\program files\nvidia gpu computing toolkit\cuda\v9.2\include\crt\math_functions.h(4411): warning C4819: 该文件包含不能在当前代码页(936)中表示的字符。请将该文件保存为 Unicode 格式以防止数据丢失
     1>c:\program files\nvidia gpu computing toolkit\cuda\v9.2\include\crt\math_functions.h(5309): warning C4819: 该文件包含不能在当前代码页(936)中表示的字符。请将该文件保存为 Unicode 格式以防止数据丢失
     1>c:\program files\nvidia gpu computing toolkit\cuda\v9.2\include\crt\math_functions.h(6217): warning C4819: 该文件包含不能在当前代码页(936)中表示的字符。请将该文件保存为 Unicode 格式以防止数据丢失
     1>c:\program files\nvidia gpu computing toolkit\cuda\v9.2\include\crt\math_functions.h(7097): warning C4819: 该文件包含不能在当前代码页(936)中表示的字符。请将该文件保存为 Unicode 格式以防止数据丢失
     1>c:\program files\nvidia gpu computing toolkit\cuda\v9.2\include\crt\math_functions.h(7901): warning C4819: 该文件包含不能在当前代码页(936)中表示的字符。请将该文件保存为 Unicode 格式以防止数据丢失
     1>c:\program files\nvidia gpu computing toolkit\cuda\v9.2\include\crt/device_functions.h : warning C4819: 该文件包含不能在当前代码页(936)中表示的字符。请将该文件保存为 Unicode 格式以防止数据丢失
     1>c:\program files\nvidia gpu computing toolkit\cuda\v9.2\include\crt/device_functions.h(776): warning C4819: 该文件包含不能在当前代码页(936)中表示的字符。请将该文件保存为 Unicode 格式以防止数据丢失
     1>c:\program files\nvidia gpu computing toolkit\cuda\v9.2\include\crt/device_functions.h(1636): warning C4819: 该文件包含不能在当前代码页(936)中表示的字符。请将该文件保存为 Unicode 格式以防止数据丢失
     1>c:\program files\nvidia gpu computing toolkit\cuda\v9.2\include\crt\device_double_functions.h : warning C4819: 该文件包含不能在当前代码页(936)中表示的字符。请将该文件保存为 Unicode 格式以防止数据丢失
     1>c:\program files\nvidia gpu computing toolkit\cuda\v9.2\include\sm_20_intrinsics.h : warning C4819: 该文件包含不能在当前代码页(936)中表示的字符。请将该文件保存为 Unicode 格式以防止数据丢失
     1>c:\program files\nvidia gpu computing toolkit\cuda\v9.2\include\sm_20_intrinsics.h(925): warning C4819: 该文件包含不能在当前代码页(936)中表示的字符。请将该文件保存为 Unicode 格式以防止数据丢失
         CUDAInterruptedSamplingRepeaterJammingAlgorithmCore.cu
     1>E:/Visual_studio_2013_workingspace/Second hierarchy DLL/CUDAInterruptedSamplingRepeaterJamming/CUDAInterruptedSamplingRepeaterJammingAlgorithm/CUDAInterruptedSamplingRepeaterJammingAlgorithmCore.cu(28): warning C4244: “参数”: 从“double”转换到“float”，可能丢失数据
     1>E:/Visual_studio_2013_workingspace/Second hierarchy DLL/CUDAInterruptedSamplingRepeaterJamming/CUDAInterruptedSamplingRepeaterJammingAlgorithm/CUDAInterruptedSamplingRepeaterJammingAlgorithmCore.cu(42): warning C4244: “初始化”: 从“double”转换到“int”，可能丢失数据
     1>E:/Visual_studio_2013_workingspace/Second hierarchy DLL/CUDAInterruptedSamplingRepeaterJamming/CUDAInterruptedSamplingRepeaterJammingAlgorithm/CUDAInterruptedSamplingRepeaterJammingAlgorithmCore.cu(57): warning C4244: “初始化”: 从“double”转换到“int”，可能丢失数据
     1>E:/Visual_studio_2013_workingspace/Second hierarchy DLL/CUDAInterruptedSamplingRepeaterJamming/CUDAInterruptedSamplingRepeaterJammingAlgorithm/CUDAInterruptedSamplingRepeaterJammingAlgorithmCore.cu(72): warning C4244: “初始化”: 从“double”转换到“int”，可能丢失数据
     1>E:/Visual_studio_2013_workingspace/Second hierarchy DLL/CUDAInterruptedSamplingRepeaterJamming/CUDAInterruptedSamplingRepeaterJammingAlgorithm/CUDAInterruptedSamplingRepeaterJammingAlgorithmCore.cu(87): warning C4244: “初始化”: 从“double”转换到“int”，可能丢失数据
     1>E:/Visual_studio_2013_workingspace/Second hierarchy DLL/CUDAInterruptedSamplingRepeaterJamming/CUDAInterruptedSamplingRepeaterJammingAlgorithm/CUDAInterruptedSamplingRepeaterJammingAlgorithmCore.cu(102): warning C4244: “初始化”: 从“double”转换到“int”，可能丢失数据
     1>E:/Visual_studio_2013_workingspace/Second hierarchy DLL/CUDAInterruptedSamplingRepeaterJamming/CUDAInterruptedSamplingRepeaterJammingAlgorithm/CUDAInterruptedSamplingRepeaterJammingAlgorithmCore.cu(117): warning C4244: “初始化”: 从“double”转换到“int”，可能丢失数据
     1>E:/Visual_studio_2013_workingspace/Second hierarchy DLL/CUDAInterruptedSamplingRepeaterJamming/CUDAInterruptedSamplingRepeaterJammingAlgorithm/CUDAInterruptedSamplingRepeaterJammingAlgorithmCore.cu(132): warning C4244: “初始化”: 从“double”转换到“int”，可能丢失数据
     1>E:/Visual_studio_2013_workingspace/Second hierarchy DLL/CUDAInterruptedSamplingRepeaterJamming/CUDAInterruptedSamplingRepeaterJammingAlgorithm/CUDAInterruptedSamplingRepeaterJammingAlgorithmCore.cu(147): warning C4244: “初始化”: 从“double”转换到“int”，可能丢失数据
     1>E:/Visual_studio_2013_workingspace/Second hierarchy DLL/CUDAInterruptedSamplingRepeaterJamming/CUDAInterruptedSamplingRepeaterJammingAlgorithm/CUDAInterruptedSamplingRepeaterJammingAlgorithmCore.cu(232): warning C4244: “初始化”: 从“double”转换到“int”，可能丢失数据
     1>E:/Visual_studio_2013_workingspace/Second hierarchy DLL/CUDAInterruptedSamplingRepeaterJamming/CUDAInterruptedSamplingRepeaterJammingAlgorithm/CUDAInterruptedSamplingRepeaterJammingAlgorithmCore.cu(280): warning C4244: “初始化”: 从“double”转换到“int”，可能丢失数据
     1>E:/Visual_studio_2013_workingspace/Second hierarchy DLL/CUDAInterruptedSamplingRepeaterJamming/CUDAInterruptedSamplingRepeaterJammingAlgorithm/CUDAInterruptedSamplingRepeaterJammingAlgorithmCore.cu(288): warning C4244: “初始化”: 从“double”转换到“unsigned int”，可能丢失数据
     1>E:/Visual_studio_2013_workingspace/Second hierarchy DLL/CUDAInterruptedSamplingRepeaterJamming/CUDAInterruptedSamplingRepeaterJammingAlgorithm/CUDAInterruptedSamplingRepeaterJammingAlgorithmCore.cu(375): warning C4244: “=”: 从“double”转换到“unsigned int”，可能丢失数据
     1>E:/Visual_studio_2013_workingspace/Second hierarchy DLL/CUDAInterruptedSamplingRepeaterJamming/CUDAInterruptedSamplingRepeaterJammingAlgorithm/CUDAInterruptedSamplingRepeaterJammingAlgorithmCore.cu(723): warning C4244: “初始化”: 从“float”转换到“int”，可能丢失数据
     1>E:/Visual_studio_2013_workingspace/Second hierarchy DLL/CUDAInterruptedSamplingRepeaterJamming/CUDAInterruptedSamplingRepeaterJammingAlgorithm/CUDAInterruptedSamplingRepeaterJammingAlgorithmCore.cu(730): warning C4244: “=”: 从“double”转换到“float”，可能丢失数据
     1>E:/Visual_studio_2013_workingspace/Second hierarchy DLL/CUDAInterruptedSamplingRepeaterJamming/CUDAInterruptedSamplingRepeaterJammingAlgorithm/CUDAInterruptedSamplingRepeaterJammingAlgorithmCore.cu(738): warning C4244: “参数”: 从“float”转换到“int”，可能丢失数据
     1>E:/Visual_studio_2013_workingspace/Second hierarchy DLL/CUDAInterruptedSamplingRepeaterJamming/CUDAInterruptedSamplingRepeaterJammingAlgorithm/CUDAInterruptedSamplingRepeaterJammingAlgorithmCore.cu(753): warning C4244: “初始化”: 从“float”转换到“int”，可能丢失数据
     1>E:/Visual_studio_2013_workingspace/Second hierarchy DLL/CUDAInterruptedSamplingRepeaterJamming/CUDAInterruptedSamplingRepeaterJammingAlgorithm/CUDAInterruptedSamplingRepeaterJammingAlgorithmCore.cu(761): warning C4244: “参数”: 从“double”转换到“float”，可能丢失数据
     1>E:/Visual_studio_2013_workingspace/Second hierarchy DLL/CUDAInterruptedSamplingRepeaterJamming/CUDAInterruptedSamplingRepeaterJammingAlgorithm/CUDAInterruptedSamplingRepeaterJammingAlgorithmCore.cu(762): warning C4244: “参数”: 从“double”转换到“float”，可能丢失数据
     1>E:/Visual_studio_2013_workingspace/Second hierarchy DLL/CUDAInterruptedSamplingRepeaterJamming/CUDAInterruptedSamplingRepeaterJammingAlgorithm/CUDAInterruptedSamplingRepeaterJammingAlgorithmCore.cu(767): warning C4244: “初始化”: 从“double”转换到“int”，可能丢失数据
     1>E:/Visual_studio_2013_workingspace/Second hierarchy DLL/CUDAInterruptedSamplingRepeaterJamming/CUDAInterruptedSamplingRepeaterJammingAlgorithm/CUDAInterruptedSamplingRepeaterJammingAlgorithmCore.cu(768): warning C4244: “初始化”: 从“float”转换到“int”，可能丢失数据
     1>E:/Visual_studio_2013_workingspace/Second hierarchy DLL/CUDAInterruptedSamplingRepeaterJamming/CUDAInterruptedSamplingRepeaterJammingAlgorithm/CUDAInterruptedSamplingRepeaterJammingAlgorithmCore.cu(776): warning C4244: “参数”: 从“double”转换到“float”，可能丢失数据
     1>E:/Visual_studio_2013_workingspace/Second hierarchy DLL/CUDAInterruptedSamplingRepeaterJamming/CUDAInterruptedSamplingRepeaterJammingAlgorithm/CUDAInterruptedSamplingRepeaterJammingAlgorithmCore.cu(777): warning C4244: “参数”: 从“double”转换到“float”，可能丢失数据
     1>c:\program files\nvidia gpu computing toolkit\cuda\v9.2\include\crt\math_functions.h : warning C4819: 该文件包含不能在当前代码页(936)中表示的字符。请将该文件保存为 Unicode 格式以防止数据丢失
     1>c:\program files\nvidia gpu computing toolkit\cuda\v9.2\include\crt\math_functions.h(831): warning C4819: 该文件包含不能在当前代码页(936)中表示的字符。请将该文件保存为 Unicode 格式以防止数据丢失
     1>c:\program files\nvidia gpu computing toolkit\cuda\v9.2\include\crt\math_functions.h(1769): warning C4819: 该文件包含不能在当前代码页(936)中表示的字符。请将该文件保存为 Unicode 格式以防止数据丢失
     1>c:\program files\nvidia gpu computing toolkit\cuda\v9.2\include\crt\math_functions.h(2624): warning C4819: 该文件包含不能在当前代码页(936)中表示的字符。请将该文件保存为 Unicode 格式以防止数据丢失
     1>c:\program files\nvidia gpu computing toolkit\cuda\v9.2\include\crt\math_functions.h(3462): warning C4819: 该文件包含不能在当前代码页(936)中表示的字符。请将该文件保存为 Unicode 格式以防止数据丢失
     1>c:\program files\nvidia gpu computing toolkit\cuda\v9.2\include\crt\math_functions.h(4411): warning C4819: 该文件包含不能在当前代码页(936)中表示的字符。请将该文件保存为 Unicode 格式以防止数据丢失
     1>c:\program files\nvidia gpu computing toolkit\cuda\v9.2\include\crt\math_functions.h(5309): warning C4819: 该文件包含不能在当前代码页(936)中表示的字符。请将该文件保存为 Unicode 格式以防止数据丢失
     1>c:\program files\nvidia gpu computing toolkit\cuda\v9.2\include\crt\math_functions.h(6217): warning C4819: 该文件包含不能在当前代码页(936)中表示的字符。请将该文件保存为 Unicode 格式以防止数据丢失
     1>c:\program files\nvidia gpu computing toolkit\cuda\v9.2\include\crt\math_functions.h(7097): warning C4819: 该文件包含不能在当前代码页(936)中表示的字符。请将该文件保存为 Unicode 格式以防止数据丢失
     1>c:\program files\nvidia gpu computing toolkit\cuda\v9.2\include\crt\math_functions.h(7901): warning C4819: 该文件包含不能在当前代码页(936)中表示的字符。请将该文件保存为 Unicode 格式以防止数据丢失
     1>已完成生成项目“E:\Visual_studio_2013_workingspace\Second hierarchy DLL\CUDAInterruptedSamplingRepeaterJamming\CUDAInterruptedSamplingRepeaterJamming\CUDAInterruptedSamplingRepeaterJamming.vcxproj”(CudaBuildCore 个目标)的操作。
     1>ClCompile:
         D:\Visual_studio_2013\VC\bin\x86_amd64\CL.exe /c /I"C:\Program Files\NVIDIA GPU Computing Toolkit\CUDA\v9.2\include" /Zi /nologo /W3 /WX- /sdl /Od /D WIN32 /D _DEBUG /D _WINDOWS /D _USRDLL /D CUDAINTERRUPTEDSAMPLINGREPEATERJAMMING_EXPORTS /D _WINDLL /D _UNICODE /D UNICODE /Gm /EHsc /RTC1 /MDd /GS /fp:precise /Zc:wchar_t /Zc:forScope /Yc"stdafx.h" /Fp"x64\Debug\CUDAInterruptedSamplingRepeaterJamming.pch" /Fo"x64\Debug\\" /Fd"x64\Debug\vc120.pdb" /Gd /TP /errorReport:prompt stdafx.cpp
         stdafx.cpp
         D:\Visual_studio_2013\VC\bin\x86_amd64\CL.exe /c /I"C:\Program Files\NVIDIA GPU Computing Toolkit\CUDA\v9.2\include" /Zi /nologo /W3 /WX- /sdl /Od /D WIN32 /D _DEBUG /D _WINDOWS /D _USRDLL /D CUDAINTERRUPTEDSAMPLINGREPEATERJAMMING_EXPORTS /D _WINDLL /D _UNICODE /D UNICODE /Gm /EHsc /RTC1 /MDd /GS /fp:precise /Zc:wchar_t /Zc:forScope /Fo"x64\Debug\\" /Fd"x64\Debug\vc120.pdb" /Gd /TP /errorReport:prompt CUDAInterruptedSamplingRepeaterJamming.cpp
         CUDAInterruptedSamplingRepeaterJamming.cpp
     1>c:\program files\nvidia gpu computing toolkit\cuda\v9.2\include\crt/device_functions.h : warning C4819: 该文件包含不能在当前代码页(936)中表示的字符。请将该文件保存为 Unicode 格式以防止数据丢失
     1>c:\program files\nvidia gpu computing toolkit\cuda\v9.2\include\crt/device_functions.h(776): warning C4819: 该文件包含不能在当前代码页(936)中表示的字符。请将该文件保存为 Unicode 格式以防止数据丢失
     1>c:\program files\nvidia gpu computing toolkit\cuda\v9.2\include\crt/device_functions.h(1636): warning C4819: 该文件包含不能在当前代码页(936)中表示的字符。请将该文件保存为 Unicode 格式以防止数据丢失
     1>c:\program files\nvidia gpu computing toolkit\cuda\v9.2\include\crt\device_double_functions.h : warning C4819: 该文件包含不能在当前代码页(936)中表示的字符。请将该文件保存为 Unicode 格式以防止数据丢失
     1>c:\program files\nvidia gpu computing toolkit\cuda\v9.2\include\sm_20_intrinsics.h : warning C4819: 该文件包含不能在当前代码页(936)中表示的字符。请将该文件保存为 Unicode 格式以防止数据丢失
     1>c:\program files\nvidia gpu computing toolkit\cuda\v9.2\include\sm_20_intrinsics.h(925): warning C4819: 该文件包含不能在当前代码页(936)中表示的字符。请将该文件保存为 Unicode 格式以防止数据丢失
         D:\Visual_studio_2013\VC\bin\x86_amd64\CL.exe /c /I"C:\Program Files\NVIDIA GPU Computing Toolkit\CUDA\v9.2\include" /Zi /nologo /W3 /WX- /sdl /Od /D WIN32 /D _DEBUG /D _WINDOWS /D _USRDLL /D CUDAINTERRUPTEDSAMPLINGREPEATERJAMMING_EXPORTS /D _WINDLL /D _UNICODE /D UNICODE /Gm /EHsc /RTC1 /MDd /GS /fp:precise /Zc:wchar_t /Zc:forScope /Fo"x64\Debug\\" /Fd"x64\Debug\vc120.pdb" /Gd /TP /errorReport:prompt dllmain.cpp
         dllmain.cpp
       Link:
         D:\Visual_studio_2013\VC\bin\x86_amd64\link.exe /ERRORREPORT:PROMPT /OUT:"E:\Visual_studio_2013_workingspace\Second hierarchy DLL\CUDAInterruptedSamplingRepeaterJamming\x64\Debug\CUDAInterruptedSamplingRepeaterJamming.dll" /INCREMENTAL /NOLOGO /LIBPATH:"E:\Visual_studio_2013_workingspace\Second hierarchy DLL\CUDAInterruptedSamplingRepeaterJamming\CUDALibFileOfHierarchy1DLL" /LIBPATH:"C:\Program Files\NVIDIA GPU Computing Toolkit\CUDA\v9.2\lib\x64" cuda.lib cudadevrt.lib cudart.lib cudart_static.lib CUDAMathematicsFoundationArithmetic.lib kernel32.lib user32.lib gdi32.lib winspool.lib comdlg32.lib advapi32.lib shell32.lib ole32.lib oleaut32.lib uuid.lib odbc32.lib odbccp32.lib /MANIFEST /MANIFESTUAC:"level='asInvoker' uiAccess='false'" /manifest:embed /DEBUG /PDB:"E:\Visual_studio_2013_workingspace\Second hierarchy DLL\CUDAInterruptedSamplingRepeaterJamming\x64\Debug\CUDAInterruptedSamplingRepeaterJamming.pdb" /SUBSYSTEM:WINDOWS /TLBID:1 /DYNAMICBASE /NXCOMPAT /IMPLIB:"E:\Visual_studio_2013_workingspace\Second hierarchy DLL\CUDAInterruptedSamplingRepeaterJamming\x64\Debug\CUDAInterruptedSamplingRepeaterJamming.lib" /MACHINE:X64 /DLL x64\Debug\CUDAInterruptedSamplingRepeaterJammingAlgorithmCore.cu.obj
         x64\Debug\CUDAInterruptedSamplingRepeaterJamming.obj
         x64\Debug\dllmain.obj
         x64\Debug\stdafx.obj
         ..\CUDALibFileOfHierarchy1DLL\CUDAMathematicsFoundationArithmetic.lib
            正在创建库 E:\Visual_studio_2013_workingspace\Second hierarchy DLL\CUDAInterruptedSamplingRepeaterJamming\x64\Debug\CUDAInterruptedSamplingRepeaterJamming.lib 和对象 E:\Visual_studio_2013_workingspace\Second hierarchy DLL\CUDAInterruptedSamplingRepeaterJamming\x64\Debug\CUDAInterruptedSamplingRepeaterJamming.exp
         CUDAInterruptedSamplingRepeaterJamming.vcxproj -> E:\Visual_studio_2013_workingspace\Second hierarchy DLL\CUDAInterruptedSamplingRepeaterJamming\x64\Debug\CUDAInterruptedSamplingRepeaterJamming.dll
     1>已完成生成项目“E:\Visual_studio_2013_workingspace\Second hierarchy DLL\CUDAInterruptedSamplingRepeaterJamming\CUDAInterruptedSamplingRepeaterJamming\CUDAInterruptedSamplingRepeaterJamming.vcxproj”(Rebuild 个目标)的操作。

生成成功。

已用时间 00:00:05.16
