生成启动时间为 2022/11/14 6:01:59。
     1>项目“E:\GitWorkingSpace\PulseDopplerRadarDisplay\PulseDopplerRadarDisplay\PulseDopplerRadarDisplay.vcxproj”在节点 2 上(Rebuild 个目标)。
     1>ClCompile:
         D:\VisualStudio2013\VC\bin\x86_amd64\CL.exe /c /IE:\GitWorkingSpace\PulseDopplerRadarDisplay\CUDAHeaderFileOfHierarchy2DLL /I"C:\Program Files\NVIDIA GPU Computing Toolkit\CUDA\v9.2\include" /Zi /nologo /W3 /WX- /sdl /Od /D WIN32 /D _DEBUG /D _WINDOWS /D _USRDLL /D PULSEDOPPLERRADARDISPLAY_EXPORTS /D _WINDLL /D _UNICODE /D UNICODE /Gm /EHsc /RTC1 /MDd /GS /fp:precise /Zc:wchar_t /Zc:forScope /Yc"stdafx.h" /Fp"x64\Debug\PulseDopplerRadarDisplay.pch" /Fo"x64\Debug\\" /Fd"x64\Debug\vc120.pdb" /Gd /TP /errorReport:prompt stdafx.cpp
         stdafx.cpp
         D:\VisualStudio2013\VC\bin\x86_amd64\CL.exe /c /IE:\GitWorkingSpace\PulseDopplerRadarDisplay\CUDAHeaderFileOfHierarchy2DLL /I"C:\Program Files\NVIDIA GPU Computing Toolkit\CUDA\v9.2\include" /Zi /nologo /W3 /WX- /sdl /Od /D WIN32 /D _DEBUG /D _WINDOWS /D _USRDLL /D PULSEDOPPLERRADARDISPLAY_EXPORTS /D _WINDLL /D _UNICODE /D UNICODE /Gm /EHsc /RTC1 /MDd /GS /fp:precise /Zc:wchar_t /Zc:forScope /Fo"x64\Debug\\" /Fd"x64\Debug\vc120.pdb" /Gd /TP /errorReport:prompt dllmain.cpp
         dllmain.cpp
         D:\VisualStudio2013\VC\bin\x86_amd64\CL.exe /c /IE:\GitWorkingSpace\PulseDopplerRadarDisplay\CUDAHeaderFileOfHierarchy2DLL /I"C:\Program Files\NVIDIA GPU Computing Toolkit\CUDA\v9.2\include" /Zi /nologo /W3 /WX- /sdl /Od /D WIN32 /D _DEBUG /D _WINDOWS /D _USRDLL /D PULSEDOPPLERRADARDISPLAY_EXPORTS /D _WINDLL /D _UNICODE /D UNICODE /Gm /EHsc /RTC1 /MDd /GS /fp:precise /Zc:wchar_t /Zc:forScope /Fo"x64\Debug\\" /Fd"x64\Debug\vc120.pdb" /Gd /TP /errorReport:prompt PulseDopplerRadarDisplayModule.cpp PulseDopplerRadarDisplayPlugin.cpp
         PulseDopplerRadarDisplayPlugin.cpp
     1>c:\program files\nvidia gpu computing toolkit\cuda\v9.2\include\crt/device_functions.h : warning C4819: 该文件包含不能在当前代码页(936)中表示的字符。请将该文件保存为 Unicode 格式以防止数据丢失
     1>c:\program files\nvidia gpu computing toolkit\cuda\v9.2\include\crt/device_functions.h(776): warning C4819: 该文件包含不能在当前代码页(936)中表示的字符。请将该文件保存为 Unicode 格式以防止数据丢失
     1>c:\program files\nvidia gpu computing toolkit\cuda\v9.2\include\crt/device_functions.h(1636): warning C4819: 该文件包含不能在当前代码页(936)中表示的字符。请将该文件保存为 Unicode 格式以防止数据丢失
     1>c:\program files\nvidia gpu computing toolkit\cuda\v9.2\include\crt\device_double_functions.h : warning C4819: 该文件包含不能在当前代码页(936)中表示的字符。请将该文件保存为 Unicode 格式以防止数据丢失
     1>c:\program files\nvidia gpu computing toolkit\cuda\v9.2\include\sm_20_intrinsics.h : warning C4819: 该文件包含不能在当前代码页(936)中表示的字符。请将该文件保存为 Unicode 格式以防止数据丢失
     1>c:\program files\nvidia gpu computing toolkit\cuda\v9.2\include\sm_20_intrinsics.h(925): warning C4819: 该文件包含不能在当前代码页(936)中表示的字符。请将该文件保存为 Unicode 格式以防止数据丢失
         PulseDopplerRadarDisplayModule.cpp
     1>c:\program files\nvidia gpu computing toolkit\cuda\v9.2\include\crt/device_functions.h : warning C4819: 该文件包含不能在当前代码页(936)中表示的字符。请将该文件保存为 Unicode 格式以防止数据丢失
     1>c:\program files\nvidia gpu computing toolkit\cuda\v9.2\include\crt/device_functions.h(776): warning C4819: 该文件包含不能在当前代码页(936)中表示的字符。请将该文件保存为 Unicode 格式以防止数据丢失
     1>c:\program files\nvidia gpu computing toolkit\cuda\v9.2\include\crt/device_functions.h(1636): warning C4819: 该文件包含不能在当前代码页(936)中表示的字符。请将该文件保存为 Unicode 格式以防止数据丢失
     1>c:\program files\nvidia gpu computing toolkit\cuda\v9.2\include\crt\device_double_functions.h : warning C4819: 该文件包含不能在当前代码页(936)中表示的字符。请将该文件保存为 Unicode 格式以防止数据丢失
     1>c:\program files\nvidia gpu computing toolkit\cuda\v9.2\include\sm_20_intrinsics.h : warning C4819: 该文件包含不能在当前代码页(936)中表示的字符。请将该文件保存为 Unicode 格式以防止数据丢失
     1>c:\program files\nvidia gpu computing toolkit\cuda\v9.2\include\sm_20_intrinsics.h(925): warning C4819: 该文件包含不能在当前代码页(936)中表示的字符。请将该文件保存为 Unicode 格式以防止数据丢失
         正在生成代码...
       Link:
         D:\VisualStudio2013\VC\bin\x86_amd64\link.exe /ERRORREPORT:PROMPT /OUT:"E:\GitWorkingSpace\PulseDopplerRadarDisplay\x64\Debug\PulseDopplerRadarDisplay.dll" /INCREMENTAL /NOLOGO /LIBPATH:E:\GitWorkingSpace\PulseDopplerRadarDisplay\LibFileOfHierarchy2DLL /LIBPATH:"C:\Program Files\NVIDIA GPU Computing Toolkit\CUDA\v9.2\lib\x64" cuda.lib cudadevrt.lib cudart.lib cudart_static.lib CUDAPulseDopplerRadarDisplay.lib kernel32.lib user32.lib gdi32.lib winspool.lib comdlg32.lib advapi32.lib shell32.lib ole32.lib oleaut32.lib uuid.lib odbc32.lib odbccp32.lib /MANIFEST /MANIFESTUAC:"level='asInvoker' uiAccess='false'" /manifest:embed /DEBUG /PDB:"E:\GitWorkingSpace\PulseDopplerRadarDisplay\x64\Debug\PulseDopplerRadarDisplay.pdb" /SUBSYSTEM:WINDOWS /TLBID:1 /DYNAMICBASE /NXCOMPAT /IMPLIB:"E:\GitWorkingSpace\PulseDopplerRadarDisplay\x64\Debug\PulseDopplerRadarDisplay.lib" /MACHINE:X64 /DLL x64\Debug\dllmain.obj
         x64\Debug\PulseDopplerRadarDisplayModule.obj
         x64\Debug\PulseDopplerRadarDisplayPlugin.obj
         x64\Debug\stdafx.obj
         ..\LibFileOfHierarchy2DLL\CUDAPulseDopplerRadarDisplay.lib
            正在创建库 E:\GitWorkingSpace\PulseDopplerRadarDisplay\x64\Debug\PulseDopplerRadarDisplay.lib 和对象 E:\GitWorkingSpace\PulseDopplerRadarDisplay\x64\Debug\PulseDopplerRadarDisplay.exp
         PulseDopplerRadarDisplay.vcxproj -> E:\GitWorkingSpace\PulseDopplerRadarDisplay\x64\Debug\PulseDopplerRadarDisplay.dll
     1>已完成生成项目“E:\GitWorkingSpace\PulseDopplerRadarDisplay\PulseDopplerRadarDisplay\PulseDopplerRadarDisplay.vcxproj”(Rebuild 个目标)的操作。

生成成功。

已用时间 00:00:01.20
