e:\visual_studio_2013_workingspace\second hierarchy dll\cudapulsedopplerradardisplay\cudapulsedopplerradardisplay\x64\debug\cudapulsedopplerradardisplay.pch
e:\visual_studio_2013_workingspace\second hierarchy dll\cudapulsedopplerradardisplay\cudapulsedopplerradardisplay\x64\debug\vc120.pdb
e:\visual_studio_2013_workingspace\second hierarchy dll\cudapulsedopplerradardisplay\cudapulsedopplerradardisplay\x64\debug\vc120.idb
e:\visual_studio_2013_workingspace\second hierarchy dll\cudapulsedopplerradardisplay\cudapulsedopplerradardisplay\x64\debug\stdafx.obj
e:\visual_studio_2013_workingspace\second hierarchy dll\cudapulsedopplerradardisplay\cudapulsedopplerradardisplay\x64\debug\cudapulsedopplerradardisplay.obj
e:\visual_studio_2013_workingspace\second hierarchy dll\cudapulsedopplerradardisplay\cudapulsedopplerradardisplay\x64\debug\dllmain.obj
e:\visual_studio_2013_workingspace\second hierarchy dll\cudapulsedopplerradardisplay\x64\debug\cudapulsedopplerradardisplay.lib
e:\visual_studio_2013_workingspace\second hierarchy dll\cudapulsedopplerradardisplay\x64\debug\cudapulsedopplerradardisplay.exp
e:\visual_studio_2013_workingspace\second hierarchy dll\cudapulsedopplerradardisplay\x64\debug\cudapulsedopplerradardisplay.ilk
e:\visual_studio_2013_workingspace\second hierarchy dll\cudapulsedopplerradardisplay\x64\debug\cudapulsedopplerradardisplay.dll
e:\visual_studio_2013_workingspace\second hierarchy dll\cudapulsedopplerradardisplay\x64\debug\cudapulsedopplerradardisplay.pdb
e:\visual_studio_2013_workingspace\second hierarchy dll\cudapulsedopplerradardisplay\cudapulsedopplerradardisplay\x64\debug\cudapulsedopplerradardisplayalgorithmcore.cu.cache
e:\visual_studio_2013_workingspace\second hierarchy dll\cudapulsedopplerradardisplay\cudapulsedopplerradardisplay\x64\debug\cudapulsedopplerradardisplayalgorithmcore.cuh.cache
e:\visual_studio_2013_workingspace\second hierarchy dll\cudapulsedopplerradardisplay\cudapulsedopplerradardisplay\x64\debug\cudapulsedopplerradardisplayalgorithmcore.cu.obj
e:\visual_studio_2013_workingspace\second hierarchy dll\cudapulsedopplerradardisplay\cudapulsedopplerradardisplay\x64\debug\cudapulsedopplerradardisplayalgorithmcore.cuh.obj
e:\visual_studio_2013_workingspace\second hierarchy dll\cudapulsedopplerradardisplay\cudapulsedopplerradardisplay\x64\debug\cudapuls.477a5c4b.tlog\cl.command.1.tlog
e:\visual_studio_2013_workingspace\second hierarchy dll\cudapulsedopplerradardisplay\cudapulsedopplerradardisplay\x64\debug\cudapuls.477a5c4b.tlog\cl.read.1.tlog
e:\visual_studio_2013_workingspace\second hierarchy dll\cudapulsedopplerradardisplay\cudapulsedopplerradardisplay\x64\debug\cudapuls.477a5c4b.tlog\cl.write.1.tlog
e:\visual_studio_2013_workingspace\second hierarchy dll\cudapulsedopplerradardisplay\cudapulsedopplerradardisplay\x64\debug\cudapuls.477a5c4b.tlog\cudapulsedopplerradardisplay.write.1u.tlog
e:\visual_studio_2013_workingspace\second hierarchy dll\cudapulsedopplerradardisplay\cudapulsedopplerradardisplay\x64\debug\cudapuls.477a5c4b.tlog\link.command.1.tlog
e:\visual_studio_2013_workingspace\second hierarchy dll\cudapulsedopplerradardisplay\cudapulsedopplerradardisplay\x64\debug\cudapuls.477a5c4b.tlog\link.read.1.tlog
e:\visual_studio_2013_workingspace\second hierarchy dll\cudapulsedopplerradardisplay\cudapulsedopplerradardisplay\x64\debug\cudapuls.477a5c4b.tlog\link.write.1.tlog
