e:\visual_studio_2013_workingspace\second hierarchy dll\cudacfardetectortwodimension\cudacfardetectortwodimension\x64\debug\cudacfardetectortwodimension.pch
e:\visual_studio_2013_workingspace\second hierarchy dll\cudacfardetectortwodimension\cudacfardetectortwodimension\x64\debug\vc120.pdb
e:\visual_studio_2013_workingspace\second hierarchy dll\cudacfardetectortwodimension\cudacfardetectortwodimension\x64\debug\vc120.idb
e:\visual_studio_2013_workingspace\second hierarchy dll\cudacfardetectortwodimension\cudacfardetectortwodimension\x64\debug\stdafx.obj
e:\visual_studio_2013_workingspace\second hierarchy dll\cudacfardetectortwodimension\cudacfardetectortwodimension\x64\debug\cudacfardetectortwodimension.obj
e:\visual_studio_2013_workingspace\second hierarchy dll\cudacfardetectortwodimension\cudacfardetectortwodimension\x64\debug\dllmain.obj
e:\visual_studio_2013_workingspace\second hierarchy dll\cudacfardetectortwodimension\x64\debug\cudacfardetectortwodimension.lib
e:\visual_studio_2013_workingspace\second hierarchy dll\cudacfardetectortwodimension\x64\debug\cudacfardetectortwodimension.exp
e:\visual_studio_2013_workingspace\second hierarchy dll\cudacfardetectortwodimension\x64\debug\cudacfardetectortwodimension.ilk
e:\visual_studio_2013_workingspace\second hierarchy dll\cudacfardetectortwodimension\x64\debug\cudacfardetectortwodimension.dll
e:\visual_studio_2013_workingspace\second hierarchy dll\cudacfardetectortwodimension\x64\debug\cudacfardetectortwodimension.pdb
e:\visual_studio_2013_workingspace\second hierarchy dll\cudacfardetectortwodimension\cudacfardetectortwodimension\x64\debug\cudacfardetectortwodimensionalgorithmcore.cu.cache
e:\visual_studio_2013_workingspace\second hierarchy dll\cudacfardetectortwodimension\cudacfardetectortwodimension\x64\debug\cudacfardetectortwodimensionalgorithmcore.cuh.cache
e:\visual_studio_2013_workingspace\second hierarchy dll\cudacfardetectortwodimension\cudacfardetectortwodimension\x64\debug\cudamathematicsfoundationarithmeticcore.cuh.cache
e:\visual_studio_2013_workingspace\second hierarchy dll\cudacfardetectortwodimension\cudacfardetectortwodimension\x64\debug\cudacfardetectortwodimensionalgorithmcore.cu.obj
e:\visual_studio_2013_workingspace\second hierarchy dll\cudacfardetectortwodimension\cudacfardetectortwodimension\x64\debug\cudacfardetectortwodimensionalgorithmcore.cuh.obj
e:\visual_studio_2013_workingspace\second hierarchy dll\cudacfardetectortwodimension\cudacfardetectortwodimension\x64\debug\cudamathematicsfoundationarithmeticcore.cuh.obj
e:\visual_studio_2013_workingspace\second hierarchy dll\cudacfardetectortwodimension\cudacfardetectortwodimension\x64\debug\cudacfar.869c8e08.tlog\cl.command.1.tlog
e:\visual_studio_2013_workingspace\second hierarchy dll\cudacfardetectortwodimension\cudacfardetectortwodimension\x64\debug\cudacfar.869c8e08.tlog\cl.read.1.tlog
e:\visual_studio_2013_workingspace\second hierarchy dll\cudacfardetectortwodimension\cudacfardetectortwodimension\x64\debug\cudacfar.869c8e08.tlog\cl.write.1.tlog
e:\visual_studio_2013_workingspace\second hierarchy dll\cudacfardetectortwodimension\cudacfardetectortwodimension\x64\debug\cudacfar.869c8e08.tlog\cudacfardetectortwodimension.write.1u.tlog
e:\visual_studio_2013_workingspace\second hierarchy dll\cudacfardetectortwodimension\cudacfardetectortwodimension\x64\debug\cudacfar.869c8e08.tlog\link.command.1.tlog
e:\visual_studio_2013_workingspace\second hierarchy dll\cudacfardetectortwodimension\cudacfardetectortwodimension\x64\debug\cudacfar.869c8e08.tlog\link.read.1.tlog
e:\visual_studio_2013_workingspace\second hierarchy dll\cudacfardetectortwodimension\cudacfardetectortwodimension\x64\debug\cudacfar.869c8e08.tlog\link.write.1.tlog
