e:\visual_studio_2013_workingspace\second hierarchy dll\cudaonedimensionechoextraction\cudaonedimensionechoextraction\x64\debug\cudaonedimensionechoextraction.pch
e:\visual_studio_2013_workingspace\second hierarchy dll\cudaonedimensionechoextraction\cudaonedimensionechoextraction\x64\debug\vc120.pdb
e:\visual_studio_2013_workingspace\second hierarchy dll\cudaonedimensionechoextraction\cudaonedimensionechoextraction\x64\debug\vc120.idb
e:\visual_studio_2013_workingspace\second hierarchy dll\cudaonedimensionechoextraction\cudaonedimensionechoextraction\x64\debug\stdafx.obj
e:\visual_studio_2013_workingspace\second hierarchy dll\cudaonedimensionechoextraction\cudaonedimensionechoextraction\x64\debug\cudaonedimensionechoextraction.obj
e:\visual_studio_2013_workingspace\second hierarchy dll\cudaonedimensionechoextraction\cudaonedimensionechoextraction\x64\debug\dllmain.obj
e:\visual_studio_2013_workingspace\second hierarchy dll\cudaonedimensionechoextraction\x64\debug\cudaonedimensionechoextraction.lib
e:\visual_studio_2013_workingspace\second hierarchy dll\cudaonedimensionechoextraction\x64\debug\cudaonedimensionechoextraction.exp
e:\visual_studio_2013_workingspace\second hierarchy dll\cudaonedimensionechoextraction\x64\debug\cudaonedimensionechoextraction.ilk
e:\visual_studio_2013_workingspace\second hierarchy dll\cudaonedimensionechoextraction\x64\debug\cudaonedimensionechoextraction.dll
e:\visual_studio_2013_workingspace\second hierarchy dll\cudaonedimensionechoextraction\x64\debug\cudaonedimensionechoextraction.pdb
e:\visual_studio_2013_workingspace\second hierarchy dll\cudaonedimensionechoextraction\cudaonedimensionechoextraction\x64\debug\cudaonedimensionechoextractionalgorithmcore.cu.cache
e:\visual_studio_2013_workingspace\second hierarchy dll\cudaonedimensionechoextraction\cudaonedimensionechoextraction\x64\debug\cudaonedimensionechoextractionalgorithmcore.cu.obj
e:\visual_studio_2013_workingspace\second hierarchy dll\cudaonedimensionechoextraction\cudaonedimensionechoextraction\x64\debug\cudaoned.0ae5ce96.tlog\cl.command.1.tlog
e:\visual_studio_2013_workingspace\second hierarchy dll\cudaonedimensionechoextraction\cudaonedimensionechoextraction\x64\debug\cudaoned.0ae5ce96.tlog\cl.read.1.tlog
e:\visual_studio_2013_workingspace\second hierarchy dll\cudaonedimensionechoextraction\cudaonedimensionechoextraction\x64\debug\cudaoned.0ae5ce96.tlog\cl.write.1.tlog
e:\visual_studio_2013_workingspace\second hierarchy dll\cudaonedimensionechoextraction\cudaonedimensionechoextraction\x64\debug\cudaoned.0ae5ce96.tlog\cudaonedimensionechoextraction.write.1u.tlog
e:\visual_studio_2013_workingspace\second hierarchy dll\cudaonedimensionechoextraction\cudaonedimensionechoextraction\x64\debug\cudaoned.0ae5ce96.tlog\link.command.1.tlog
e:\visual_studio_2013_workingspace\second hierarchy dll\cudaonedimensionechoextraction\cudaonedimensionechoextraction\x64\debug\cudaoned.0ae5ce96.tlog\link.read.1.tlog
e:\visual_studio_2013_workingspace\second hierarchy dll\cudaonedimensionechoextraction\cudaonedimensionechoextraction\x64\debug\cudaoned.0ae5ce96.tlog\link.write.1.tlog
