生成启动时间为 2022/9/5 14:28:08。
     1>项目“E:\Visual_studio_2013_workingspace\Second hierarchy DLL\CUDAOneDimensionEchoExtraction\CUDAOneDimensionEchoExtraction\CUDAOneDimensionEchoExtraction.vcxproj”在节点 2 上(Rebuild 个目标)。
     1>CudaClean:
         cmd.exe /C "C:\Users\admin\AppData\Local\Temp\tmp114260921eee4944be6f0f563a564d73.cmd"
         "C:\Program Files\NVIDIA GPU Computing Toolkit\CUDA\v9.2\bin\nvcc.exe" -ccbin "D:\Visual_studio_2013\VC\bin\x86_amd64" -x cu  -I"E:\Visual_studio_2013_workingspace\Second hierarchy DLL\CUDAOneDimensionEchoExtraction\CUDAHeaderFileOfHierarchy1DLL\\" -I"C:\Program Files\NVIDIA GPU Computing Toolkit\CUDA\v9.2\include" -I"C:\Program Files\NVIDIA GPU Computing Toolkit\CUDA\v9.2\include"  -G   --keep-dir x64\Debug -maxrregcount=0  --machine 64 --compile   -g   -DWIN32 -D_DEBUG -D_WINDOWS -D_USRDLL -DCUDAONEDIMENSIONECHOEXTRACTION_EXPORTS -D_WINDLL -D_UNICODE -DUNICODE -Xcompiler "/EHsc /W3 /nologo /Od  /FS /Zi /RTC1 /MDd " -o x64\Debug\CUDAOneDimensionEchoExtractionAlgorithmCore.cu.obj "E:\Visual_studio_2013_workingspace\Second hierarchy DLL\CUDAOneDimensionEchoExtraction\CUDAOneDimensionEchoExtractionAlgorithm\CUDAOneDimensionEchoExtractionAlgorithmCore.cu" -clean
         
         E:\Visual_studio_2013_workingspace\Second hierarchy DLL\CUDAOneDimensionEchoExtraction\CUDAOneDimensionEchoExtraction>"C:\Program Files\NVIDIA GPU Computing Toolkit\CUDA\v9.2\bin\nvcc.exe" -ccbin "D:\Visual_studio_2013\VC\bin\x86_amd64" -x cu  -I"E:\Visual_studio_2013_workingspace\Second hierarchy DLL\CUDAOneDimensionEchoExtraction\CUDAHeaderFileOfHierarchy1DLL\\" -I"C:\Program Files\NVIDIA GPU Computing Toolkit\CUDA\v9.2\include" -I"C:\Program Files\NVIDIA GPU Computing Toolkit\CUDA\v9.2\include"  -G   --keep-dir x64\Debug -maxrregcount=0  --machine 64 --compile   -g   -DWIN32 -D_DEBUG -D_WINDOWS -D_USRDLL -DCUDAONEDIMENSIONECHOEXTRACTION_EXPORTS -D_WINDLL -D_UNICODE -DUNICODE -Xcompiler "/EHsc /W3 /nologo /Od  /FS /Zi /RTC1 /MDd " -o x64\Debug\CUDAOneDimensionEchoExtractionAlgorithmCore.cu.obj "E:\Visual_studio_2013_workingspace\Second hierarchy DLL\CUDAOneDimensionEchoExtraction\CUDAOneDimensionEchoExtractionAlgorithm\CUDAOneDimensionEchoExtractionAlgorithmCore.cu" -clean 
         CUDAOneDimensionEchoExtractionAlgorithmCore.cu
       AddCudaCompileDeps:
         D:\Visual_studio_2013\VC\bin\x86_amd64\cl.exe /E /nologo /showIncludes /TP /D__CUDACC__ /DWIN32 /D_DEBUG /D_WINDOWS /D_USRDLL /DCUDAONEDIMENSIONECHOEXTRACTION_EXPORTS /D_WINDLL /D_UNICODE /DUNICODE /I"E:\Visual_studio_2013_workingspace\Second hierarchy DLL\CUDAOneDimensionEchoExtraction\CUDAHeaderFileOfHierarchy1DLL\" /I"C:\Program Files\NVIDIA GPU Computing Toolkit\CUDA\v9.2\include" /I"C:\Program Files\NVIDIA GPU Computing Toolkit\CUDA\v9.2\bin" /I"C:\Program Files\NVIDIA GPU Computing Toolkit\CUDA\v9.2\include" /I. /FIcuda_runtime.h /c "E:\Visual_studio_2013_workingspace\Second hierarchy DLL\CUDAOneDimensionEchoExtraction\CUDAOneDimensionEchoExtractionAlgorithm\CUDAOneDimensionEchoExtractionAlgorithmCore.cu" 
     1>项目“E:\Visual_studio_2013_workingspace\Second hierarchy DLL\CUDAOneDimensionEchoExtraction\CUDAOneDimensionEchoExtraction\CUDAOneDimensionEchoExtraction.vcxproj”(1)正在节点 2 上生成“E:\Visual_studio_2013_workingspace\Second hierarchy DLL\CUDAOneDimensionEchoExtraction\CUDAOneDimensionEchoExtraction\CUDAOneDimensionEchoExtraction.vcxproj”(1:2) (CudaBuildCore 个目标)。
     1>CudaBuildCore:
         Compiling CUDA source file ..\CUDAOneDimensionEchoExtractionAlgorithm\CUDAOneDimensionEchoExtractionAlgorithmCore.cu...
         cmd.exe /C "C:\Users\admin\AppData\Local\Temp\tmp070f31ce322e4fc3a6c3ce06be78fc70.cmd"
         "C:\Program Files\NVIDIA GPU Computing Toolkit\CUDA\v9.2\bin\nvcc.exe" -gencode=arch=compute_52,code=\"sm_52,compute_52\" --use-local-env -ccbin "D:\Visual_studio_2013\VC\bin\x86_amd64" -x cu  -I"E:\Visual_studio_2013_workingspace\Second hierarchy DLL\CUDAOneDimensionEchoExtraction\CUDAHeaderFileOfHierarchy1DLL\\" -I"C:\Program Files\NVIDIA GPU Computing Toolkit\CUDA\v9.2\include" -I"C:\Program Files\NVIDIA GPU Computing Toolkit\CUDA\v9.2\include"  -G   --keep-dir x64\Debug -maxrregcount=0  --machine 64 --compile -cudart static  -g   -DWIN32 -D_DEBUG -D_WINDOWS -D_USRDLL -DCUDAONEDIMENSIONECHOEXTRACTION_EXPORTS -D_WINDLL -D_UNICODE -DUNICODE -Xcompiler "/EHsc /W3 /nologo /Od /Fdx64\Debug\vc120.pdb /FS /Zi /RTC1 /MDd " -o x64\Debug\CUDAOneDimensionEchoExtractionAlgorithmCore.cu.obj "E:\Visual_studio_2013_workingspace\Second hierarchy DLL\CUDAOneDimensionEchoExtraction\CUDAOneDimensionEchoExtractionAlgorithm\CUDAOneDimensionEchoExtractionAlgorithmCore.cu"
         
         E:\Visual_studio_2013_workingspace\Second hierarchy DLL\CUDAOneDimensionEchoExtraction\CUDAOneDimensionEchoExtraction>"C:\Program Files\NVIDIA GPU Computing Toolkit\CUDA\v9.2\bin\nvcc.exe" -gencode=arch=compute_52,code=\"sm_52,compute_52\" --use-local-env -ccbin "D:\Visual_studio_2013\VC\bin\x86_amd64" -x cu  -I"E:\Visual_studio_2013_workingspace\Second hierarchy DLL\CUDAOneDimensionEchoExtraction\CUDAHeaderFileOfHierarchy1DLL\\" -I"C:\Program Files\NVIDIA GPU Computing Toolkit\CUDA\v9.2\include" -I"C:\Program Files\NVIDIA GPU Computing Toolkit\CUDA\v9.2\include"  -G   --keep-dir x64\Debug -maxrregcount=0  --machine 64 --compile -cudart static  -g   -DWIN32 -D_DEBUG -D_WINDOWS -D_USRDLL -DCUDAONEDIMENSIONECHOEXTRACTION_EXPORTS -D_WINDLL -D_UNICODE -DUNICODE -Xcompiler "/EHsc /W3 /nologo /Od /Fdx64\Debug\vc120.pdb /FS /Zi /RTC1 /MDd " -o x64\Debug\CUDAOneDimensionEchoExtractionAlgorithmCore.cu.obj "E:\Visual_studio_2013_workingspace\Second hierarchy DLL\CUDAOneDimensionEchoExtraction\CUDAOneDimensionEchoExtractionAlgorithm\CUDAOneDimensionEchoExtractionAlgorithmCore.cu" 
     1>c:\program files\nvidia gpu computing toolkit\cuda\v9.2\include\crt\math_functions.h : warning C4819: 该文件包含不能在当前代码页(936)中表示的字符。请将该文件保存为 Unicode 格式以防止数据丢失
     1>c:\program files\nvidia gpu computing toolkit\cuda\v9.2\include\crt\math_functions.h(831): warning C4819: 该文件包含不能在当前代码页(936)中表示的字符。请将该文件保存为 Unicode 格式以防止数据丢失
     1>c:\program files\nvidia gpu computing toolkit\cuda\v9.2\include\crt\math_functions.h(1769): warning C4819: 该文件包含不能在当前代码页(936)中表示的字符。请将该文件保存为 Unicode 格式以防止数据丢失
     1>c:\program files\nvidia gpu computing toolkit\cuda\v9.2\include\crt\math_functions.h(2624): warning C4819: 该文件包含不能在当前代码页(936)中表示的字符。请将该文件保存为 Unicode 格式以防止数据丢失
     1>c:\program files\nvidia gpu computing toolkit\cuda\v9.2\include\crt\math_functions.h(3462): warning C4819: 该文件包含不能在当前代码页(936)中表示的字符。请将该文件保存为 Unicode 格式以防止数据丢失
     1>c:\program files\nvidia gpu computing toolkit\cuda\v9.2\include\crt\math_functions.h(4411): warning C4819: 该文件包含不能在当前代码页(936)中表示的字符。请将该文件保存为 Unicode 格式以防止数据丢失
     1>c:\program files\nvidia gpu computing toolkit\cuda\v9.2\include\crt\math_functions.h(5309): warning C4819: 该文件包含不能在当前代码页(936)中表示的字符。请将该文件保存为 Unicode 格式以防止数据丢失
     1>c:\program files\nvidia gpu computing toolkit\cuda\v9.2\include\crt\math_functions.h(6217): warning C4819: 该文件包含不能在当前代码页(936)中表示的字符。请将该文件保存为 Unicode 格式以防止数据丢失
     1>c:\program files\nvidia gpu computing toolkit\cuda\v9.2\include\crt\math_functions.h(7097): warning C4819: 该文件包含不能在当前代码页(936)中表示的字符。请将该文件保存为 Unicode 格式以防止数据丢失
     1>c:\program files\nvidia gpu computing toolkit\cuda\v9.2\include\crt\math_functions.h(7901): warning C4819: 该文件包含不能在当前代码页(936)中表示的字符。请将该文件保存为 Unicode 格式以防止数据丢失
     1>c:\program files\nvidia gpu computing toolkit\cuda\v9.2\include\crt/device_functions.h : warning C4819: 该文件包含不能在当前代码页(936)中表示的字符。请将该文件保存为 Unicode 格式以防止数据丢失
     1>c:\program files\nvidia gpu computing toolkit\cuda\v9.2\include\crt/device_functions.h(776): warning C4819: 该文件包含不能在当前代码页(936)中表示的字符。请将该文件保存为 Unicode 格式以防止数据丢失
     1>c:\program files\nvidia gpu computing toolkit\cuda\v9.2\include\crt/device_functions.h(1636): warning C4819: 该文件包含不能在当前代码页(936)中表示的字符。请将该文件保存为 Unicode 格式以防止数据丢失
     1>c:\program files\nvidia gpu computing toolkit\cuda\v9.2\include\crt\device_double_functions.h : warning C4819: 该文件包含不能在当前代码页(936)中表示的字符。请将该文件保存为 Unicode 格式以防止数据丢失
     1>c:\program files\nvidia gpu computing toolkit\cuda\v9.2\include\sm_20_intrinsics.h : warning C4819: 该文件包含不能在当前代码页(936)中表示的字符。请将该文件保存为 Unicode 格式以防止数据丢失
     1>c:\program files\nvidia gpu computing toolkit\cuda\v9.2\include\sm_20_intrinsics.h(925): warning C4819: 该文件包含不能在当前代码页(936)中表示的字符。请将该文件保存为 Unicode 格式以防止数据丢失
     1>E:/Visual_studio_2013_workingspace/Second hierarchy DLL/CUDAOneDimensionEchoExtraction/CUDAOneDimensionEchoExtractionAlgorithm/CUDAOneDimensionEchoExtractionAlgorithmCore.cu(108): warning : variable "Index" is used before its value is set
     1>c:\program files\nvidia gpu computing toolkit\cuda\v9.2\include\crt\math_functions.h : warning C4819: 该文件包含不能在当前代码页(936)中表示的字符。请将该文件保存为 Unicode 格式以防止数据丢失
     1>c:\program files\nvidia gpu computing toolkit\cuda\v9.2\include\crt\math_functions.h(831): warning C4819: 该文件包含不能在当前代码页(936)中表示的字符。请将该文件保存为 Unicode 格式以防止数据丢失
     1>c:\program files\nvidia gpu computing toolkit\cuda\v9.2\include\crt\math_functions.h(1769): warning C4819: 该文件包含不能在当前代码页(936)中表示的字符。请将该文件保存为 Unicode 格式以防止数据丢失
     1>c:\program files\nvidia gpu computing toolkit\cuda\v9.2\include\crt\math_functions.h(2624): warning C4819: 该文件包含不能在当前代码页(936)中表示的字符。请将该文件保存为 Unicode 格式以防止数据丢失
     1>c:\program files\nvidia gpu computing toolkit\cuda\v9.2\include\crt\math_functions.h(3462): warning C4819: 该文件包含不能在当前代码页(936)中表示的字符。请将该文件保存为 Unicode 格式以防止数据丢失
     1>c:\program files\nvidia gpu computing toolkit\cuda\v9.2\include\crt\math_functions.h(4411): warning C4819: 该文件包含不能在当前代码页(936)中表示的字符。请将该文件保存为 Unicode 格式以防止数据丢失
     1>c:\program files\nvidia gpu computing toolkit\cuda\v9.2\include\crt\math_functions.h(5309): warning C4819: 该文件包含不能在当前代码页(936)中表示的字符。请将该文件保存为 Unicode 格式以防止数据丢失
     1>c:\program files\nvidia gpu computing toolkit\cuda\v9.2\include\crt\math_functions.h(6217): warning C4819: 该文件包含不能在当前代码页(936)中表示的字符。请将该文件保存为 Unicode 格式以防止数据丢失
     1>c:\program files\nvidia gpu computing toolkit\cuda\v9.2\include\crt\math_functions.h(7097): warning C4819: 该文件包含不能在当前代码页(936)中表示的字符。请将该文件保存为 Unicode 格式以防止数据丢失
     1>c:\program files\nvidia gpu computing toolkit\cuda\v9.2\include\crt\math_functions.h(7901): warning C4819: 该文件包含不能在当前代码页(936)中表示的字符。请将该文件保存为 Unicode 格式以防止数据丢失
     1>c:\program files\nvidia gpu computing toolkit\cuda\v9.2\include\crt/device_functions.h : warning C4819: 该文件包含不能在当前代码页(936)中表示的字符。请将该文件保存为 Unicode 格式以防止数据丢失
     1>c:\program files\nvidia gpu computing toolkit\cuda\v9.2\include\crt/device_functions.h(776): warning C4819: 该文件包含不能在当前代码页(936)中表示的字符。请将该文件保存为 Unicode 格式以防止数据丢失
     1>c:\program files\nvidia gpu computing toolkit\cuda\v9.2\include\crt/device_functions.h(1636): warning C4819: 该文件包含不能在当前代码页(936)中表示的字符。请将该文件保存为 Unicode 格式以防止数据丢失
     1>c:\program files\nvidia gpu computing toolkit\cuda\v9.2\include\crt\device_double_functions.h : warning C4819: 该文件包含不能在当前代码页(936)中表示的字符。请将该文件保存为 Unicode 格式以防止数据丢失
     1>c:\program files\nvidia gpu computing toolkit\cuda\v9.2\include\sm_20_intrinsics.h : warning C4819: 该文件包含不能在当前代码页(936)中表示的字符。请将该文件保存为 Unicode 格式以防止数据丢失
     1>c:\program files\nvidia gpu computing toolkit\cuda\v9.2\include\sm_20_intrinsics.h(925): warning C4819: 该文件包含不能在当前代码页(936)中表示的字符。请将该文件保存为 Unicode 格式以防止数据丢失
     1>E:/Visual_studio_2013_workingspace/Second hierarchy DLL/CUDAOneDimensionEchoExtraction/CUDAOneDimensionEchoExtractionAlgorithm/CUDAOneDimensionEchoExtractionAlgorithmCore.cu(108): warning : variable "Index" is used before its value is set
         CUDAOneDimensionEchoExtractionAlgorithmCore.cu
     1>E:/Visual_studio_2013_workingspace/Second hierarchy DLL/CUDAOneDimensionEchoExtraction/CUDAOneDimensionEchoExtractionAlgorithm/CUDAOneDimensionEchoExtractionAlgorithmCore.cu(82): warning C4267: “=”: 从“size_t”转换到“int”，可能丢失数据
     1>c:\program files\nvidia gpu computing toolkit\cuda\v9.2\include\crt\math_functions.h : warning C4819: 该文件包含不能在当前代码页(936)中表示的字符。请将该文件保存为 Unicode 格式以防止数据丢失
     1>c:\program files\nvidia gpu computing toolkit\cuda\v9.2\include\crt\math_functions.h(831): warning C4819: 该文件包含不能在当前代码页(936)中表示的字符。请将该文件保存为 Unicode 格式以防止数据丢失
     1>c:\program files\nvidia gpu computing toolkit\cuda\v9.2\include\crt\math_functions.h(1769): warning C4819: 该文件包含不能在当前代码页(936)中表示的字符。请将该文件保存为 Unicode 格式以防止数据丢失
     1>c:\program files\nvidia gpu computing toolkit\cuda\v9.2\include\crt\math_functions.h(2624): warning C4819: 该文件包含不能在当前代码页(936)中表示的字符。请将该文件保存为 Unicode 格式以防止数据丢失
     1>c:\program files\nvidia gpu computing toolkit\cuda\v9.2\include\crt\math_functions.h(3462): warning C4819: 该文件包含不能在当前代码页(936)中表示的字符。请将该文件保存为 Unicode 格式以防止数据丢失
     1>c:\program files\nvidia gpu computing toolkit\cuda\v9.2\include\crt\math_functions.h(4411): warning C4819: 该文件包含不能在当前代码页(936)中表示的字符。请将该文件保存为 Unicode 格式以防止数据丢失
     1>c:\program files\nvidia gpu computing toolkit\cuda\v9.2\include\crt\math_functions.h(5309): warning C4819: 该文件包含不能在当前代码页(936)中表示的字符。请将该文件保存为 Unicode 格式以防止数据丢失
     1>c:\program files\nvidia gpu computing toolkit\cuda\v9.2\include\crt\math_functions.h(6217): warning C4819: 该文件包含不能在当前代码页(936)中表示的字符。请将该文件保存为 Unicode 格式以防止数据丢失
     1>c:\program files\nvidia gpu computing toolkit\cuda\v9.2\include\crt\math_functions.h(7097): warning C4819: 该文件包含不能在当前代码页(936)中表示的字符。请将该文件保存为 Unicode 格式以防止数据丢失
     1>c:\program files\nvidia gpu computing toolkit\cuda\v9.2\include\crt\math_functions.h(7901): warning C4819: 该文件包含不能在当前代码页(936)中表示的字符。请将该文件保存为 Unicode 格式以防止数据丢失
     1>e:\visual_studio_2013_workingspace\second hierarchy dll\cudaonedimensionechoextraction\cudaonedimensionechoextractionalgorithm\cudaonedimensionechoextractionalgorithmcore.cu(108): warning C4700: 使用了未初始化的局部变量“Index”
     1>已完成生成项目“E:\Visual_studio_2013_workingspace\Second hierarchy DLL\CUDAOneDimensionEchoExtraction\CUDAOneDimensionEchoExtraction\CUDAOneDimensionEchoExtraction.vcxproj”(CudaBuildCore 个目标)的操作。
     1>ClCompile:
         D:\Visual_studio_2013\VC\bin\x86_amd64\CL.exe /c /I"E:\Visual_studio_2013_workingspace\Second hierarchy DLL\CUDAOneDimensionEchoExtraction\CUDAHeaderFileOfHierarchy1DLL\\" /I"C:\Program Files\NVIDIA GPU Computing Toolkit\CUDA\v9.2\include" /Zi /nologo /W3 /WX- /sdl /Od /D WIN32 /D _DEBUG /D _WINDOWS /D _USRDLL /D CUDAONEDIMENSIONECHOEXTRACTION_EXPORTS /D _WINDLL /D _UNICODE /D UNICODE /Gm /EHsc /RTC1 /MDd /GS /fp:precise /Zc:wchar_t /Zc:forScope /Yc"stdafx.h" /Fp"x64\Debug\CUDAOneDimensionEchoExtraction.pch" /Fo"x64\Debug\\" /Fd"x64\Debug\vc120.pdb" /Gd /TP /errorReport:prompt stdafx.cpp
         stdafx.cpp
         D:\Visual_studio_2013\VC\bin\x86_amd64\CL.exe /c /I"E:\Visual_studio_2013_workingspace\Second hierarchy DLL\CUDAOneDimensionEchoExtraction\CUDAHeaderFileOfHierarchy1DLL\\" /I"C:\Program Files\NVIDIA GPU Computing Toolkit\CUDA\v9.2\include" /Zi /nologo /W3 /WX- /sdl /Od /D WIN32 /D _DEBUG /D _WINDOWS /D _USRDLL /D CUDAONEDIMENSIONECHOEXTRACTION_EXPORTS /D _WINDLL /D _UNICODE /D UNICODE /Gm /EHsc /RTC1 /MDd /GS /fp:precise /Zc:wchar_t /Zc:forScope /Fo"x64\Debug\\" /Fd"x64\Debug\vc120.pdb" /Gd /TP /errorReport:prompt CUDAOneDimensionEchoExtraction.cpp
         CUDAOneDimensionEchoExtraction.cpp
     1>c:\program files\nvidia gpu computing toolkit\cuda\v9.2\include\crt/device_functions.h : warning C4819: 该文件包含不能在当前代码页(936)中表示的字符。请将该文件保存为 Unicode 格式以防止数据丢失
     1>c:\program files\nvidia gpu computing toolkit\cuda\v9.2\include\crt/device_functions.h(776): warning C4819: 该文件包含不能在当前代码页(936)中表示的字符。请将该文件保存为 Unicode 格式以防止数据丢失
     1>c:\program files\nvidia gpu computing toolkit\cuda\v9.2\include\crt/device_functions.h(1636): warning C4819: 该文件包含不能在当前代码页(936)中表示的字符。请将该文件保存为 Unicode 格式以防止数据丢失
     1>c:\program files\nvidia gpu computing toolkit\cuda\v9.2\include\crt\device_double_functions.h : warning C4819: 该文件包含不能在当前代码页(936)中表示的字符。请将该文件保存为 Unicode 格式以防止数据丢失
     1>c:\program files\nvidia gpu computing toolkit\cuda\v9.2\include\sm_20_intrinsics.h : warning C4819: 该文件包含不能在当前代码页(936)中表示的字符。请将该文件保存为 Unicode 格式以防止数据丢失
     1>c:\program files\nvidia gpu computing toolkit\cuda\v9.2\include\sm_20_intrinsics.h(925): warning C4819: 该文件包含不能在当前代码页(936)中表示的字符。请将该文件保存为 Unicode 格式以防止数据丢失
         D:\Visual_studio_2013\VC\bin\x86_amd64\CL.exe /c /I"E:\Visual_studio_2013_workingspace\Second hierarchy DLL\CUDAOneDimensionEchoExtraction\CUDAHeaderFileOfHierarchy1DLL\\" /I"C:\Program Files\NVIDIA GPU Computing Toolkit\CUDA\v9.2\include" /Zi /nologo /W3 /WX- /sdl /Od /D WIN32 /D _DEBUG /D _WINDOWS /D _USRDLL /D CUDAONEDIMENSIONECHOEXTRACTION_EXPORTS /D _WINDLL /D _UNICODE /D UNICODE /Gm /EHsc /RTC1 /MDd /GS /fp:precise /Zc:wchar_t /Zc:forScope /Fo"x64\Debug\\" /Fd"x64\Debug\vc120.pdb" /Gd /TP /errorReport:prompt dllmain.cpp
         dllmain.cpp
       Link:
         D:\Visual_studio_2013\VC\bin\x86_amd64\link.exe /ERRORREPORT:PROMPT /OUT:"E:\Visual_studio_2013_workingspace\Second hierarchy DLL\CUDAOneDimensionEchoExtraction\x64\Debug\CUDAOneDimensionEchoExtraction.dll" /INCREMENTAL /NOLOGO /LIBPATH:"E:\Visual_studio_2013_workingspace\Second hierarchy DLL\CUDAOneDimensionEchoExtraction\CUDALibFileOfHierarchy1DLL" /LIBPATH:"C:\Program Files\NVIDIA GPU Computing Toolkit\CUDA\v9.2\lib\x64" cuda.lib cudadevrt.lib cudart.lib cudart_static.lib cufft.lib cufftw.lib CUDAMathematicsFoundationArithmetic.lib kernel32.lib user32.lib gdi32.lib winspool.lib comdlg32.lib advapi32.lib shell32.lib ole32.lib oleaut32.lib uuid.lib odbc32.lib odbccp32.lib /MANIFEST /MANIFESTUAC:"level='asInvoker' uiAccess='false'" /manifest:embed /DEBUG /PDB:"E:\Visual_studio_2013_workingspace\Second hierarchy DLL\CUDAOneDimensionEchoExtraction\x64\Debug\CUDAOneDimensionEchoExtraction.pdb" /SUBSYSTEM:WINDOWS /TLBID:1 /DYNAMICBASE /NXCOMPAT /IMPLIB:"E:\Visual_studio_2013_workingspace\Second hierarchy DLL\CUDAOneDimensionEchoExtraction\x64\Debug\CUDAOneDimensionEchoExtraction.lib" /MACHINE:X64 /DLL x64\Debug\CUDAOneDimensionEchoExtractionAlgorithmCore.cu.obj
         x64\Debug\CUDAOneDimensionEchoExtraction.obj
         x64\Debug\dllmain.obj
         x64\Debug\stdafx.obj
         ..\CUDALibFileOfHierarchy1DLL\CUDAMathematicsFoundationArithmetic.lib
            正在创建库 E:\Visual_studio_2013_workingspace\Second hierarchy DLL\CUDAOneDimensionEchoExtraction\x64\Debug\CUDAOneDimensionEchoExtraction.lib 和对象 E:\Visual_studio_2013_workingspace\Second hierarchy DLL\CUDAOneDimensionEchoExtraction\x64\Debug\CUDAOneDimensionEchoExtraction.exp
         CUDAOneDimensionEchoExtraction.vcxproj -> E:\Visual_studio_2013_workingspace\Second hierarchy DLL\CUDAOneDimensionEchoExtraction\x64\Debug\CUDAOneDimensionEchoExtraction.dll
     1>已完成生成项目“E:\Visual_studio_2013_workingspace\Second hierarchy DLL\CUDAOneDimensionEchoExtraction\CUDAOneDimensionEchoExtraction\CUDAOneDimensionEchoExtraction.vcxproj”(Rebuild 个目标)的操作。

生成成功。

已用时间 00:00:05.96
