e:\visual_studio_2013_workingspace\first hierarchy dll\cudamathematicsfoundationarithmetic\cudamathematicsfoundationarithmetic\x64\debug\cudamathematicsfoundationarithmetic.pch
e:\visual_studio_2013_workingspace\first hierarchy dll\cudamathematicsfoundationarithmetic\cudamathematicsfoundationarithmetic\x64\debug\vc120.pdb
e:\visual_studio_2013_workingspace\first hierarchy dll\cudamathematicsfoundationarithmetic\cudamathematicsfoundationarithmetic\x64\debug\vc120.idb
e:\visual_studio_2013_workingspace\first hierarchy dll\cudamathematicsfoundationarithmetic\cudamathematicsfoundationarithmetic\x64\debug\stdafx.obj
e:\visual_studio_2013_workingspace\first hierarchy dll\cudamathematicsfoundationarithmetic\cudamathematicsfoundationarithmetic\x64\debug\dllmain.obj
e:\visual_studio_2013_workingspace\first hierarchy dll\cudamathematicsfoundationarithmetic\x64\debug\cudamathematicsfoundationarithmetic.lib
e:\visual_studio_2013_workingspace\first hierarchy dll\cudamathematicsfoundationarithmetic\x64\debug\cudamathematicsfoundationarithmetic.exp
e:\visual_studio_2013_workingspace\first hierarchy dll\cudamathematicsfoundationarithmetic\x64\debug\cudamathematicsfoundationarithmetic.ilk
e:\visual_studio_2013_workingspace\first hierarchy dll\cudamathematicsfoundationarithmetic\x64\debug\cudamathematicsfoundationarithmetic.dll
e:\visual_studio_2013_workingspace\first hierarchy dll\cudamathematicsfoundationarithmetic\x64\debug\cudamathematicsfoundationarithmetic.pdb
e:\visual_studio_2013_workingspace\first hierarchy dll\cudamathematicsfoundationarithmetic\cudamathematicsfoundationarithmetic\x64\debug\cudamathematicsfoundationarithmeticcore.cu.cache
e:\visual_studio_2013_workingspace\first hierarchy dll\cudamathematicsfoundationarithmetic\cudamathematicsfoundationarithmetic\x64\debug\cudamathematicsfoundationarithmeticcore.cuh.cache
e:\visual_studio_2013_workingspace\first hierarchy dll\cudamathematicsfoundationarithmetic\cudamathematicsfoundationarithmetic\x64\debug\cudamathematicsfoundationarithmeticcore.cu.obj
e:\visual_studio_2013_workingspace\first hierarchy dll\cudamathematicsfoundationarithmetic\cudamathematicsfoundationarithmetic\x64\debug\cudamathematicsfoundationarithmeticcore.cuh.obj
e:\visual_studio_2013_workingspace\first hierarchy dll\cudamathematicsfoundationarithmetic\cudamathematicsfoundationarithmetic\x64\debug\cudamath.d2fc505f.tlog\cl.command.1.tlog
e:\visual_studio_2013_workingspace\first hierarchy dll\cudamathematicsfoundationarithmetic\cudamathematicsfoundationarithmetic\x64\debug\cudamath.d2fc505f.tlog\cl.read.1.tlog
e:\visual_studio_2013_workingspace\first hierarchy dll\cudamathematicsfoundationarithmetic\cudamathematicsfoundationarithmetic\x64\debug\cudamath.d2fc505f.tlog\cl.write.1.tlog
e:\visual_studio_2013_workingspace\first hierarchy dll\cudamathematicsfoundationarithmetic\cudamathematicsfoundationarithmetic\x64\debug\cudamath.d2fc505f.tlog\cudamathematicsfoundationarithmetic.write.1u.tlog
e:\visual_studio_2013_workingspace\first hierarchy dll\cudamathematicsfoundationarithmetic\cudamathematicsfoundationarithmetic\x64\debug\cudamath.d2fc505f.tlog\link.command.1.tlog
e:\visual_studio_2013_workingspace\first hierarchy dll\cudamathematicsfoundationarithmetic\cudamathematicsfoundationarithmetic\x64\debug\cudamath.d2fc505f.tlog\link.read.1.tlog
e:\visual_studio_2013_workingspace\first hierarchy dll\cudamathematicsfoundationarithmetic\cudamathematicsfoundationarithmetic\x64\debug\cudamath.d2fc505f.tlog\link.write.1.tlog
