e:\visual_studio_2013_workingspace\second hierarchy dll\cudabasebandreceiverlogarithmicamplifier\cudabasebandreceiverlogarithmicamplifier\x64\debug\cudabasebandreceiverlogarithmicamplifier.pch
e:\visual_studio_2013_workingspace\second hierarchy dll\cudabasebandreceiverlogarithmicamplifier\cudabasebandreceiverlogarithmicamplifier\x64\debug\vc120.pdb
e:\visual_studio_2013_workingspace\second hierarchy dll\cudabasebandreceiverlogarithmicamplifier\cudabasebandreceiverlogarithmicamplifier\x64\debug\vc120.idb
e:\visual_studio_2013_workingspace\second hierarchy dll\cudabasebandreceiverlogarithmicamplifier\cudabasebandreceiverlogarithmicamplifier\x64\debug\stdafx.obj
e:\visual_studio_2013_workingspace\second hierarchy dll\cudabasebandreceiverlogarithmicamplifier\cudabasebandreceiverlogarithmicamplifier\x64\debug\cudabasebandreceiverlogarithmicamplifier.obj
e:\visual_studio_2013_workingspace\second hierarchy dll\cudabasebandreceiverlogarithmicamplifier\cudabasebandreceiverlogarithmicamplifier\x64\debug\dllmain.obj
e:\visual_studio_2013_workingspace\second hierarchy dll\cudabasebandreceiverlogarithmicamplifier\x64\debug\cudabasebandreceiverlogarithmicamplifier.lib
e:\visual_studio_2013_workingspace\second hierarchy dll\cudabasebandreceiverlogarithmicamplifier\x64\debug\cudabasebandreceiverlogarithmicamplifier.exp
e:\visual_studio_2013_workingspace\second hierarchy dll\cudabasebandreceiverlogarithmicamplifier\x64\debug\cudabasebandreceiverlogarithmicamplifier.ilk
e:\visual_studio_2013_workingspace\second hierarchy dll\cudabasebandreceiverlogarithmicamplifier\x64\debug\cudabasebandreceiverlogarithmicamplifier.dll
e:\visual_studio_2013_workingspace\second hierarchy dll\cudabasebandreceiverlogarithmicamplifier\x64\debug\cudabasebandreceiverlogarithmicamplifier.pdb
e:\visual_studio_2013_workingspace\second hierarchy dll\cudabasebandreceiverlogarithmicamplifier\cudabasebandreceiverlogarithmicamplifier\x64\debug\cudabasebandreceiverlogarithmicamplifieralgorithm.cu.cache
e:\visual_studio_2013_workingspace\second hierarchy dll\cudabasebandreceiverlogarithmicamplifier\cudabasebandreceiverlogarithmicamplifier\x64\debug\cudabasebandreceiverlogarithmicamplifieralgorithmcore.cuh.cache
e:\visual_studio_2013_workingspace\second hierarchy dll\cudabasebandreceiverlogarithmicamplifier\cudabasebandreceiverlogarithmicamplifier\x64\debug\cudabasebandreceiverlogarithmicamplifieralgorithm.cu.obj
e:\visual_studio_2013_workingspace\second hierarchy dll\cudabasebandreceiverlogarithmicamplifier\cudabasebandreceiverlogarithmicamplifier\x64\debug\cudabasebandreceiverlogarithmicamplifieralgorithmcore.cuh.obj
e:\visual_studio_2013_workingspace\second hierarchy dll\cudabasebandreceiverlogarithmicamplifier\cudabasebandreceiverlogarithmicamplifier\x64\debug\cudabase.8989f1ce.tlog\cl.command.1.tlog
e:\visual_studio_2013_workingspace\second hierarchy dll\cudabasebandreceiverlogarithmicamplifier\cudabasebandreceiverlogarithmicamplifier\x64\debug\cudabase.8989f1ce.tlog\cl.read.1.tlog
e:\visual_studio_2013_workingspace\second hierarchy dll\cudabasebandreceiverlogarithmicamplifier\cudabasebandreceiverlogarithmicamplifier\x64\debug\cudabase.8989f1ce.tlog\cl.write.1.tlog
e:\visual_studio_2013_workingspace\second hierarchy dll\cudabasebandreceiverlogarithmicamplifier\cudabasebandreceiverlogarithmicamplifier\x64\debug\cudabase.8989f1ce.tlog\cudabasebandreceiverlogarithmicamplifier.write.1u.tlog
e:\visual_studio_2013_workingspace\second hierarchy dll\cudabasebandreceiverlogarithmicamplifier\cudabasebandreceiverlogarithmicamplifier\x64\debug\cudabase.8989f1ce.tlog\link.command.1.tlog
e:\visual_studio_2013_workingspace\second hierarchy dll\cudabasebandreceiverlogarithmicamplifier\cudabasebandreceiverlogarithmicamplifier\x64\debug\cudabase.8989f1ce.tlog\link.read.1.tlog
e:\visual_studio_2013_workingspace\second hierarchy dll\cudabasebandreceiverlogarithmicamplifier\cudabasebandreceiverlogarithmicamplifier\x64\debug\cudabase.8989f1ce.tlog\link.write.1.tlog
