e:\visual_studio_2013_workingspace\second hierarchy dll\cudasegmentedconvolution\cudasegmentedconvolution\x64\debug\cudasegmentedconvolution.pch
e:\visual_studio_2013_workingspace\second hierarchy dll\cudasegmentedconvolution\cudasegmentedconvolution\x64\debug\vc120.pdb
e:\visual_studio_2013_workingspace\second hierarchy dll\cudasegmentedconvolution\cudasegmentedconvolution\x64\debug\vc120.idb
e:\visual_studio_2013_workingspace\second hierarchy dll\cudasegmentedconvolution\cudasegmentedconvolution\x64\debug\stdafx.obj
e:\visual_studio_2013_workingspace\second hierarchy dll\cudasegmentedconvolution\cudasegmentedconvolution\x64\debug\cudasegmentedconvolution.obj
e:\visual_studio_2013_workingspace\second hierarchy dll\cudasegmentedconvolution\cudasegmentedconvolution\x64\debug\dllmain.obj
e:\visual_studio_2013_workingspace\second hierarchy dll\cudasegmentedconvolution\x64\debug\cudasegmentedconvolution.lib
e:\visual_studio_2013_workingspace\second hierarchy dll\cudasegmentedconvolution\x64\debug\cudasegmentedconvolution.exp
e:\visual_studio_2013_workingspace\second hierarchy dll\cudasegmentedconvolution\x64\debug\cudasegmentedconvolution.ilk
e:\visual_studio_2013_workingspace\second hierarchy dll\cudasegmentedconvolution\x64\debug\cudasegmentedconvolution.dll
e:\visual_studio_2013_workingspace\second hierarchy dll\cudasegmentedconvolution\x64\debug\cudasegmentedconvolution.pdb
e:\visual_studio_2013_workingspace\second hierarchy dll\cudasegmentedconvolution\cudasegmentedconvolution\x64\debug\cudasegmentedconvolutionalgorithmcore.cu.cache
e:\visual_studio_2013_workingspace\second hierarchy dll\cudasegmentedconvolution\cudasegmentedconvolution\x64\debug\cudasegmentedconvolutionalgorithmcore.cu.obj
e:\visual_studio_2013_workingspace\second hierarchy dll\cudasegmentedconvolution\cudasegmentedconvolution\x64\debug\cudasegm.fb268092.tlog\cl.command.1.tlog
e:\visual_studio_2013_workingspace\second hierarchy dll\cudasegmentedconvolution\cudasegmentedconvolution\x64\debug\cudasegm.fb268092.tlog\cl.read.1.tlog
e:\visual_studio_2013_workingspace\second hierarchy dll\cudasegmentedconvolution\cudasegmentedconvolution\x64\debug\cudasegm.fb268092.tlog\cl.write.1.tlog
e:\visual_studio_2013_workingspace\second hierarchy dll\cudasegmentedconvolution\cudasegmentedconvolution\x64\debug\cudasegm.fb268092.tlog\cudasegmentedconvolution.write.1u.tlog
e:\visual_studio_2013_workingspace\second hierarchy dll\cudasegmentedconvolution\cudasegmentedconvolution\x64\debug\cudasegm.fb268092.tlog\link.command.1.tlog
e:\visual_studio_2013_workingspace\second hierarchy dll\cudasegmentedconvolution\cudasegmentedconvolution\x64\debug\cudasegm.fb268092.tlog\link.read.1.tlog
e:\visual_studio_2013_workingspace\second hierarchy dll\cudasegmentedconvolution\cudasegmentedconvolution\x64\debug\cudasegm.fb268092.tlog\link.write.1.tlog
